                14cen.lli.out                                       2006/11/28

 EXTRA OUTPUT FILE.  REQUIRED AS INPUT FILE FOR CASC




  Saga (N) 6407/2-3                       

 WELL #  1 WITH  47 EVENTS

  i    X(i)    EXPECTED  ERROR BAR
                           INPUT

  1   0.00000   0.51336   0.41026
  2   1.00000   1.12453   0.37671
  3   2.00000   1.73333   0.34485
  4   3.00000   2.33975   0.31476
  5   4.00000   2.94380   0.28650
  6   5.00000   3.54547   0.26020
  7   6.00000   4.14477   0.23597
  8   7.00000   4.74170   0.21397
  9   8.00000   5.33626   0.19437
 10   9.00000   5.92844   0.17737
 11  10.00000   6.51824   0.16315
 12  11.00000   7.10567   0.15186
 13  12.00000   7.69073   0.14357
 14  13.00000   8.27341   0.13819
 15  14.00000   8.85373   0.13549
 16  15.00000   9.43166   0.13509
 17  16.00000  10.00722   0.13651
 18  17.00000  10.58041   0.13923
 19  18.00000  11.15123   0.14279
 20  19.00000  11.71967   0.14678
 21  20.00000  12.28574   0.15086
 22  21.00000  12.84943   0.15476
 23  22.00000  13.41075   0.15827
 24  23.00000  13.96969   0.16124
 25  24.00000  14.52627   0.16355
 26  25.00000  15.08046   0.16512
 27  26.00000  15.63229   0.16590
 28  27.00000  16.18174   0.16585
 29  28.00000  16.72881   0.16497
 30  29.00000  17.27352   0.16327
 31  30.00000  17.81585   0.16078
 32  31.00000  18.35580   0.15756
 33  32.00000  18.89338   0.15370
 34  33.00000  19.42859   0.14934
 35  34.00000  19.96142   0.14464
 36  35.00000  20.49188   0.13985
 37  36.00000  21.01996   0.13526
 38  37.00000  21.54568   0.13128
 39  38.00000  22.06901   0.12838
 40  39.00000  22.58998   0.12712
 41  40.00000  23.10857   0.12805
 42  41.00000  23.62478   0.13166
 43  42.00000  24.13863   0.13830
 44  43.00000  24.65009   0.14812
 45  44.00000  25.15919   0.16108
 46  45.00000  25.66591   0.17701
 47  46.00000  26.17026   0.19571
 48  47.00000  26.67223   0.21692
 49  48.00000  27.17183   0.24045
 50  49.00000  27.66905   0.26612
 51  50.00000  28.16390   0.29377
 52  51.00000  28.65638   0.32329
 53  52.00000  29.14648   0.35459
 54  53.00000  29.63421   0.38759
 55  54.00000  30.11957   0.42223



  Statoil (N) 6407/4-1                    

 WELL #  2 WITH  47 EVENTS

  i    X(i)    EXPECTED  ERROR BAR
                           INPUT

  1   0.00000  -0.58443   0.45017
  2   1.00000   0.09502   0.41477
  3   2.00000   0.77170   0.38104
  4   3.00000   1.44560   0.34903
  5   4.00000   2.11672   0.31882
  6   5.00000   2.78507   0.29047
  7   6.00000   3.45064   0.26409
  8   7.00000   4.11344   0.23980
  9   8.00000   4.77346   0.21773
 10   9.00000   5.43071   0.19804
 11  10.00000   6.08518   0.18091
 12  11.00000   6.73687   0.16649
 13  12.00000   7.38579   0.15492
 14  13.00000   8.03193   0.14623
 15  14.00000   8.67529   0.14035
 16  15.00000   9.31589   0.13705
 17  16.00000   9.95370   0.13598
 18  17.00000  10.58874   0.13667
 19  18.00000  11.22100   0.13866
 20  19.00000  11.85049   0.14148
 21  20.00000  12.47720   0.14473
 22  21.00000  13.10113   0.14809
 23  22.00000  13.72229   0.15127
 24  23.00000  14.34068   0.15408
 25  24.00000  14.95628   0.15636
 26  25.00000  15.56911   0.15799
 27  26.00000  16.17917   0.15890
 28  27.00000  16.78645   0.15902
 29  28.00000  17.39095   0.15834
 30  29.00000  17.99268   0.15686
 31  30.00000  18.59163   0.15460
 32  31.00000  19.18781   0.15162
 33  32.00000  19.78121   0.14800
 34  33.00000  20.37184   0.14387
 35  34.00000  20.95968   0.13941
 36  35.00000  21.54476   0.13485
 37  36.00000  22.12705   0.13052
 38  37.00000  22.70658   0.12682
 39  38.00000  23.28332   0.12424
 40  39.00000  23.85729   0.12336
 41  40.00000  24.42848   0.12473
 42  41.00000  24.99690   0.12885
 43  42.00000  25.56254   0.13604
 44  43.00000  26.12541   0.14642
 45  44.00000  26.68550   0.15993
 46  45.00000  27.24282   0.17639
 47  46.00000  27.79735   0.19557
 48  47.00000  28.34912   0.21726
 49  48.00000  28.89810   0.24123
 50  49.00000  29.44431   0.26733
 51  50.00000  29.98775   0.29541
 52  51.00000  30.52841   0.32536
 53  52.00000  31.06629   0.35710
 54  53.00000  31.60140   0.39055
 55  54.00000  32.13373   0.42565



  Elf Aquitaine (N) 6406/8-1              

 WELL #  3 WITH  41 EVENTS

  i    X(i)    EXPECTED  ERROR BAR
                           INPUT

  1   0.00000  -0.64824   0.45877
  2   1.00000  -0.14814   0.42206
  3   2.00000   0.35260   0.38705
  4   3.00000   0.85398   0.35379
  5   4.00000   1.35601   0.32234
  6   5.00000   1.85868   0.29279
  7   6.00000   2.36200   0.26523
  8   7.00000   2.86596   0.23979
  9   8.00000   3.37056   0.21662
 10   9.00000   3.87581   0.19591
 11  10.00000   4.38170   0.17786
 12  11.00000   4.88823   0.16269
 13  12.00000   5.39541   0.15056
 14  13.00000   5.90323   0.14158
 15  14.00000   6.41170   0.13570
 16  15.00000   6.92081   0.13268
 17  16.00000   7.43057   0.13214
 18  17.00000   7.94097   0.13355
 19  18.00000   8.45201   0.13637
 20  19.00000   8.96369   0.14009
 21  20.00000   9.47602   0.14426
 22  21.00000   9.98900   0.14852
 23  22.00000  10.50261   0.15259
 24  23.00000  11.01688   0.15627
 25  24.00000  11.53178   0.15939
 26  25.00000  12.04733   0.16185
 27  26.00000  12.56353   0.16358
 28  27.00000  13.08036   0.16452
 29  28.00000  13.59784   0.16468
 30  29.00000  14.11597   0.16407
 31  30.00000  14.63474   0.16272
 32  31.00000  15.15415   0.16072
 33  32.00000  15.67421   0.15815
 34  33.00000  16.19491   0.15517
 35  34.00000  16.71625   0.15198
 36  35.00000  17.23824   0.14882
 37  36.00000  17.76087   0.14600
 38  37.00000  18.28415   0.14391
 39  38.00000  18.80807   0.14298
 40  39.00000  19.33263   0.14368
 41  40.00000  19.85784   0.14647
 42  41.00000  20.38369   0.15174
 43  42.00000  20.91018   0.15977
 44  43.00000  21.43732   0.17067
 45  44.00000  21.96511   0.18447
 46  45.00000  22.49354   0.20107
 47  46.00000  23.02261   0.22032
 48  47.00000  23.55232   0.24206
 49  48.00000  24.08268   0.26614
 50  49.00000  24.61368   0.29240
 51  50.00000  25.14533   0.32073
 52  51.00000  25.67762   0.35102
 53  52.00000  26.21055   0.38317
 54  53.00000  26.74413   0.41713
 55  54.00000  27.27835   0.45284



  Hydro (N) 34/8-1                        

 WELL #  4 WITH  47 EVENTS

  i    X(i)    EXPECTED  ERROR BAR
                           INPUT

  1   0.00000   0.87850   0.37724
  2   1.00000   1.29752   0.34715
  3   2.00000   1.72394   0.31871
  4   3.00000   2.15777   0.29198
  5   4.00000   2.59900   0.26706
  6   5.00000   3.04764   0.24406
  7   6.00000   3.50368   0.22311
  8   7.00000   3.96712   0.20434
  9   8.00000   4.43797   0.18792
 10   9.00000   4.91623   0.17398
 11  10.00000   5.40189   0.16264
 12  11.00000   5.89495   0.15395
 13  12.00000   6.39542   0.14786
 14  13.00000   6.90329   0.14420
 15  14.00000   7.41856   0.14270
 16  15.00000   7.94125   0.14299
 17  16.00000   8.47133   0.14465
 18  17.00000   9.00882   0.14729
 19  18.00000   9.55371   0.15053
 20  19.00000  10.10601   0.15404
 21  20.00000  10.66571   0.15757
 22  21.00000  11.23282   0.16090
 23  22.00000  11.80733   0.16386
 24  23.00000  12.38925   0.16632
 25  24.00000  12.97857   0.16817
 26  25.00000  13.57529   0.16935
 27  26.00000  14.17942   0.16980
 28  27.00000  14.79096   0.16949
 29  28.00000  15.40989   0.16840
 30  29.00000  16.03624   0.16653
 31  30.00000  16.66998   0.16391
 32  31.00000  17.31113   0.16056
 33  32.00000  17.95969   0.15656
 34  33.00000  18.61565   0.15198
 35  34.00000  19.27901   0.14695
 36  35.00000  19.94978   0.14163
 37  36.00000  20.62796   0.13626
 38  37.00000  21.31353   0.13113
 39  38.00000  22.00652   0.12661
 40  39.00000  22.70690   0.12317
 41  40.00000  23.41469   0.12136
 42  41.00000  24.12989   0.12172
 43  42.00000  24.85249   0.12474
 44  43.00000  25.58249   0.13075
 45  44.00000  26.31990   0.13989
 46  45.00000  27.06471   0.15209
 47  46.00000  27.81693   0.16718
 48  47.00000  28.57655   0.18491
 49  48.00000  29.34358   0.20503
 50  49.00000  30.11801   0.22735
 51  50.00000  30.89985   0.25166
 52  51.00000  31.68908   0.27782
 53  52.00000  32.48573   0.30572
 54  53.00000  33.28978   0.33525
 55  54.00000  34.10123   0.36636



  Esso (N) 16/1-1                         

 WELL #  5 WITH  35 EVENTS

  i    X(i)    EXPECTED  ERROR BAR
                           INPUT

  1   0.00000   0.58467   0.45721
  2   1.00000   0.92433   0.41669
  3   2.00000   1.26887   0.37842
  4   3.00000   1.61828   0.34249
  5   4.00000   1.97256   0.30905
  6   5.00000   2.33171   0.27825
  7   6.00000   2.69574   0.25033
  8   7.00000   3.06464   0.22552
  9   8.00000   3.43841   0.20411
 10   9.00000   3.81705   0.18641
 11  10.00000   4.20057   0.17264
 12  11.00000   4.58895   0.16291
 13  12.00000   4.98221   0.15711
 14  13.00000   5.38035   0.15486
 15  14.00000   5.78335   0.15557
 16  15.00000   6.19123   0.15850
 17  16.00000   6.60398   0.16294
 18  17.00000   7.02160   0.16825
 19  18.00000   7.44410   0.17387
 20  19.00000   7.87147   0.17938
 21  20.00000   8.30371   0.18448
 22  21.00000   8.74082   0.18890
 23  22.00000   9.18280   0.19249
 24  23.00000   9.62966   0.19511
 25  24.00000  10.08139   0.19668
 26  25.00000  10.53799   0.19716
 27  26.00000  10.99947   0.19652
 28  27.00000  11.46581   0.19478
 29  28.00000  11.93703   0.19197
 30  29.00000  12.41312   0.18818
 31  30.00000  12.89409   0.18352
 32  31.00000  13.37992   0.17814
 33  32.00000  13.87063   0.17229
 34  33.00000  14.36621   0.16627
 35  34.00000  14.86667   0.16050
 36  35.00000  15.37199   0.15552
 37  36.00000  15.88219   0.15198
 38  37.00000  16.39726   0.15065
 39  38.00000  16.91721   0.15228
 40  39.00000  17.44202   0.15752
 41  40.00000  17.97171   0.16679
 42  41.00000  18.50627   0.18022
 43  42.00000  19.04570   0.19769
 44  43.00000  19.59001   0.21893
 45  44.00000  20.13919   0.24363
 46  45.00000  20.69324   0.27148
 47  46.00000  21.25216   0.30222
 48  47.00000  21.81595   0.33561
 49  48.00000  22.38462   0.37149
 50  49.00000  22.95816   0.40971
 51  50.00000  23.53657   0.45017
 52  51.00000  24.11986   0.49277
 53  52.00000  24.70802   0.53746
 54  53.00000  25.30104   0.58417
 55  54.00000  25.89895   0.63286



  Saga (N) 34/4-5                         

 WELL #  6 WITH  37 EVENTS

  i    X(i)    EXPECTED  ERROR BAR
                           INPUT

  1   0.00000  -0.00956   0.36815
  2   1.00000   0.72805   0.33457
  3   2.00000   1.45580   0.30291
  4   3.00000   2.17370   0.27329
  5   4.00000   2.88175   0.24587
  6   5.00000   3.57996   0.22086
  7   6.00000   4.26831   0.19851
  8   7.00000   4.94681   0.17912
  9   8.00000   5.61546   0.16304
 10   9.00000   6.27426   0.15058
 11  10.00000   6.92321   0.14193
 12  11.00000   7.56232   0.13711
 13  12.00000   8.19157   0.13582
 14  13.00000   8.81097   0.13752
 15  14.00000   9.42052   0.14153
 16  15.00000  10.02022   0.14715
 17  16.00000  10.61007   0.15374
 18  17.00000  11.19007   0.16079
 19  18.00000  11.76022   0.16791
 20  19.00000  12.32052   0.17477
 21  20.00000  12.87097   0.18117
 22  21.00000  13.41157   0.18693
 23  22.00000  13.94232   0.19194
 24  23.00000  14.46321   0.19611
 25  24.00000  14.97426   0.19938
 26  25.00000  15.47546   0.20173
 27  26.00000  15.96681   0.20313
 28  27.00000  16.44831   0.20358
 29  28.00000  16.91996   0.20311
 30  29.00000  17.38175   0.20175
 31  30.00000  17.83370   0.19954
 32  31.00000  18.27580   0.19658
 33  32.00000  18.70805   0.19295
 34  33.00000  19.13044   0.18879
 35  34.00000  19.54299   0.18427
 36  35.00000  19.94569   0.17961
 37  36.00000  20.33853   0.17510
 38  37.00000  20.72153   0.17106
 39  38.00000  21.09468   0.16791
 40  39.00000  21.45797   0.16610
 41  40.00000  21.81142   0.16614
 42  41.00000  22.15501   0.16850
 43  42.00000  22.48876   0.17357
 44  43.00000  22.81265   0.18165
 45  44.00000  23.12670   0.19286
 46  45.00000  23.43089   0.20721
 47  46.00000  23.72524   0.22457
 48  47.00000  24.00973   0.24480
 49  48.00000  24.28438   0.26768
 50  49.00000  24.54917   0.29305
 51  50.00000  24.80411   0.32073
 52  51.00000  25.04921   0.35057
 53  52.00000  25.28445   0.38245
 54  53.00000  25.50984   0.41627
 55  54.00000  25.72539   0.45194



  Hydro (N) 6407/7-1                      

 WELL #  7 WITH  30 EVENTS

  i    X(i)    EXPECTED  ERROR BAR
                           INPUT

  1   0.00000  -2.31537   1.88992
  2   1.00000  -2.15203   1.77862
  3   2.00000  -1.97733   1.67061
  4   3.00000  -1.79128   1.56590
  5   4.00000  -1.59387   1.46449
  6   5.00000  -1.38510   1.36640
  7   6.00000  -1.16498   1.27164
  8   7.00000  -0.93351   1.18022
  9   8.00000  -0.69067   1.09216
 10   9.00000  -0.43648   1.00747
 11  10.00000  -0.17094   0.92619
 12  11.00000   0.10596   0.84835
 13  12.00000   0.39422   0.77398
 14  13.00000   0.69383   0.70313
 15  14.00000   1.00480   0.63586
 16  15.00000   1.32713   0.57225
 17  16.00000   1.66081   0.51241
 18  17.00000   2.00584   0.45646
 19  18.00000   2.36224   0.40459
 20  19.00000   2.72999   0.35701
 21  20.00000   3.10909   0.31404
 22  21.00000   3.49955   0.27603
 23  22.00000   3.90137   0.24346
 24  23.00000   4.31454   0.21679
 25  24.00000   4.73907   0.19642
 26  25.00000   5.17496   0.18247
 27  26.00000   5.62220   0.17459
 28  27.00000   6.08080   0.17187
 29  28.00000   6.55075   0.17300
 30  29.00000   7.03206   0.17657
 31  30.00000   7.52472   0.18130
 32  31.00000   8.02874   0.18618
 33  32.00000   8.54412   0.19044
 34  33.00000   9.07085   0.19356
 35  34.00000   9.60894   0.19518
 36  35.00000  10.15839   0.19508
 37  36.00000  10.71919   0.19319
 38  37.00000  11.29135   0.18951
 39  38.00000  11.87486   0.18421
 40  39.00000  12.46973   0.17757
 41  40.00000  13.07595   0.17007
 42  41.00000  13.69353   0.16247
 43  42.00000  14.32247   0.15585
 44  43.00000  14.96276   0.15170
 45  44.00000  15.61441   0.15177
 46  45.00000  16.27742   0.15777
 47  46.00000  16.95178   0.17081
 48  47.00000  17.63750   0.19118
 49  48.00000  18.33457   0.21847
 50  49.00000  19.04300   0.25201
 51  50.00000  19.76278   0.29108
 52  51.00000  20.49392   0.33512
 53  52.00000  21.23642   0.38367
 54  53.00000  21.99027   0.43643
 55  54.00000  22.75548   0.49316



  6407/7A-1                               

 WELL #  8 WITH  10 EVENTS

  i    X(i)    EXPECTED  ERROR BAR
                           INPUT

  1   0.00000   2.01818   0.71985
  2   1.00000   1.95758   0.42283
  3   2.00000   2.01818   0.28868
  4   3.00000   2.20000   0.30896
  5   4.00000   2.50303   0.35248
  6   5.00000   2.92727   0.35248
  7   6.00000   3.47273   0.30896
  8   7.00000   4.13939   0.28868
  9   8.00000   4.92727   0.42283
 10   9.00000   5.83636   0.71985
 11  10.00000   6.86667   1.13284
 12  11.00000   8.01818   1.64363
 13  12.00000   9.29091   2.24621
 14  13.00000  10.68485   2.93825
 15  14.00000  12.20000   3.71871
 16  15.00000  13.83636   4.58704
 17  16.00000  15.59394   5.54295
 18  17.00000  17.47273   6.58626
 19  18.00000  19.47273   7.71686
 20  19.00000  21.59394   8.93470
 21  20.00000  23.83636  10.23970
 22  21.00000  26.20000  11.63185
 23  22.00000  28.68485  13.11112
 24  23.00000  31.29091  14.67749
 25  24.00000  34.01818  16.33095
 26  25.00000  36.86666  18.07149
 27  26.00000  39.83636  19.89910
 28  27.00000  42.92727  21.81378
 29  28.00000  46.13939  23.81552
 30  29.00000  49.47273  25.90431
 31  30.00000  52.92727  28.08016
 32  31.00000  56.50303  30.34306
 33  32.00000  60.20000  32.69302
 34  33.00000  64.01818  35.13002
 35  34.00000  67.95757  37.65407
 36  35.00000  72.01818  40.26516
 37  36.00000  76.20000  42.96330
 38  37.00000  80.50303  45.74849
 39  38.00000  84.92727  48.62072
 40  39.00000  89.47272  51.57999
 41  40.00000  94.13940  54.62630
 42  41.00000  98.92727  57.75966
 43  42.00000 103.83636  60.98006
 44  43.00000 108.86667  64.28751
 45  44.00000 114.01818  67.68199
 46  45.00000 119.29091  71.16351
 47  46.00000 124.68484  74.73208
 48  47.00000 130.20000  78.38768
 49  48.00000 135.83636  82.13033
 50  49.00000 141.59393  85.96001
 51  50.00000 147.47273  89.87674
 52  51.00000 153.47273  93.88051
 53  52.00000 159.59393  97.97131
 54  53.00000 165.83636 102.14916
 55  54.00000 172.20000 106.41405



  BP (UK) 15/20-2                         

 WELL #  9 WITH  24 EVENTS

  i    X(i)    EXPECTED  ERROR BAR
                           INPUT

  1   0.00000   1.36672   0.57738
  2   1.00000   1.55823   0.52912
  3   2.00000   1.75515   0.48347
  4   3.00000   1.95749   0.44054
  5   4.00000   2.16524   0.40046
  6   5.00000   2.37840   0.36342
  7   6.00000   2.59698   0.32963
  8   7.00000   2.82097   0.29932
  9   8.00000   3.05037   0.27276
 10   9.00000   3.28519   0.25023
 11  10.00000   3.52542   0.23197
 12  11.00000   3.77106   0.21809
 13  12.00000   4.02212   0.20855
 14  13.00000   4.27859   0.20306
 15  14.00000   4.54047   0.20113
 16  15.00000   4.80777   0.20208
 17  16.00000   5.08048   0.20518
 18  17.00000   5.35860   0.20971
 19  18.00000   5.64213   0.21503
 20  19.00000   5.93108   0.22061
 21  20.00000   6.22544   0.22601
 22  21.00000   6.52522   0.23090
 23  22.00000   6.83041   0.23502
 24  23.00000   7.14101   0.23817
 25  24.00000   7.45702   0.24022
 26  25.00000   7.77845   0.24107
 27  26.00000   8.10529   0.24065
 28  27.00000   8.43754   0.23893
 29  28.00000   8.77521   0.23591
 30  29.00000   9.11829   0.23163
 31  30.00000   9.46678   0.22616
 32  31.00000   9.82069   0.21961
 33  32.00000  10.18001   0.21215
 34  33.00000  10.54474   0.20402
 35  34.00000  10.91489   0.19555
 36  35.00000  11.29045   0.18721
 37  36.00000  11.67142   0.17962
 38  37.00000  12.05781   0.17355
 39  38.00000  12.44961   0.16996
 40  39.00000  12.84682   0.16985
 41  40.00000  13.24945   0.17413
 42  41.00000  13.65749   0.18344
 43  42.00000  14.07094   0.19796
 44  43.00000  14.48980   0.21757
 45  44.00000  14.91408   0.24187
 46  45.00000  15.34377   0.27042
 47  46.00000  15.77888   0.30278
 48  47.00000  16.21939   0.33858
 49  48.00000  16.66533   0.37752
 50  49.00000  17.11667   0.41937
 51  50.00000  17.57343   0.46396
 52  51.00000  18.03560   0.51114
 53  52.00000  18.50318   0.56081
 54  53.00000  18.97618   0.61288
 55  54.00000  19.45459   0.66730



  Saga (N) 2/2-4                          

 WELL # 10 WITH  40 EVENTS

  i    X(i)    EXPECTED  ERROR BAR
                           INPUT

  1   0.00000   1.72154   0.41753
  2   1.00000   2.29740   0.38228
  3   2.00000   2.87605   0.34888
  4   3.00000   3.45752   0.31740
  5   4.00000   4.04179   0.28793
  6   5.00000   4.62887   0.26056
  7   6.00000   5.21876   0.23542
  8   7.00000   5.81145   0.21267
  9   8.00000   6.40695   0.19249
 10   9.00000   7.00525   0.17505
 11  10.00000   7.60637   0.16055
 12  11.00000   8.21029   0.14911
 13  12.00000   8.81701   0.14076
 14  13.00000   9.42655   0.13539
 15  14.00000  10.03889   0.13269
 16  15.00000  10.65404   0.13224
 17  16.00000  11.27199   0.13350
 18  17.00000  11.89275   0.13595
 19  18.00000  12.51632   0.13909
 20  19.00000  13.14269   0.14254
 21  20.00000  13.77187   0.14594
 22  21.00000  14.40386   0.14906
 23  22.00000  15.03866   0.15171
 24  23.00000  15.67626   0.15376
 25  24.00000  16.31667   0.15513
 26  25.00000  16.95988   0.15577
 27  26.00000  17.60591   0.15567
 28  27.00000  18.25474   0.15486
 29  28.00000  18.90637   0.15341
 30  29.00000  19.56082   0.15141
 31  30.00000  20.21807   0.14902
 32  31.00000  20.87812   0.14643
 33  32.00000  21.54099   0.14392
 34  33.00000  22.20666   0.14181
 35  34.00000  22.87513   0.14050
 36  35.00000  23.54642   0.14045
 37  36.00000  24.22051   0.14214
 38  37.00000  24.89741   0.14601
 39  38.00000  25.57711   0.15243
 40  39.00000  26.25962   0.16166
 41  40.00000  26.94494   0.17379
 42  41.00000  27.63307   0.18880
 43  42.00000  28.32400   0.20661
 44  43.00000  29.01774   0.22706
 45  44.00000  29.71428   0.25000
 46  45.00000  30.41364   0.27528
 47  46.00000  31.11580   0.30278
 48  47.00000  31.82076   0.33238
 49  48.00000  32.52853   0.36398
 50  49.00000  33.23911   0.39750
 51  50.00000  33.95250   0.43289
 52  51.00000  34.66869   0.47008
 53  52.00000  35.38770   0.50904
 54  53.00000  36.10950   0.54973
 55  54.00000  36.83411   0.59212



  Shell (UK) 22/6-1                       

 WELL # 11 WITH  29 EVENTS

  i    X(i)    EXPECTED  ERROR BAR
                           INPUT

  1   0.00000   1.76092   0.43734
  2   1.00000   2.29726   0.40074
  3   2.00000   2.83156   0.36611
  4   3.00000   3.36384   0.33355
  5   4.00000   3.89407   0.30316
  6   5.00000   4.42228   0.27507
  7   6.00000   4.94844   0.24947
  8   7.00000   5.47258   0.22652
  9   8.00000   5.99468   0.20646
 10   9.00000   6.51475   0.18949
 11  10.00000   7.03278   0.17580
 12  11.00000   7.54878   0.16550
 13  12.00000   8.06274   0.15855
 14  13.00000   8.57467   0.15473
 15  14.00000   9.08457   0.15366
 16  15.00000   9.59243   0.15481
 17  16.00000  10.09826   0.15764
 18  17.00000  10.60205   0.16158
 19  18.00000  11.10381   0.16615
 20  19.00000  11.60354   0.17096
 21  20.00000  12.10123   0.17569
 22  21.00000  12.59688   0.18009
 23  22.00000  13.09051   0.18398
 24  23.00000  13.58210   0.18722
 25  24.00000  14.07165   0.18973
 26  25.00000  14.55917   0.19145
 27  26.00000  15.04466   0.19234
 28  27.00000  15.52811   0.19242
 29  28.00000  16.00953   0.19170
 30  29.00000  16.48891   0.19025
 31  30.00000  16.96626   0.18815
 32  31.00000  17.44158   0.18553
 33  32.00000  17.91486   0.18255
 34  33.00000  18.38611   0.17943
 35  34.00000  18.85532   0.17642
 36  35.00000  19.32250   0.17386
 37  36.00000  19.78765   0.17214
 38  37.00000  20.25076   0.17169
 39  38.00000  20.71183   0.17297
 40  39.00000  21.17088   0.17643
 41  40.00000  21.62789   0.18243
 42  41.00000  22.08286   0.19127
 43  42.00000  22.53580   0.20309
 44  43.00000  22.98671   0.21793
 45  44.00000  23.43558   0.23574
 46  45.00000  23.88242   0.25639
 47  46.00000  24.32722   0.27974
 48  47.00000  24.76999   0.30564
 49  48.00000  25.21073   0.33394
 50  49.00000  25.64943   0.36451
 51  50.00000  26.08610   0.39725
 52  51.00000  26.52073   0.43205
 53  52.00000  26.95333   0.46884
 54  53.00000  27.38389   0.50756
 55  54.00000  27.81243   0.54814



  Amoco (N) 2/8-1                         

 WELL # 12 WITH  19 EVENTS

  i    X(i)    EXPECTED  ERROR BAR
                           INPUT

  1   0.00000  -0.00236   0.56348
  2   1.00000   0.27111   0.51509
  3   2.00000   0.54577   0.46928
  4   3.00000   0.82162   0.42614
  5   4.00000   1.09865   0.38580
  6   5.00000   1.37686   0.34840
  7   6.00000   1.65626   0.31414
  8   7.00000   1.93685   0.28322
  9   8.00000   2.21862   0.25592
 10   9.00000   2.50157   0.23251
 11  10.00000   2.78571   0.21325
 12  11.00000   3.07104   0.19832
 13  12.00000   3.35755   0.18774
 14  13.00000   3.64524   0.18131
 15  14.00000   3.93412   0.17855
 16  15.00000   4.22419   0.17882
 17  16.00000   4.51544   0.18134
 18  17.00000   4.80787   0.18538
 19  18.00000   5.10149   0.19028
 20  19.00000   5.39630   0.19548
 21  20.00000   5.69229   0.20057
 22  21.00000   5.98946   0.20522
 23  22.00000   6.28782   0.20923
 24  23.00000   6.58737   0.21243
 25  24.00000   6.88810   0.21474
 26  25.00000   7.19002   0.21615
 27  26.00000   7.49312   0.21667
 28  27.00000   7.79740   0.21638
 29  28.00000   8.10287   0.21543
 30  29.00000   8.40953   0.21399
 31  30.00000   8.71737   0.21234
 32  31.00000   9.02639   0.21079
 33  32.00000   9.33660   0.20976
 34  33.00000   9.64800   0.20972
 35  34.00000   9.96058   0.21120
 36  35.00000  10.27435   0.21476
 37  36.00000  10.58930   0.22092
 38  37.00000  10.90543   0.23014
 39  38.00000  11.22275   0.24275
 40  39.00000  11.54126   0.25897
 41  40.00000  11.86095   0.27885
 42  41.00000  12.18182   0.30236
 43  42.00000  12.50389   0.32940
 44  43.00000  12.82713   0.35982
 45  44.00000  13.15156   0.39347
 46  45.00000  13.47718   0.43021
 47  46.00000  13.80398   0.46990
 48  47.00000  14.13196   0.51241
 49  48.00000  14.46113   0.55766
 50  49.00000  14.79149   0.60554
 51  50.00000  15.12303   0.65599
 52  51.00000  15.45576   0.70895
 53  52.00000  15.78967   0.76436
 54  53.00000  16.12477   0.82219
 55  54.00000  16.46105   0.88238



  Saga (N) 35/3-1                         

 WELL # 13 WITH  21 EVENTS

  i    X(i)    EXPECTED  ERROR BAR
                           INPUT

  1   0.00000   1.00086   0.51885
  2   1.00000   1.51272   0.46606
  3   2.00000   2.01638   0.41611
  4   3.00000   2.51184   0.36928
  5   4.00000   2.99910   0.32592
  6   5.00000   3.47817   0.28655
  7   6.00000   3.94904   0.25188
  8   7.00000   4.41171   0.22283
  9   8.00000   4.86618   0.20052
 10   9.00000   5.31246   0.18597
 11  10.00000   5.75054   0.17972
 12  11.00000   6.18042   0.18134
 13  12.00000   6.60210   0.18948
 14  13.00000   7.01559   0.20232
 15  14.00000   7.42088   0.21816
 16  15.00000   7.81797   0.23560
 17  16.00000   8.20686   0.25364
 18  17.00000   8.58755   0.27159
 19  18.00000   8.96005   0.28894
 20  19.00000   9.32435   0.30537
 21  20.00000   9.68046   0.32063
 22  21.00000  10.02836   0.33455
 23  22.00000  10.36807   0.34702
 24  23.00000  10.69958   0.35794
 25  24.00000  11.02289   0.36727
 26  25.00000  11.33801   0.37494
 27  26.00000  11.64492   0.38094
 28  27.00000  11.94364   0.38525
 29  28.00000  12.23417   0.38786
 30  29.00000  12.51649   0.38878
 31  30.00000  12.79062   0.38802
 32  31.00000  13.05655   0.38560
 33  32.00000  13.31428   0.38156
 34  33.00000  13.56381   0.37595
 35  34.00000  13.80515   0.36882
 36  35.00000  14.03829   0.36025
 37  36.00000  14.26323   0.35037
 38  37.00000  14.47997   0.33929
 39  38.00000  14.68852   0.32721
 40  39.00000  14.88887   0.31435
 41  40.00000  15.08102   0.30104
 42  41.00000  15.26497   0.28767
 43  42.00000  15.44073   0.27478
 44  43.00000  15.60829   0.26304
 45  44.00000  15.76765   0.25329
 46  45.00000  15.91881   0.24653
 47  46.00000  16.06178   0.24381
 48  47.00000  16.19655   0.24611
 49  48.00000  16.32312   0.25417
 50  49.00000  16.44149   0.26834
 51  50.00000  16.55166   0.28857
 52  51.00000  16.65364   0.31451
 53  52.00000  16.74742   0.34565
 54  53.00000  16.83301   0.38147
 55  54.00000  16.91039   0.42148



  Saga 6406/2-1                           

 WELL # 14 WITH  29 EVENTS

  i    X(i)    EXPECTED  ERROR BAR
                           INPUT

  1   0.00000   1.38954   0.56662
  2   1.00000   1.78954   0.51818
  3   2.00000   2.19152   0.47209
  4   3.00000   2.59545   0.42846
  5   4.00000   3.00136   0.38743
  6   5.00000   3.40923   0.34916
  7   6.00000   3.81907   0.31385
  8   7.00000   4.23087   0.28178
  9   8.00000   4.64464   0.25328
 10   9.00000   5.06037   0.22871
 11  10.00000   5.47807   0.20850
 12  11.00000   5.89773   0.19299
 13  12.00000   6.31937   0.18238
 14  13.00000   6.74296   0.17656
 15  14.00000   7.16853   0.17509
 16  15.00000   7.59605   0.17723
 17  16.00000   8.02555   0.18207
 18  17.00000   8.45701   0.18873
 19  18.00000   8.89044   0.19643
 20  19.00000   9.32583   0.20452
 21  20.00000   9.76319   0.21250
 22  21.00000  10.20251   0.22001
 23  22.00000  10.64380   0.22675
 24  23.00000  11.08706   0.23253
 25  24.00000  11.53228   0.23720
 26  25.00000  11.97946   0.24065
 27  26.00000  12.42862   0.24280
 28  27.00000  12.87974   0.24362
 29  28.00000  13.33282   0.24309
 30  29.00000  13.78787   0.24120
 31  30.00000  14.24489   0.23798
 32  31.00000  14.70387   0.23349
 33  32.00000  15.16482   0.22781
 34  33.00000  15.62773   0.22106
 35  34.00000  16.09261   0.21341
 36  35.00000  16.55946   0.20509
 37  36.00000  17.02827   0.19642
 38  37.00000  17.49905   0.18786
 39  38.00000  17.97179   0.17997
 40  39.00000  18.44650   0.17350
 41  40.00000  18.92318   0.16935
 42  41.00000  19.40182   0.16849
 43  42.00000  19.88243   0.17184
 44  43.00000  20.36500   0.18002
 45  44.00000  20.84954   0.19329
 46  45.00000  21.33604   0.21154
 47  46.00000  21.82451   0.23443
 48  47.00000  22.31495   0.26149
 49  48.00000  22.80735   0.29231
 50  49.00000  23.30172   0.32649
 51  50.00000  23.79805   0.36373
 52  51.00000  24.29635   0.40380
 53  52.00000  24.79662   0.44651
 54  53.00000  25.29885   0.49171
 55  54.00000  25.80305   0.53929


                                                       N      SD     LOWEST  AVERAGE HIGHEST

   1   77  Elphidium spp.                              9   0.87239    4.583   0.000  -2.550   1.682
   2  228  Cassidulina teretis                        12   0.73582    4.198   1.000  -0.167   1.682
   3    1  Neogloboquadrina pachyderma                10   0.98542    6.498   2.000   0.174   1.682
   4   31  Cibicidoides scaldisensis                   7   0.82068    4.110   3.000   0.131   1.682
   5  316  Trifarina fluens                            7   1.47732    9.420   4.000   0.199   1.682
   6  171  Buccella frigida                            6   1.75246    7.008   5.000  -1.578   1.682
   7  270  Cibicidoides grossa                         9   0.64936    6.116   6.000   0.978   1.682
   8    4  Globorotalia inflata                        8   0.70232    7.277   7.000   3.951   1.682
   9   23  Sigmoilopsis schlumbergeri                 12   1.24248    9.357   8.000   1.173   1.682
  10  269  Neogloboquadrina atlantica                 11   0.73831   11.269   9.000   2.852   1.682
  11   91  Diatoms/radiolarians LCO                    8   1.46342   15.705  10.000   9.224   1.682
  12   15  Globigerina praebulloides                  11   1.52416   18.960  11.000  10.099   1.682
  13  363  Hystrichosphaeropsis obscura                6   1.75483   16.785  12.000   8.139   1.682
  14  362  Cannosphaeropsis utinensis                  7   1.34443   18.431  13.000  10.466   1.682
  15  219  Martinotiella cylindrica                    8   1.42214   16.028  14.000   6.619   1.682
  16  236  G. ex.gr. praescitula zealandica            7   0.89652   17.220  15.000  10.558   1.682
  17   17  Asterigerina gurichi                        7   1.78915   24.466  16.000  11.751   1.682
  18   24  Turrilina alsatica                          8   2.23109   28.337  17.000  13.509   1.682
  19    3  Deflandrea phosphoritica                    7   0.98642   22.233  18.000  16.863   1.682
  20    7  Areoligera semicirculata                    9   2.19178   26.783  19.000  13.480   1.682
  21   41  Wetzelliella symmetrica                     7   2.08717   28.335  20.000  19.049   1.682
  22   25  Coarse agglutinated spp.                   11   1.74888   27.808  21.000  13.761   1.682
  23   97  Cyclammina placenta                        10   2.98064   29.250  22.000  12.054   1.682
  24  182  Spirosigmoilinella compressa                9   1.49072   27.455  23.000  17.604   1.682
  25  289  Adercotryma agterbergi                      8   0.85066   26.071  24.000  20.944   1.682
  26  198  Glomospirella biedae                        6   2.52002   30.655  25.000  19.603   1.682
  27  324  Aschemonella grandis                        6   1.90064   30.226  26.000  20.215   1.682
  28  261  Haplophragmoides walteri                   11   3.11212   38.541  27.000  20.190   1.682
  29  321  Dorothia seigliei                           9   2.82923   36.683  28.000  20.391   1.682
  30   29  Reticulophragmium amplectens               11   2.00181   41.028  29.000  24.444   1.682
  31   32  Ammosphaeroidina pseudopauciloculata        8   1.48714   34.432  30.000  25.758   1.682
  32   12  Areosphaeridium diktyoplokus                8   1.52441   34.262  31.000  25.907   1.682
  33  229  Recurvoides ex.gr. walteri                  6   2.09012   36.055  32.000  23.567   1.682
  34  263  Ammomarginulina aubertae                    7   2.97220   44.973  33.000  30.635   1.682
  35   72  Rottnestia borussica                        6   1.74865   35.712  34.000  26.530   1.682
  36   68  Spiroplectammina spectabilis LO            11   2.12382   40.196  35.000  28.688   1.682
  37   92  Diphyes ficusoides                          6   1.32219   37.538  36.000  30.227   1.682
  38  260  Haplophragmoides kirki                      9   2.29158   40.655  37.000  27.885   1.682
  39  175  Reticulophragmium intermedia                6   1.72900   41.619  38.000  34.593   1.682
  40   99  Eatonicysta ursulae                         9   1.51421   43.079  39.000  35.835   1.682
  41   54  Spiroplectammina navarroana                11   2.21781   47.688  40.000  33.958   1.682
  42  279  Recurvoidella lamella                       7   1.48161   41.862  41.000  35.681   1.682
  43   50  Subbotina patagonica                       11   0.77731   44.495  42.000  39.744   1.682
  44  108  Deflandrea oebisfeldensis                   9   1.09808   44.598  43.000  30.157   1.682
  45   22  Coscinodiscus spp.                          9   0.81115   45.622  44.000  34.369   1.682
  46   28  Apectodinium augustum                       9   0.72428   47.376  45.000  43.542   1.682
  47  105  Rzehakina minima                            6   2.25091   54.572  46.000  46.541   1.682
  48   76  Reticulophragmium paupera                  11   0.65961   56.120  47.000  46.459   1.682
  49  283  Reticulophragmium garcilassoi               6   1.37123   53.995  48.000  47.501   1.682
  50   57  Spiroplectammina spectabilis LCO           11   1.32674   52.409  49.000  39.083   1.682
  51  114  Alisocysta margarita                        6   1.07019   53.975  50.000  45.282   1.682
  52  310  Saccammina placenta                         8   1.12693   52.568  51.000  44.373   1.682
  53  129  Trochammina ruthven murrayi                 7   0.92065   55.718  52.000  46.511   1.682
  54  134  Hormosina excelsa                           6   2.01286   51.573  53.000  47.704   1.682
  55  118  Palaeoperidinium pyrophorum                 6   1.26505   62.653  54.000  51.271   1.682
        1 1



  Saga (N) 6407/2-3                       

 WELL #  1 WITH  47 EVENTS

  i    X(i)    EXPECTED  ERROR BAR
                           INPUT

  1   0.00000   0.08669   0.39824
  2   0.02359   0.14694   0.39519
  3   0.26922   0.77369   0.36430
  4   0.34510   0.96704   0.35508
  5   0.95383   2.51423   0.28677
  6   1.01133   2.65999   0.28086
  7   1.04450   2.74406   0.27749
  8   1.74861   4.52331   0.21403
  9   1.85315   4.78665   0.20598
 10   2.47957   6.36014   0.16596
 11   3.53145   8.98497   0.13198
 12   3.56467   9.06750   0.13154
 13   3.76714   9.57012   0.12951
 14   3.80178   9.65602   0.12927
 15   4.01244  10.17797   0.12840
 16   4.31576  10.92795   0.12856
 17   4.56372  11.53973   0.12953
 18   4.86088  12.27128   0.13119
 19   5.39157  13.57344   0.13422
 20   5.40775  13.61304   0.13430
 21   5.42230  13.64866   0.13437
 22   5.47010  13.76564   0.13458
 23   5.53347  13.92068   0.13485
 24   5.76373  14.48331   0.13558
 25   6.13802  15.39564   0.13588
 26   6.16464  15.46042   0.13585
 27   6.30931  15.81223   0.13560
 28   6.64943  16.63774   0.13425
 29   6.71848  16.80507   0.13385
 30   6.84883  17.12066   0.13299
 31   6.90895  17.26610   0.13254
 32   6.92450  17.30371   0.13242
 33   7.02879  17.55581   0.13158
 34   7.26164  18.11794   0.12942
 35   7.59501  18.92084   0.12591
 36   7.68220  19.13047   0.12496
 37   7.69663  19.16517   0.12480
 38   7.93218  19.73068   0.12227
 39   8.30139  20.61492   0.11900
 40   8.43649  20.93783   0.11820
 41   8.59663  21.32010   0.11768
 42   8.65262  21.45362   0.11762
 43   9.06025  22.42395   0.11979
 44   9.56153  23.61273   0.13043
 45  10.14195  24.98303   0.15578
 46  10.62233  26.11215   0.18712
 47  11.45584  28.06050   0.26074
 48  11.55289  28.28649   0.27072
 49  11.61550  28.43215   0.27730
 50  11.74333  28.72935   0.29109
 51  11.84219  28.95899   0.30206
 52  11.95775  29.22716   0.31524
 53  12.31980  30.06564   0.35881
 54  12.43658  30.33555   0.37360
 55  12.95864  31.53887   0.44389



  Statoil (N) 6407/4-1                    

 WELL #  2 WITH  47 EVENTS

  i    X(i)    EXPECTED  ERROR BAR
                           INPUT

  1   0.00000  -1.35516   0.44365
  2   0.02359  -1.28571   0.44041
  3   0.26922  -0.56389   0.40748
  4   0.34510  -0.34141   0.39761
  5   0.95383   1.43514   0.32393
  6   1.01133   1.60217   0.31749
  7   1.04450   1.69849   0.31381
  8   1.74861   3.73231   0.24317
  9   1.85315   4.03259   0.23395
 10   2.47957   5.82272   0.18613
 11   3.53145   8.79333   0.13715
 12   3.56467   8.88641   0.13626
 13   3.76714   9.45286   0.13160
 14   3.80178   9.54960   0.13094
 15   4.01244  10.13692   0.12765
 16   4.31576  10.97943   0.12493
 17   4.56372  11.66547   0.12409
 18   4.86088  12.48435   0.12421
 19   5.39157  13.93800   0.12586
 20   5.40775  13.98213   0.12591
 21   5.42230  14.02182   0.12597
 22   5.47010  14.15213   0.12613
 23   5.53347  14.32477   0.12635
 24   5.76373  14.95068   0.12704
 25   6.13802  15.96354   0.12761
 26   6.16464  16.03537   0.12762
 27   6.30931  16.42519   0.12757
 28   6.64943  17.33841   0.12684
 29   6.71848  17.52325   0.12659
 30   6.84883  17.87164   0.12601
 31   6.90895  18.03208   0.12571
 32   6.92450  18.07357   0.12562
 33   7.02879  18.35150   0.12502
 34   7.26164  18.97050   0.12345
 35   7.59501  19.85291   0.12080
 36   7.68220  20.08295   0.12008
 37   7.69663  20.12102   0.11995
 38   7.93218  20.74084   0.11803
 39   8.30139  21.70794   0.11563
 40   8.43649  22.06048   0.11512
 41   8.59663  22.47739   0.11490
 42   8.65262  22.62289   0.11494
 43   9.06025  23.67855   0.11758
 44   9.56153  24.96761   0.12823
 45  10.14195  26.44763   0.15283
 46  10.62233  27.66236   0.18317
 47  11.45584  29.74806   0.25474
 48  11.55289  29.98913   0.26447
 49  11.61550  30.14442   0.27090
 50  11.74333  30.46101   0.28436
 51  11.84219  30.70543   0.29509
 52  11.95775  30.99061   0.30798
 53  12.31980  31.88063   0.35067
 54  12.43658  32.16659   0.36517
 55  12.95864  33.43828   0.43425



  Elf Aquitaine (N) 6406/8-1              

 WELL #  3 WITH  41 EVENTS

  i    X(i)    EXPECTED  ERROR BAR
                           INPUT

  1   0.00000  -1.30025   0.46335
  2   0.02359  -1.24953   0.45987
  3   0.26922  -0.72068   0.42455
  4   0.34510  -0.55705   0.41397
  5   0.95383   0.76035   0.33484
  6   1.01133   0.88521   0.32791
  7   1.04450   0.95728   0.32396
  8   1.74861   2.49279   0.24797
  9   1.85315   2.72171   0.23804
 10   2.47957   4.09853   0.18663
 11   3.53145   6.43009   0.13525
 12   3.56467   6.50412   0.13437
 13   3.76714   6.95589   0.12994
 14   3.80178   7.03326   0.12934
 15   4.01244   7.50443   0.12652
 16   4.31576   8.18456   0.12476
 17   4.56372   8.74210   0.12485
 18   4.86088   9.41204   0.12618
 19   5.39157  10.61339   0.12997
 20   5.40775  10.65009   0.13009
 21   5.42230  10.68313   0.13020
 22   5.47010  10.79167   0.13055
 23   5.53347  10.93566   0.13101
 24   5.76373  11.45959   0.13255
 25   6.13802  12.31372   0.13441
 26   6.16464  12.37459   0.13451
 27   6.30931  12.70564   0.13493
 28   6.64943  13.48582   0.13527
 29   6.71848  13.64453   0.13523
 30   6.84883  13.94440   0.13506
 31   6.90895  14.08283   0.13494
 32   6.92450  14.11865   0.13491
 33   7.02879  14.35902   0.13464
 34   7.26164  14.89659   0.13383
 35   7.59501  15.66830   0.13235
 36   7.68220  15.87054   0.13195
 37   7.69663  15.90404   0.13188
 38   7.93218  16.45132   0.13092
 39   8.30139  17.31166   0.13022
 40   8.43649  17.62724   0.13039
 41   8.59663  18.00183   0.13103
 42   8.65262  18.13292   0.13138
 43   9.06025  19.08948   0.13640
 44   9.56153  20.27087   0.15005
 45  10.14195  21.64576   0.17804
 46  10.62233  22.78935   0.21123
 47  11.45584  24.78574   0.28839
 48  11.55289  25.01922   0.29885
 49  11.61550  25.16992   0.30576
 50  11.74333  25.47791   0.32023
 51  11.84219  25.71638   0.33176
 52  11.95775  25.99537   0.34560
 53  12.31980  26.87140   0.39146
 54  12.43658  27.15458   0.40704
 55  12.95864  28.42425   0.48128



  Hydro (N) 34/8-1                        

 WELL #  4 WITH  47 EVENTS

  i    X(i)    EXPECTED  ERROR BAR
                           INPUT

  1   0.00000   0.33707   0.36338
  2   0.02359   0.38217   0.36064
  3   0.26922   0.85566   0.33296
  4   0.34510   1.00336   0.32472
  5   0.95383   2.21299   0.26419
  6   1.01133   2.32951   0.25901
  7   1.04450   2.39691   0.25606
  8   1.74861   3.85828   0.20148
  9   1.85315   4.08025   0.19474
 10   2.47957   5.43743   0.16239
 11   3.53145   7.82079   0.13840
 12   3.56467   7.89818   0.13817
 13   3.76714   8.37276   0.13727
 14   3.80178   8.45443   0.13719
 15   4.01244   8.95421   0.13716
 16   4.31576   9.68303   0.13811
 17   4.56372  10.28693   0.13942
 18   4.86088  11.02022   0.14123
 19   5.39157  12.35579   0.14407
 20   5.40775  12.39701   0.14414
 21   5.42230  12.43413   0.14420
 22   5.47010  12.55622   0.14438
 23   5.53347  12.71853   0.14460
 24   5.76373  13.31225   0.14514
 25   6.13802  14.29070   0.14507
 26   6.16464  14.36092   0.14501
 27   6.30931  14.74399   0.14460
 28   6.64943  15.65439   0.14285
 29   6.71848  15.84090   0.14235
 30   6.84883  16.19449   0.14130
 31   6.90895  16.35824   0.14076
 32   6.92450  16.40067   0.14062
 33   7.02879  16.68596   0.13959
 34   7.26164  17.32757   0.13697
 35   7.59501  18.25731   0.13256
 36   7.68220  18.50264   0.13130
 37   7.69663  18.54334   0.13109
 38   7.93218  19.21101   0.12757
 39   8.30139  20.27077   0.12209
 40   8.43649  20.66261   0.12024
 41   8.59663  21.12984   0.11827
 42   8.65262  21.29390   0.11766
 43   9.06025  22.49960   0.11490
 44   9.56153  24.00924   0.11781
 45  10.14195  25.79436   0.13343
 46  10.62233  27.30195   0.15724
 47  11.45584  29.98249   0.21914
 48  11.55289  30.29997   0.22781
 49  11.61550  30.50534   0.23356
 50  11.74333  30.92612   0.24564
 51  11.84219  31.25289   0.25530
 52  11.95775  31.63629   0.26693
 53  12.31980  32.84773   0.30564
 54  12.43658  33.24179   0.31884
 55  12.95864  35.02313   0.38187



  Esso (N) 16/1-1                         

 WELL #  5 WITH  35 EVENTS

  i    X(i)    EXPECTED  ERROR BAR
                           INPUT

  1   0.00000   0.02931   0.44751
  2   0.02359   0.06213   0.44386
  3   0.26922   0.40775   0.40698
  4   0.34510   0.51593   0.39601
  5   0.95383   1.40821   0.31558
  6   1.01133   1.49473   0.30871
  7   1.04450   1.54482   0.30480
  8   1.74861   2.63836   0.23268
  9   1.85315   2.80566   0.22383
 10   2.47957   3.83489   0.18179
 11   3.53145   5.66629   0.15254
 12   3.56467   5.72622   0.15230
 13   3.76714   6.09436   0.15149
 14   3.80178   6.15782   0.15144
 15   4.01244   6.54678   0.15165
 16   4.31576   7.11593   0.15294
 17   4.56372   7.58920   0.15441
 18   4.86088   8.16582   0.15615
 19   5.39157   9.22128   0.15797
 20   5.40775   9.25396   0.15798
 21   5.42230   9.28339   0.15799
 22   5.47010   9.38024   0.15801
 23   5.53347   9.50907   0.15800
 24   5.76373   9.98107   0.15758
 25   6.13802  10.76152   0.15556
 26   6.16464  10.81765   0.15535
 27   6.30931  11.12413   0.15408
 28   6.64943  11.85435   0.15026
 29   6.71848  12.00425   0.14936
 30   6.84883  12.28873   0.14758
 31   6.90895  12.42060   0.14672
 32   6.92450  12.45478   0.14650
 33   7.02879  12.68474   0.14498
 34   7.26164  13.20277   0.14154
 35   7.59501  13.95543   0.13704
 36   7.68220  14.15443   0.13606
 37   7.69663  14.18746   0.13591
 38   7.93218  14.72989   0.13404
 39   8.30139  15.59318   0.13430
 40   8.43649  15.91306   0.13571
 41   8.59663  16.29499   0.13849
 42   8.65262  16.42921   0.13976
 43   9.06025  17.41755   0.15420
 44   9.56153  18.65957   0.18472
 45  10.14195  20.13437   0.23632
 46  10.62233  21.38474   0.29043
 47  11.45584  23.61821   0.40521
 48  11.55289  23.88356   0.42015
 49  11.61550  24.05530   0.42996
 50  11.74333  24.40740   0.45039
 51  11.84219  24.68103   0.46655
 52  11.95775  25.00230   0.48585
 53  12.31980  26.01896   0.54905
 54  12.43658  26.35016   0.57031
 55  12.95864  27.85022   0.67051



  Saga (N) 34/4-5                         

 WELL #  6 WITH  37 EVENTS

  i    X(i)    EXPECTED  ERROR BAR
                           INPUT

  1   0.00000  -0.19833   0.35644
  2   0.02359  -0.12820   0.35342
  3   0.26922   0.59757   0.32295
  4   0.34510   0.82009   0.31390
  5   0.95383   2.57685   0.24775
  6   1.01133   2.74016   0.24213
  7   1.04450   2.83419   0.23894
  8   1.74861   4.79429   0.18119
  9   1.85315   5.07953   0.17437
 10   2.47957   6.75747   0.14431
 11   3.53145   9.45440   0.13375
 12   3.56467   9.53711   0.13403
 13   3.76714  10.03795   0.13620
 14   3.80178  10.12307   0.13664
 15   4.01244  10.63723   0.13967
 16   4.31576  11.36686   0.14465
 17   4.56372  11.95402   0.14889
 18   4.86088  12.64658   0.15375
 19   5.39157  13.85340   0.16097
 20   5.40775  13.88958   0.16115
 21   5.42230  13.92209   0.16131
 22   5.47010  14.02870   0.16181
 23   5.53347  14.16956   0.16245
 24   5.76373  14.67675   0.16440
 25   6.13802  15.48571   0.16631
 26   6.16464  15.54252   0.16638
 27   6.30931  15.84953   0.16664
 28   6.64943  16.56008   0.16636
 29   6.71848  16.70241   0.16616
 30   6.84883  16.96930   0.16565
 31   6.90895  17.09160   0.16536
 32   6.92450  17.12316   0.16528
 33   7.02879  17.33394   0.16470
 34   7.26164  17.79921   0.16310
 35   7.59501  18.45241   0.16032
 36   7.68220  18.62074   0.15954
 37   7.69663  18.64851   0.15941
 38   7.93218  19.09760   0.15732
 39   8.30139  19.78629   0.15455
 40   8.43649  20.03365   0.15387
 41   8.59663  20.32361   0.15340
 42   8.65262  20.42415   0.15334
 43   9.06025  21.14329   0.15508
 44   9.56153  21.99651   0.16414
 45  10.14195  22.94153   0.18685
 46  10.62233  23.68885   0.21626
 47  11.45584  24.91067   0.28844
 48  11.55289  25.04677   0.29842
 49  11.61550  25.13387   0.30503
 50  11.74333  25.31007   0.31891
 51  11.84219  25.44481   0.33000
 52  11.95775  25.60061   0.34334
 53  12.31980  26.07691   0.38772
 54  12.43658  26.22672   0.40285
 55  12.95864  26.87365   0.47510



  Hydro (N) 6407/7-1                      

 WELL #  7 WITH  30 EVENTS

  i    X(i)    EXPECTED  ERROR BAR
                           INPUT

  1   0.00000 -16.62058   2.68207
  2   0.02359 -16.52359   2.66706
  3   0.26922 -15.51934   2.51314
  4   0.34510 -15.21124   2.46648
  5   0.95383 -12.77524   2.10715
  6   1.01133 -12.54845   2.07460
  7   1.04450 -12.41786   2.05592
  8   1.74861  -9.69079   1.67833
  9   1.85315  -9.29317   1.62534
 10   2.47957  -6.95002   1.32440
 11   3.53145  -3.16743   0.88367
 12   3.56467  -3.05109   0.87108
 13   3.76714  -2.34602   0.79616
 14   3.80178  -2.22611   0.78365
 15   4.01244  -1.50128   0.70953
 16   4.31576  -0.47108   0.60879
 17   4.56372   0.35936   0.53178
 18   4.86088   1.34059   0.44606
 19   5.39157   3.05516   0.31217
 20   5.40775   3.10664   0.30851
 21   5.42230   3.15293   0.30524
 22   5.47010   3.30472   0.29466
 23   5.53347   3.50538   0.28100
 24   5.76373   4.22859   0.23526
 25   6.13802   5.38467   0.17624
 26   6.16464   5.46598   0.17290
 27   6.30931   5.90569   0.15707
 28   6.64943   6.92529   0.13669
 29   6.71848   7.12987   0.13546
 30   6.84883   7.51379   0.13554
 31   6.90895   7.68986   0.13652
 32   6.92450   7.73531   0.13686
 33   7.02879   8.03901   0.13992
 34   7.26164   8.71035   0.15048
 35   7.59501   9.65521   0.16964
 36   7.68220   9.89918   0.17476
 37   7.69663   9.93944   0.17559
 38   7.93218  10.59139   0.18865
 39   8.30139  11.59407   0.20547
 40   8.43649  11.95512   0.21023
 41   8.59663  12.37900   0.21480
 42   8.65262  12.52615   0.21612
 43   9.06025  13.58124   0.22141
 44   9.56153  14.83951   0.21844
 45  10.14195  16.24237   0.20711
 46  10.62233  17.35956   0.20074
 47  11.45584  19.20367   0.23632
 48  11.55289  19.41064   0.24636
 49  11.61550  19.54327   0.25353
 50  11.74333  19.81199   0.26985
 51  11.84219  20.01790   0.28399
 52  11.95775  20.25644   0.30213
 53  12.31980  20.98890   0.36948
 54  12.43658  21.22034   0.39437
 55  12.95864  22.22627   0.52255



  6407/7A-1                               

 WELL #  8 WITH  10 EVENTS

  i    X(i)    EXPECTED  ERROR BAR
                           INPUT

  1   0.00000   1.51992   0.51949
  2   0.02359   1.56687   0.49330
  3   0.26922   2.04490   0.28341
  4   0.34510   2.18856   0.24884
  5   0.95383   3.27279   0.34368
  6   1.01133   3.36892   0.35407
  7   1.04450   3.42389   0.35907
  8   1.74861   4.50551   0.34853
  9   1.85315   4.65224   0.35983
 10   2.47957   5.45640   0.84922
 11   3.53145   6.51728   2.91405
 12   3.56467   6.54487   3.00004
 13   3.76714   6.70523   3.55076
 14   3.80178   6.73131   3.64952
 15   4.01244   6.88149   4.27873
 16   4.31576   7.07216   5.27045
 17   4.56372   7.20563   6.15616
 18   4.86088   7.33901   7.30619
 19   5.39157   7.50519   9.59988
 20   5.40775   7.50880   9.67460
 21   5.42230   7.51198   9.74208
 22   5.47010   7.52193   9.96534
 23   5.53347   7.53397  10.26521
 24   5.76373   7.56663  11.39156
 25   6.13802   7.58262  13.34565
 26   6.16464   7.58200  13.49044
 27   6.30931   7.57461  14.29078
 28   6.64943   7.53019  16.26221
 29   6.71848   7.51654  16.67785
 30   6.84883   7.48651  17.47653
 31   6.90895   7.47079  17.85110
 32   6.92450   7.46653  17.94866
 33   7.02879   7.43590  18.60957
 34   7.26164   7.35465  20.12797
 35   7.59501   7.20738  22.40446
 36   7.68220   7.16285  23.01979
 37   7.69663   7.15523  23.12247
 38   7.93218   7.02136  24.82986
 39   8.30139   6.77490  27.62760
 40   8.43649   6.67354  28.68844
 41   8.59663   6.54565  29.97157
 42   8.65262   6.49895  30.42672
 43   9.06025   6.12798  33.84346
 44   9.56153   5.59708  38.29290
 45  10.14195   4.87941  43.78621
 46  10.62233   4.20188  48.60975
 47  11.45584   2.84677  57.57431
 48  11.55289   2.67416  58.66730
 49  11.61550   2.56119  59.37772
 50  11.74333   2.32652  60.84155
 51  11.84219   2.14135  61.98591
 52  11.95775   1.92085  63.33694
 53  12.31980   1.20167  67.66373
 54  12.43658   0.96053  69.08976
 55  12.95864  -0.17216  75.64597



  BP (UK) 15/20-2                         

 WELL #  9 WITH  24 EVENTS

  i    X(i)    EXPECTED  ERROR BAR
                           INPUT

  1   0.00000   0.76713   0.57611
  2   0.02359   0.78949   0.57170
  3   0.26922   1.02511   0.52710
  4   0.34510   1.09889   0.51378
  5   0.95383   1.70801   0.41526
  6   1.01133   1.76712   0.40675
  7   1.04450   1.80134   0.40190
  8   1.74861   2.54921   0.31054
  9   1.85315   2.66372   0.29896
 10   2.47957   3.36878   0.24139
 11   3.53145   4.62539   0.19188
 12   3.56467   4.66655   0.19120
 13   3.76714   4.91944   0.18800
 14   3.80178   4.96304   0.18760
 15   4.01244   5.23034   0.18599
 16   4.31576   5.62162   0.18564
 17   4.56372   5.94713   0.18650
 18   4.86088   6.34388   0.18820
 19   5.39157   7.07053   0.19122
 20   5.40775   7.09304   0.19129
 21   5.42230   7.11331   0.19135
 22   5.47010   7.18001   0.19153
 23   5.53347   7.26875   0.19174
 24   5.76373   7.59394   0.19217
 25   6.13802   8.13184   0.19151
 26   6.16464   8.17054   0.19140
 27   6.30931   8.38185   0.19060
 28   6.64943   8.88545   0.18762
 29   6.71848   8.98886   0.18682
 30   6.84883   9.18513   0.18517
 31   6.90895   9.27611   0.18434
 32   6.92450   9.29970   0.18412
 33   7.02879   9.45839   0.18257
 34   7.26164   9.81593   0.17875
 35   7.59501  10.33558   0.17270
 36   7.68220  10.47299   0.17108
 37   7.69663  10.49581   0.17081
 38   7.93218  10.87046   0.16660
 39   8.30139  11.46691   0.16127
 40   8.43649  11.68797   0.16005
 41   8.59663  11.95195   0.15932
 42   8.65262  12.04473   0.15929
 43   9.06025  12.72807   0.16336
 44   9.56153  13.58716   0.18137
 45  10.14195  14.60773   0.22223
 46  10.62233  15.47338   0.27117
 47  11.45584  17.02044   0.38327
 48  11.55289  17.20431   0.39831
 49  11.61550  17.32332   0.40821
 50  11.74333  17.56732   0.42892
 51  11.84219  17.75696   0.44538
 52  11.95775  17.97964   0.46510
 53  12.31980  18.68441   0.53017
 54  12.43658  18.91405   0.55219
 55  12.95864  19.95432   0.65664



  Saga (N) 2/2-4                          

 WELL # 10 WITH  40 EVENTS

  i    X(i)    EXPECTED  ERROR BAR
                           INPUT

  1   0.00000   0.85171   0.41160
  2   0.02359   0.91045   0.40837
  3   0.26922   1.52440   0.37570
  4   0.34510   1.71487   0.36596
  5   0.95383   3.25711   0.29418
  6   1.01133   3.40408   0.28800
  7   1.04450   3.48897   0.28448
  8   1.74861   5.30849   0.21847
  9   1.85315   5.58151   0.21015
 10   2.47957   7.23297   0.16881
 11   3.53145  10.06590   0.13248
 12   3.56467  10.15658   0.13194
 13   3.76714  10.71095   0.12922
 14   3.80178  10.80606   0.12885
 15   4.01244  11.38628   0.12714
 16   4.31576  12.22698   0.12594
 17   4.56372  12.91891   0.12567
 18   4.86088  13.75359   0.12575
 19   5.39157  15.25913   0.12588
 20   5.40775  15.30531   0.12587
 21   5.42230  15.34688   0.12586
 22   5.47010  15.48351   0.12582
 23   5.53347  15.66492   0.12575
 24   5.76373  16.32631   0.12534
 25   6.13802  17.40904   0.12411
 26   6.16464  17.48642   0.12400
 27   6.30931  17.90771   0.12334
 28   6.64943  18.90380   0.12164
 29   6.71848  19.10699   0.12129
 30   6.84883  19.49142   0.12067
 31   6.90895  19.66910   0.12041
 32   6.92450  19.71511   0.12034
 33   7.02879  20.02405   0.11995
 34   7.26164  20.71650   0.11942
 35   7.59501  21.71425   0.12001
 36   7.68220  21.97644   0.12054
 37   7.69663  22.01990   0.12064
 38   7.93218  22.73103   0.12313
 39   8.30139  23.85328   0.13058
 40   8.43649  24.26626   0.13455
 41   8.59663  24.75737   0.14020
 42   8.65262  24.92947   0.14242
 43   9.06025  26.18892   0.16250
 44   9.56153  27.75317   0.19643
 45  10.14195  29.58567   0.24749
 46  10.62233  31.11960   0.29842
 47  11.45584  33.81819   0.40368
 48  11.55289  34.13549   0.41726
 49  11.61550  34.34049   0.42616
 50  11.74333  34.75990   0.44468
 51  11.84219  35.08505   0.45931
 52  11.95775  35.46593   0.47676
 53  12.31980  36.66510   0.53380
 54  12.43658  37.05379   0.55297
 55  12.95864  38.80270   0.64311



  Shell (UK) 22/6-1                       

 WELL # 11 WITH  29 EVENTS

  i    X(i)    EXPECTED  ERROR BAR
                           INPUT

  1   0.00000   1.50575   0.43551
  2   0.02359   1.55554   0.43207
  3   0.26922   2.07410   0.39728
  4   0.34510   2.23432   0.38693
  5   0.95383   3.52048   0.31088
  6   1.01133   3.64204   0.30437
  7   1.04450   3.71217   0.30066
  8   1.74861   5.20168   0.23207
  9   1.85315   5.42298   0.22362
 10   2.47957   6.74985   0.18317
 11   3.53145   8.98098   0.15438
 12   3.56467   9.05150   0.15415
 13   3.76714   9.48143   0.15336
 14   3.80178   9.55499   0.15332
 15   4.01244  10.00249   0.15363
 16   4.31576  10.64707   0.15524
 17   4.56372  11.17427   0.15714
 18   4.86088  11.80634   0.15964
 19   5.39157  12.93592   0.16346
 20   5.40775  12.97036   0.16355
 21   5.42230  13.00134   0.16363
 22   5.47010  13.10313   0.16387
 23   5.53347  13.23811   0.16417
 24   5.76373  13.72864   0.16496
 25   6.13802  14.52638   0.16519
 26   6.16464  14.58314   0.16516
 27   6.30931  14.89162   0.16485
 28   6.64943  15.61718   0.16341
 29   6.71848  15.76454   0.16301
 30   6.84883  16.04273   0.16217
 31   6.90895  16.17105   0.16174
 32   6.92450  16.20426   0.16163
 33   7.02879  16.42691   0.16085
 34   7.26164  16.92418   0.15898
 35   7.59501  17.63642   0.15635
 36   7.68220  17.82277   0.15574
 37   7.69663  17.85362   0.15565
 38   7.93218  18.35719   0.15439
 39   8.30139  19.14690   0.15414
 40   8.43649  19.43601   0.15481
 41   8.59663  19.77876   0.15628
 42   8.65262  19.89861   0.15698
 43   9.06025  20.77155   0.16561
 44   9.56153  21.84584   0.18590
 45  10.14195  23.09085   0.22374
 46  10.62233  24.12215   0.26615
 47  11.45584  25.91347   0.36085
 48  11.55289  26.12222   0.37347
 49  11.61550  26.25688   0.38177
 50  11.74333  26.53189   0.39913
 51  11.84219  26.74463   0.41291
 52  11.95775  26.99333   0.42942
 53  12.31980  27.77281   0.48384
 54  12.43658  28.02433   0.50225
 55  12.95864  29.14932   0.58950



  Amoco (N) 2/8-1                         

 WELL # 12 WITH  19 EVENTS

  i    X(i)    EXPECTED  ERROR BAR
                           INPUT

  1   0.00000  -0.12222   0.57066
  2   0.02359  -0.09657   0.56609
  3   0.26922   0.17168   0.51982
  4   0.34510   0.25498   0.50603
  5   0.95383   0.93083   0.40403
  6   1.01133   0.99536   0.39522
  7   1.04450   1.03264   0.39020
  8   1.74861   1.83339   0.29585
  9   1.85315   1.95380   0.28391
 10   2.47957   2.68363   0.22473
 11   3.53145   3.94105   0.17519
 12   3.56467   3.98141   0.17457
 13   3.76714   4.22828   0.17172
 14   3.80178   4.27066   0.17139
 15   4.01244   4.52934   0.17021
 16   4.31576   4.90462   0.17051
 17   4.56372   5.21390   0.17191
 18   4.86088   5.58744   0.17425
 19   5.39157   6.26251   0.17856
 20   5.40775   6.28324   0.17867
 21   5.42230   6.30190   0.17878
 22   5.47010   6.36325   0.17910
 23   5.53347   6.44473   0.17952
 24   5.76373   6.74198   0.18080
 25   6.13802   7.22924   0.18213
 26   6.16464   7.26409   0.18220
 27   6.30931   7.45391   0.18248
 28   6.64943   7.90319   0.18290
 29   6.71848   7.99492   0.18298
 30   6.84883   8.16854   0.18317
 31   6.90895   8.24881   0.18328
 32   6.92450   8.26960   0.18331
 33   7.02879   8.40924   0.18357
 34   7.26164   8.72242   0.18455
 35   7.59501   9.17421   0.18749
 36   7.68220   9.29304   0.18867
 37   7.69663   9.31274   0.18888
 38   7.93218   9.63524   0.19330
 39   8.30139  10.14479   0.20427
 40   8.43649  10.33248   0.20974
 41   8.59663  10.55581   0.21734
 42   8.65262  10.63410   0.22030
 43   9.06025  11.20757   0.24663
 44   9.56153  11.92102   0.29091
 45  10.14195  12.75846   0.35811
 46  10.62233  13.46077   0.42586
 47  11.45584  14.69912   0.56740
 48  11.55289  14.84495   0.58576
 49  11.61550  14.93920   0.59780
 50  11.74333  15.13207   0.62288
 51  11.84219  15.28166   0.64273
 52  11.95775  15.45694   0.66641
 53  12.31980  16.00923   0.74399
 54  12.43658  16.18838   0.77009
 55  12.95864  16.99530   0.89311



  Saga (N) 35/3-1                         

 WELL # 13 WITH  21 EVENTS

  i    X(i)    EXPECTED  ERROR BAR
                           INPUT

  1   0.00000   1.57971   0.46016
  2   0.02359   1.61736   0.45596
  3   0.26922   2.00756   0.41366
  4   0.34510   2.12742   0.40112
  5   0.95383   3.07748   0.31047
  6   1.01133   3.16616   0.30291
  7   1.04450   3.21724   0.29864
  8   1.74861   4.28704   0.22499
  9   1.85315   4.44354   0.21721
 10   2.47957   5.36862   0.19018
 11   3.53145   6.87314   0.20790
 12   3.56467   6.91965   0.20920
 13   3.76714   7.20185   0.21754
 14   3.80178   7.24990   0.21902
 15   4.01244   7.54070   0.22820
 16   4.31576   7.95508   0.24151
 17   4.56372   8.29006   0.25201
 18   4.86088   8.68702   0.26373
 19   5.39157   9.38378   0.28129
 20   5.40775   9.40477   0.28175
 21   5.42230   9.42364   0.28215
 22   5.47010   9.48555   0.28346
 23   5.53347   9.56744   0.28512
 24   5.76373   9.86310   0.29050
 25   6.13802  10.33743   0.29689
 26   6.16464  10.37087   0.29723
 27   6.30931  10.55191   0.29882
 28   6.64943  10.97299   0.30078
 29   6.71848  11.05770   0.30087
 30   6.84883  11.21688   0.30077
 31   6.90895  11.28997   0.30060
 32   6.92450  11.30885   0.30054
 33   7.02879  11.43509   0.30002
 34   7.26164  11.71479   0.29805
 35   7.59501  12.10999   0.29333
 36   7.68220  12.21234   0.29173
 37   7.69663  12.22925   0.29146
 38   7.93218  12.50345   0.28640
 39   8.30139  12.92708   0.27666
 40   8.43649  13.08021   0.27261
 41   8.59663  13.26041   0.26755
 42   8.65262  13.32308   0.26572
 43   9.06025  13.77410   0.25182
 44   9.56153  14.31613   0.23503
 45  10.14195  14.92636   0.22119
 46  10.62233  15.41731   0.22019
 47  11.45584  16.23884   0.25468
 48  11.55289  16.33201   0.26203
 49  11.61550  16.39182   0.26714
 50  11.74333  16.51328   0.27841
 51  11.84219  16.60661   0.28790
 52  11.95775  16.71500   0.29982
 53  12.31980  17.04981   0.34250
 54  12.43658  17.15625   0.35788
 55  12.95864  17.62288   0.43525



  Saga 6406/2-1                           

 WELL # 14 WITH  29 EVENTS

  i    X(i)    EXPECTED  ERROR BAR
                           INPUT

  1   0.00000   0.27255   0.59197
  2   0.02359   0.31544   0.58734
  3   0.26922   0.76321   0.54029
  4   0.34510   0.90196   0.52620
  5   0.95383   2.02255   0.42113
  6   1.01133   2.12908   0.41196
  7   1.04450   2.19060   0.40673
  8   1.74861   3.50552   0.30695
  9   1.85315   3.70226   0.29408
 10   2.47957   4.88931   0.22903
 11   3.53145   6.91408   0.17285
 12   3.56467   6.97866   0.17218
 13   3.76714   7.37317   0.16933
 14   3.80178   7.44081   0.16905
 15   4.01244   7.85308   0.16843
 16   4.31576   8.44947   0.17027
 17   4.56372   8.93946   0.17338
 18   4.86088   9.52954   0.17811
 19   5.39157  10.59122   0.18684
 20   5.40775  10.62373   0.18708
 21   5.42230  10.65299   0.18730
 22   5.47010  10.74916   0.18799
 23   5.53347  10.87679   0.18887
 24   5.76373  11.34173   0.19170
 25   6.13802  12.10151   0.19473
 26   6.16464  12.15574   0.19486
 27   6.30931  12.45088   0.19538
 28   6.64943  13.14772   0.19521
 29   6.71848  13.28970   0.19493
 30   6.84883  13.55817   0.19418
 31   6.90895  13.68219   0.19374
 32   6.92450  13.71430   0.19361
 33   7.02879  13.92981   0.19268
 34   7.26164  14.41241   0.18996
 35   7.59501  15.10670   0.18474
 36   7.68220  15.28893   0.18315
 37   7.69663  15.31913   0.18288
 38   7.93218  15.81293   0.17823
 39   8.30139  16.59092   0.17049
 40   8.43649  16.87683   0.16774
 41   8.59663  17.21657   0.16471
 42   8.65262  17.33555   0.16373
 43   9.06025  18.20526   0.15886
 44   9.56153  19.28290   0.16179
 45  10.14195  20.54188   0.18392
 46  10.62233  21.59295   0.21928
 47  11.45584  23.43617   0.31278
 48  11.55289  23.65242   0.32595
 49  11.61550  23.79208   0.33467
 50  11.74333  24.07768   0.35302
 51  11.84219  24.29898   0.36770
 52  11.95775  24.55807   0.38538
 53  12.31980  25.37292   0.44428
 54  12.43658  25.63674   0.46438
 55  12.95864  26.82211   0.56049


                                                       N      SD     LOWEST  AVERAGE HIGHEST

   1   77  Elphidium spp.                              9   0.71756    1.282   0.000  -0.272   1.782
   2  228  Cassidulina teretis                        12   1.10984    1.530   0.024  -0.421   1.782
   3   31  Cibicidoides scaldisensis                   7   1.23879    1.335   0.269  -0.308   1.782
   4    1  Neogloboquadrina pachyderma                10   1.20220    1.793   0.345   0.237   1.782
   5  171  Buccella frigida                            6   1.42472    1.485   0.954   0.004   1.782
   6  316  Trifarina fluens                            7   1.54409    2.338   1.011   0.179   1.782
   7  270  Cibicidoides grossa                         9   0.60401    1.597   1.045   0.654   1.782
   8    4  Globorotalia inflata                        8   0.75215    2.030   1.749   1.124   1.782
   9   23  Sigmoilopsis schlumbergeri                 12   1.10241    3.164   1.853   0.880   1.782
  10  269  Neogloboquadrina atlantica                 11   0.64938    2.739   2.480   1.165   1.782
  11  363  Hystrichosphaeropsis obscura                6   1.58018    4.178   3.531   2.166   1.782
  12   91  Diatoms/radiolarians LCO                    8   1.43146    3.879   3.565   2.410   1.782
  13  219  Martinotiella cylindrica                    8   1.41542    4.098   3.767   1.922   1.782
  14   15  Globigerina praebulloides                  11   1.56889    4.610   3.802   2.544   1.782
  15  362  Cannosphaeropsis utinensis                  7   1.45527    4.613   4.012   2.740   1.782
  16  236  G. ex.gr. praescitula zealandica            7   0.61078    4.232   4.316   2.677   1.782
  17   17  Asterigerina gurichi                        7   2.12501    6.806   4.564   3.023   1.782
  18    3  Deflandrea phosphoritica                    7   1.28285    5.473   4.861   4.014   1.782
  19   25  Coarse agglutinated spp.                   11   2.05778    7.658   5.392   3.467   1.782
  20   24  Turrilina alsatica                          8   1.90934    6.874   5.408   4.276   1.782
  21    7  Areoligera semicirculata                    9   1.87694    6.360   5.422   4.208   1.782
  22   97  Cyclammina placenta                        10   3.11435    6.757   5.470   3.088   1.782
  23   41  Wetzelliella symmetrica                     7   1.86221    6.706   5.533   4.660   1.782
  24  182  Spirosigmoilinella compressa                9   1.48358    6.538   5.764   4.440   1.782
  25  324  Aschemonella grandis                        6   1.99459    7.335   6.138   4.923   1.782
  26  289  Adercotryma agterbergi                      8   0.86416    6.253   6.165   5.098   1.782
  27  198  Glomospirella biedae                        6   2.41435    7.161   6.309   4.908   1.782
  28  261  Haplophragmoides walteri                   11   3.10824    8.702   6.649   4.913   1.782
  29  321  Dorothia seigliei                           9   2.91988    8.637   6.718   4.811   1.782
  30   12  Areosphaeridium diktyoplokus                8   1.65297    8.045   6.849   6.327   1.782
  31   29  Reticulophragmium amplectens               11   2.18871    9.737   6.909   5.989   1.782
  32   32  Ammosphaeroidina pseudopauciloculata        8   1.41161    8.067   6.924   6.342   1.782
  33  229  Recurvoides ex.gr. walteri                  6   2.01004    8.491   7.029   5.855   1.782
  34   72  Rottnestia borussica                        6   2.13387    8.371   7.262   6.314   1.782
  35   68  Spiroplectammina spectabilis LO            11   2.37363    9.355   7.595   6.645   1.782
  36  263  Ammomarginulina aubertae                    7   2.59463   10.126   7.682   7.265   1.782
  37   92  Diphyes ficusoides                          6   1.56254    8.818   7.697   7.204   1.782
  38  260  Haplophragmoides kirki                      9   2.29114    9.611   7.932   6.680   1.782
  39  175  Reticulophragmium intermedia                6   2.20291    9.669   8.301   7.695   1.782
  40   99  Eatonicysta ursulae                         9   1.84003    9.993   8.436   8.067   1.782
  41  279  Recurvoidella lamella                       7   1.34002    9.839   8.597   8.410   1.782
  42   54  Spiroplectammina navarroana                11   2.39018   11.196   8.653   8.020   1.782
  43   50  Subbotina patagonica                       11   1.02515   10.304   9.060   9.232   1.782
  44  108  Deflandrea oebisfeldensis                   9   1.10182   10.376   9.562   8.301   1.782
  45   22  Coscinodiscus spp.                          9   0.64257   10.585  10.142   9.223   1.782
  46   28  Apectodinium augustum                       9   0.75508   10.913  10.622  10.056   1.782
  47   76  Reticulophragmium paupera                  11   0.88708   12.317  11.456  10.786   1.782
  48  105  Rzehakina minima                            6   1.99509   13.479  11.553  10.824   1.782
  49  283  Reticulophragmium garcilassoi               6   1.45324   12.407  11.615  10.869   1.782
  50   57  Spiroplectammina spectabilis LCO           11   1.43050   12.360  11.743  10.112   1.782
  51  114  Alisocysta margarita                        6   0.85983   12.319  11.842  11.165   1.782
  52  310  Saccammina placenta                         8   1.03038   12.175  11.958  10.583   1.782
  53  129  Trochammina ruthven murrayi                 7   0.89263   12.372  12.320  10.687   1.782
  54  134  Hormosina excelsa                           6   2.24609   14.850  12.437  10.926   1.782
  55  118  Palaeoperidinium pyrophorum                 6   1.42845   13.457  12.959  11.800   1.782
        1 1
