                14cenb.out                                          2007/06/24
DICTIONARY OF EVENTS
____________________




          NUMERICAL LISTING                              ALPHABETIC LISTING

     1  Neogloboquadrina pachyderma                225  "Turborotalia" aff. ampliapertura       
     2  Globigerina apertura                        90  Acarinina densa                         
     3  Deflandrea phosphoritica                   357  Acarinina ex. gr. spinulosa             
     4  Globorotalia inflata                        37  Acarinina pentacamerata                 
     5  Globorotalia crassaformis                  160  Acarinina pseudotopilensis              
     6  Neogloboquadrina acostaensis                52  Acarinina soldadoensis                  
     7  Areoligera semicirculata                   439  Acarinina sp                            
     8  Orbulina universa                           96  Acarinina wilcoxensis                   
     9  Fursenkoina gracilis                       434  Accarinina praeangulata                 
    10  Uvigerina canariensis                      436  Achilleodinium biformoides              
    11  R. actinocoronata FO                       391  Achomosphaera andalousiense             
    12  Areosphaeridium diktyoplokus               244  Achomosphaera andalousiensis LCO        
    13  Heteraulacacysta porosa                    289  Adercotryma agterbergi                  
    14  Eatonicysta ursulae LCO                     70  Alabamina scitula                       
    15  Globigerina praebulloides                  423  Alabamina tangentialis                  
    16  Ceratobulimina contraria                    39  Alabamina wilcoxensis                   
    17  Asterigerina gurichi                       114  Alisocysta margarita                    
    18  Spiroplectammina carinata                   30  Alisocysta margarita LCO                
    19  Globoconusa daubjergensis                  386  Alisocysta reticulata                   
    20  Gyroidina girardana                        452  Alisocysta sp 2 Heilmann-Clausen        
    21  Deflandrea oebisfeldensis LCO              257  Alisocysta sp. 1 Heilmann-Clausen       
    22  Coscinodiscus spp.                         102  Almaena osnabrugensis                   
    23  Sigmoilopsis schlumbergeri                 473  Amiculosphaera spp.                     
    24  Turrilina alsatica                         364  Amiculosphaera umbracula                
    25  Coarse agglutinated spp.                   474  Amiculosphaera umbracula LCO            
    26  Uvigerina ex.gr.miozea-nuttali             259  Ammodiscus latus                        
    27  Eponides umbonatus                         251  Ammodiscus planus                       
    28  Apectodinium augustum                      263  Ammomarginulina aubertae                
    29  Reticulophragmium amplectens               309  Ammomarginulina foliaceus               
    30  Alisocysta margarita LCO                   328  Ammonia beccarii                        
    31  Cibicidoides scaldisensis                  329  Ammonia inflata                         
    32  Ammosphaeroidina pseudopauciloculata        32  Ammosphaeroidina pseudopauciloculata    
    33  Turborotalia pomeroli                      190  Anomalinoides acuta                     
    34  Marginulina decorata                        62  Anomalinoides danica                    
    35  Spiroplectammina aff.dentata               428  Anomalinoides grosserugosa              
    36  Pseudohastigerina wilcoxensis              186  Anomalinoides midwayensis               
    37  Acarinina pentacamerata                    451  Anomalinoides welleri                   
    38  Gochtodinium simplex                        28  Apectodinium augustum                   
    39  Alabamina wilcoxensis                      172  Apectodinium homomorphum                
    40  Bulimina alazanensis                       431  Apectodinium spp.                       
    41  Wetzelliella symmetrica                    397  Apteodinium spiridoides                 
    42  Cibicidoides alleni                         95  Aragonia velascoensis                   
    43  Areoligera semicirculata LCO               356  Arenobulimina dorbignyi                 
    44  Cibicidoides aff. westi                    115  Areoligera cf. senonensis               
    45  Bulimina trigonalis                        304  Areoligera gippingensis                 
    46  Svalbardella cooksoniae                    496  Areoligera gippingensis LCO             
    47  Planorotalites planoconicus                  7  Areoligera semicirculata                
    48  Spiniferites sp. 2 Manum et al.             59  Areoligera semicirculata FO             
    49  Osangularia expansa                         43  Areoligera semicirculata LCO            
    50  Subbotina patagonica                       104  Areoligera spp. LCO                     
    51  Chiropteridium lobospinosum                371  Areosphaeridium arcuatum                
    52  Acarinina soldadoensis                     437  Areosphaeridium arcuatum LCO            
    53  Uvigerina batjesi                           69  Areosphaeridium cf. diktyoplokus        
    54  Spiroplectammina navarroana                 12  Areosphaeridium diktyoplokus            
    55  Gavelinella beccariiformis                  88  Areosphaeridium fenestratum             
    56  Glomospira charoides                       401  Areosphaeridium sp. A                   
    57  Spiroplectammina spectabilis LCO           324  Aschemonella grandis                    
    58  Neogloboquadrina atlantica (dextral)        17  Asterigerina gurichi                    
    59  Areoligera semicirculata FO                265  Asterigerina gurichi (peak)             
    60  Planorotalites compressus                  173  Asterigerina staeschi                   
    61  Subbotina pseudobulloides                  255  Azolla bloom                            
    62  Anomalinoides danica                       457  Bitectadinium tepikiense                
    63  Chiropteridium lobospinosum FO             312  Bolboforma aff.subreticulata            
    64  Cassidulina islandica                      365  Bolboforma clodiusi                     
    65  Globobulimina sp.                          335  Bolboforma fragori                      
    66  Coleites reticulosus                       300  Bolboforma laevis                       
    67  Operculodinium tiara                       301  Bolboforma metzmacheri                  
    68  Spiroplectammina spectabilis LO            342  Bolboforma reticulata                   
    69  Areosphaeridium cf. diktyoplokus           323  Bolboforma spiralis                     
    70  Alabamina scitula                          346  Bolboforma subfragoris                  
    71  Epistomina elegans                         199  Bolivina floridana                      
    72  Rottnestia borussica                       171  Buccella frigida                        
    73  Spirosigmoilinella compressa FO            296  Buccella tenerrima                      
    74  Neogloboquadrina humerosa                   87  Bulimina aff. jacksonensis              
    75  Rhombodinium porosum                        40  Bulimina alazanensis                    
    76  Reticulophragmium paupera                  338  Bulimina marginata                      
    77  Elphidium spp.                             185  Bulimina midwayensis                    
    78  Trochamminoides coronatus                  438  Bulimina paleocenica                    
    79  Dentoglobigerina tripartita                267  Bulimina semicostata                    
    80  Cyclammina cancellata                       45  Bulimina trigonalis                     
    81  Globoquadrina venezuelana                  380  C. triangulus                           
    82  Subbotina linaperta                        353  Calcareous benthics spp.                
    83  Diphyes colligerum                         519  Caligodinium amiculum ?                 
    84  Subbotina yeguaensis                       508  Cannosphaeropsis sp. 1                  
    85  Pseudohastigerina micra                    362  Cannosphaeropsis utinensis              
    86  Turrilina robertsi                         242  Caryapollenites spp.                    
    87  Bulimina aff. jacksonensis                 109  Cassidulina curvata                     
    88  Areosphaeridium fenestratum                 64  Cassidulina islandica                   
    89  Morozovella spinulosa                      442  Cassidulina subglobosa                  
    90  Acarinina densa                            228  Cassidulina teretis                     
    91  Diatoms/radiolarians LCO                   147  Catapsydrax aff. dissimilis             
    92  Diphyes ficusoides                         233  Catapsydrax unicavus                    
    93  Systematophora placacantha                 285  Caucasina elongata                      
    94  Systematophora placacantha LCO             449  Cenodiscus sp.1 RRI                     
    95  Aragonia velascoensis                      354  Cenosphaera acme (zones 1-3)            
    96  Acarinina wilcoxensis                      343  Cenosphaera sp. (disc or flat)          
    97  Cyclammina placenta                        302  Cenosphaera spp. (spheres)              
    98  Dracodinium pachydermum                    117  Cenosphaera spp. LCO                    
    99  Eatonicysta ursulae                        376  Ceratiopsis wardenensis                 
   100  Dracodinium pachydermum LCO                404  Ceratiopsis wardenensis LCO             
   101  Deflandrea phosphoritica FO                 16  Ceratobulimina contraria                
   102  Almaena osnabrugensis                      398  Cerebrocysta bartonensis                
   103  Turrilina alsatica FO                      490  Cerodinium dartmoori                    
   104  Areoligera spp. LCO                        492  Cerodinium speciosum glabrum            
   105  Rzehakina minima                           432  Cerodinium striatum                     
   106  Trochammina cf. subvesicularis             453  Cerodinium wardenense                   
   107  Matanzia varians                           231  Charlesdowniea columna                  
   108  Deflandrea oebisfeldensis                  297  Charlesdowniea edwardsii                
   109  Cassidulina curvata                        498  Chiasmolithus bidens                    
   110  Cystammina aff.globigerinaeformis          497  Chiasmolithus danicus                   
   111  Globigerina ex.gr. officinalis             426  Chilostomella cylindroides              
   112  Inaperturopollenites spp.                  459  Chiropteridium dispersum                
   113  Inaperturopollenites spp. LCO               51  Chiropteridium lobospinosum             
   114  Alisocysta margarita                        63  Chiropteridium lobospinosum FO          
   115  Areoligera cf. senonensis                  368  Chiropteridium mespilanum               
   116  Orbulina suturalis                         482  Chiropteridium spp.                     
   117  Cenosphaera spp. LCO                       238  Cibicidoides aff. subspiratus           
   118  Palaeoperidinium pyrophorum                 44  Cibicidoides aff. westi                 
   119  Sphaeroidinella subdehiscens                42  Cibicidoides alleni                     
   120  Globorotalia siakensis                     294  Cibicidoides comatosus                  
   121  Globigerina nepenthes                      181  Cibicidoides dutemplei                  
   122  Sphaeroidinellopsis seminulina             305  Cibicidoides dutemplei peelensis        
   123  Globigerinoides trilobus                   270  Cibicidoides grossa                     
   124  Globoquadrina dehiscens                    159  Cibicidoides grossa LCO                 
   125  Neogloboquadrina continuosa                330  Cibicidoides pachyderma                 
   126  Globigerinoides obliquus                    31  Cibicidoides scaldisensis               
   127  Globigerinita naparimaensis                327  Cibicidoides scaldisensis LCO           
   128  Distatodinium biffii                       506  Cibicidoides subhaidingeri              
   129  Trochammina ruthven murrayi                187  Cibicidoides truncanus                  
   130  Siphonina advena                           495  Cibicidoides velascoensis               
   131  Palaeocystodinium bulliforme               220  Cibicidoides wuellerstorffi             
   132  Paragloborotalia opima nana                466  Clavulina anglica                       
   133  Hormosina ovulum                           200  Clavulina sp. 1                         
   134  Hormosina excelsa                           25  Coarse agglutinated spp.                
   135  Palaeocystodinium bulliforme LCO           211  Coarse aglutinated spp. LCO             
   136  Cystammina pauciloculata                    66  Coleites reticulosus                    
   137  Globigerinoides primordius                 510  Conotrochammina sp. 1                   
   138  Tenuitella angustiumbilicata               396  Cordosphaeridium cantharellum           
   139  Paragloborotalia opima opima               402  Cordosphaeridium funiculatum            
   140  Rotaliatina bulimoides                     370  Corrudinium incompositum                
   141  Planulina renzi                            351  Coscinodiscus sp. 3 King                
   142  Gyroidina soldanii mamilligera             349  Coscinodiscus sp. 4 King                
   143  Uvigerina basicordata                      350  Coscinodiscus sp. 5 King                
   144  Turborotalia cerroazulensis                 22  Coscinodiscus spp.                      
   145  Homotryblium floripes                      331  Cribroelphidium bartletti               
   146  Subbotina eocaena                          180  Cribroelphidium bartletti-vulgare       
   147  Catapsydrax aff. dissimilis                169  Cribrostomoides trinitatensis           
   148  Globigerapsis index                        501  Cruciplacolithus tenuis                 
   149  Homotryblium floripes LCO                   80  Cyclammina cancellata                   
   150  Distatodinium biffii FO                     97  Cyclammina placenta                     
   151  Dracodinium spp.                           183  Cyclammina rotundidorsata               
   152  Globocassidulina subglobosa                110  Cystammina aff.globigerinaeformis       
   153  Dracodinium spp. LCO                       136  Cystammina pauciloculata                
   154  Dracodinium pachydermum FO                 435  Cystammina spp                          
   155  Palynodinium grallator                     372  D. phosphoritica (thick walled)         
   156  Phthanoperidinium echinatum LCO            503  Danea californica                       
   157  Glaphyrocysta ordinata LCO                 511  Dapsilidinium pseudocolligerum          
   158  Spongodinium delitiense                    108  Deflandrea oebisfeldensis               
   159  Cibicidoides grossa LCO                     21  Deflandrea oebisfeldensis LCO           
   160  Acarinina pseudotopilensis                   3  Deflandrea phosphoritica                
   161  Wetzeliella articulata                     101  Deflandrea phosphoritica FO             
   162  Morozovella formosa gracilis               275  Deflandrea phosphoritica LCO            
   163  Glomospirella sp.1                         479  Deflandrea spp.                         
   164  Nuttalides truempyi                        518  Deflandrea spp. ?                       
   165  Heterolepa mexicana                        405  Deflandrea striata                      
   166  Haplophragmoides porrectus                 272  Dentoglobigerina baroemoenensis         
   167  Trochamminoides proteus                    193  Dentoglobigerina galavisi               
   168  Recurvoides anormis                         79  Dentoglobigerina tripartita             
   169  Cribrostomoides trinitatensis               91  Diatoms/radiolarians LCO                
   170  Reticulophragmium acutidorsata              83  Diphyes colligerum                      
   171  Buccella frigida                            92  Diphyes ficusoides                      
   172  Apectodinium homomorphum                   128  Distatodinium biffii                    
   173  Asterigerina staeschi                      150  Distatodinium biffii FO                 
   174  Reticulophragmium sp.9                     512  Distatodinium ellipticum                
   175  Reticulophragmium intermedia               406  Distatodinium paradoxum                 
   176  Uvigerina gallowayi                        483  Distatodinium spp.                      
   177  Haplophragmoides sp. 3                     281  Dorothia oxycona                        
   178  Eggerella advena                           321  Dorothia seigliei                       
   179  Globorotalia scitula praescitula           384  Dorothia sp. 1 (big)                    
   180  Cribroelphidium bartletti-vulgare          415  Dracodinium condylos                    
   181  Cibicidoides dutemplei                      98  Dracodinium pachydermum                 
   182  Spirosigmoilinella compressa               154  Dracodinium pachydermum FO              
   183  Cyclammina rotundidorsata                  100  Dracodinium pachydermum LCO             
   184  Palaeoperidinium pyrophorum LCO            514  Dracodinium rhomboidum                  
   185  Bulimina midwayensis                       232  Dracodinium samlandicum                 
   186  Anomalinoides midwayensis                  151  Dracodinium spp.                        
   187  Cibicidoides truncanus                     153  Dracodinium spp. LCO                    
   188  Pleurostomella sp. 1                       429  Dracodinium varielongitudum             
   189  Karreriella pokornyi                       303  Eatonicysta glabra                      
   190  Anomalinoides acuta                         99  Eatonicysta ursulae                     
   191  Epistomina sp. 5                            14  Eatonicysta ursulae LCO                 
   192  Karreriella coniformis                     178  Eggerella advena                        
   193  Dentoglobigerina galavisi                  448  Ehrenbergina serrata                    
   194  Subbotina frontosa                         334  Ehrenbergina variabilis                 
   195  Globorotalia praemenardii                  317  Elphidiella hannai                      
   196  Pseudobolivina sp. 1                       463  Elphidium cf. latidorsatum              
   197  Reophax elongatus                          240  Elphidium clavatum                      
   198  Glomospirella biedae                        77  Elphidium spp.                          
   199  Bolivina floridana                         286  Elphidium subnodosum                    
   200  Clavulina sp. 1                            367  Emslandia emslandensis                  
   201  Haplophragmoides stomatus                  433  Eoglobigerina edita                     
   202  NS Log B                                   345  Eoglobigerina trivialis                 
   203  NS Log C                                    71  Epistomina elegans                      
   204  NS Log D                                   191  Epistomina sp. 5                        
   205  NS Log E                                    27  Eponides umbonatus                      
   206  NS Log F                                   218  Fibrocysta radiata                      
   207  NS Log G                                   430  Filisphaera filifera LCO                
   208  Subbotina angiporoides                     421  Filisphaera filifera pilosa             
   209  Globorotalia bella                         472  Filisphaera spp. acme                   
   210  Nonion granosum                            412  Flat diatoms/sponge spicules            
   211  Coarse aglutinated spp. LCO                  9  Fursenkoina gracilis                    
   212  Spiroplectammina carinata deperdita        236  G. ex.gr. praescitula zealandica        
   213  Svalbardella cf. granulata                 274  Gaudryina aff. hiltermanni              
   214  Recurvoides dissonus                        55  Gavelinella beccariiformis              
   215  Martinotiella sp.2                         216  Gelatia inflata                         
   216  Gelatia inflata                            387  Genus indet. Michoux 1                  
   217  Globorotalia scitula                       388  Genus indet. Michoux 2                  
   218  Fibrocysta radiata                         366  Genus indet. Piasecki                   
   219  Martinotiella cylindrica                   462  Gerdiocysta conopia                     
   220  Cibicidoides wuellerstorffi                419  Glaphyrocysta intricata                 
   221  Membranophoridium aspinatum                157  Glaphyrocysta ordinata LCO              
   222  Globoquadrina altispira                    399  Glaphyrocysta semitecta                 
   223  Globigerina ciperoensis                    148  Globigerapsis index                     
   224  Uvigerina mexicana                         465  Globigerina ampliapertura               
   225  "Turborotalia" aff. ampliapertura            2  Globigerina apertura                    
   226  Microdinium sp. 1 Chateauneuf              339  Globigerina bulloides                   
   227  Wetzeliella gochtii                        464  Globigerina cf. gortanii                
   228  Cassidulina teretis                        223  Globigerina ciperoensis                 
   229  Recurvoides ex.gr. walteri                 243  Globigerina decoraperta                 
   230  Osangularia lens                           111  Globigerina ex.gr. officinalis          
   231  Charlesdowniea columna                     355  Globigerina fringa                      
   232  Dracodinium samlandicum                    468  Globigerina munda                       
   233  Catapsydrax unicavus                       121  Globigerina nepenthes                   
   234  Siphogenerina sp.                           15  Globigerina praebulloides               
   235  Globorotalia zealandica                    470  Globigerina quinqueloba (red)           
   236  G. ex.gr. praescitula zealandica           467  Globigerina woodi                       
   237  Quadrimorphina allomorphinoides LCO        358  Globigerinatheka kugleri                
   238  Cibicidoides aff. subspiratus              360  Globigerinella praesiphonifera          
   239  Labyrinthodinium truncatum                 347  Globigerinita glutinata                 
   240  Elphidium clavatum                         127  Globigerinita naparimaensis             
   241  Taxodiaceaepollenites spp.                 247  Globigerinoides altiaperturus           
   242  Caryapollenites spp.                       126  Globigerinoides obliquus                
   243  Globigerina decoraperta                    137  Globigerinoides primordius              
   244  Achomosphaera andalousiensis LCO           308  Globigerinoides spp.                    
   245  Hyperammina dilatata                       123  Globigerinoides trilobus                
   246  Pentadinium taeniagerum                     65  Globobulimina sp.                       
   247  Globigerinoides altiaperturus              152  Globocassidulina subglobosa             
   248  Glomospira glomerata                       411  Globocassidulina subglobosa var.        
   249  Kisselovia coleothrypta                     19  Globoconusa daubjergensis               
   250  Hyperammina rugosa                         222  Globoquadrina altispira                 
   251  Ammodiscus planus                          383  Globoquadrina baroemoenensis            
   252  Nematosphaeropsis aquaeducta               124  Globoquadrina dehiscens                 
   253  Subbotina triloculinoides                  344  Globoquadrina praedehiscens             
   254  Reticulofenestra dictyota                   81  Globoquadrina venezuelana               
   255  Azolla bloom                               209  Globorotalia bella                      
   256  Toweius selandianus                          5  Globorotalia crassaformis               
   257  Alisocysta sp. 1 Heilmann-Clausen            4  Globorotalia inflata                    
   258  Tappanina selmensis                        195  Globorotalia praemenardii               
   259  Ammodiscus latus                           266  Globorotalia puncticulata               
   260  Haplophragmoides kirki                     217  Globorotalia scitula                    
   261  Haplophragmoides walteri                   179  Globorotalia scitula praescitula        
   262  Karreriella horrida                        120  Globorotalia siakensis                  
   263  Ammomarginulina aubertae                   235  Globorotalia zealandica                 
   264  Karreriella conversa                        56  Glomospira charoides                    
   265  Asterigerina gurichi (peak)                299  Glomospira diffundens                   
   266  Globorotalia puncticulata                  248  Glomospira glomerata                    
   267  Bulimina semicostata                       298  Glomospira irregularis                  
   268  Tectatodinium sp.                          198  Glomospirella biedae                    
   269  Neogloboquadrina atlantica                 163  Glomospirella sp.1                      
   270  Cibicidoides grossa                         38  Gochtodinium simplex                    
   271  Turborotalia increbescens                  278  Greenbug assemblage                     
   272  Dentoglobigerina baroemoenensis             20  Gyroidina girardana                     
   273  Operculodinium sp. B (sensu Powell)        142  Gyroidina soldanii mamilligera          
   274  Gaudryina aff. hiltermanni                 381  H. coninckii                            
   275  Deflandrea phosphoritica LCO               410  Haplophragmoides carinatus              
   276  Recurvoides gerochi                        280  Haplophragmoides decussatus             
   277  Tuff                                       260  Haplophragmoides kirki                  
   278  Greenbug assemblage                        166  Haplophragmoides porrectus              
   279  Recurvoidella lamella                      177  Haplophragmoides sp. 3                  
   280  Haplophragmoides decussatus                201  Haplophragmoides stomatus               
   281  Dorothia oxycona                           261  Haplophragmoides walteri                
   282  Uvigerina ex.gr. semiornata                319  Haplophragmoides walteri excavatus      
   283  Reticulophragmium garcilassoi               13  Heteraulacacysta porosa                 
   284  Labrospira pacifica                        165  Heterolepa mexicana                     
   285  Caucasina elongata                         145  Homotryblium floripes                   
   286  Elphidium subnodosum                       149  Homotryblium floripes LCO               
   287  Miocene planktonic foram flood             134  Hormosina excelsa                       
   288  Melonis barleanum                          133  Hormosina ovulum                        
   289  Adercotryma agterbergi                     469  Hormosina velascoensis                  
   290  Trochamminoides subtrullisatus             325  Hyalinea balthica                       
   291  Reticulophragmoides jarvisi                245  Hyperammina dilatata                    
   292  Karreriella bradyi                         250  Hyperammina rugosa                      
   293  Morozovella ex.gr. angulata                477  Hystrichocolpa rigaudae LCO             
   294  Cibicidoides comatosus                     389  Hystrichosphaeridium tubiferum          
   295  Kalamopsis grzybowskii                     363  Hystrichosphaeropsis obscura            
   296  Buccella tenerrima                         523  Hystrichosphaeropsis obscura LCO        
   297  Charlesdowniea edwardsii                   400  Hystrichostrogylon sp.                  
   298  Glomospira irregularis                     516  Impagidinium 'granulatum' acme/LCO      
   299  Glomospira diffundens                      337  Impagidinium sp. 1 Heilmann-Clausen     
   300  Bolboforma laevis                          475  Impaginidium 'granulatum' Stratlab      
   301  Bolboforma metzmacheri                     374  Inaperturopollenites hiatus             
   302  Cenosphaera spp. (spheres)                 112  Inaperturopollenites spp.               
   303  Eatonicysta glabra                         113  Inaperturopollenites spp. LCO           
   304  Areoligera gippingensis                    450  Isabelidinium? viborgense               
   305  Cibicidoides dutemplei peelensis           295  Kalamopsis grzybowskii                  
   306  Nuttalinella florealis                     292  Karreriella bradyi                      
   307  Tenuitella munda                           192  Karreriella coniformis                  
   308  Globigerinoides spp.                       264  Karreriella conversa                    
   309  Ammomarginulina foliaceus                  262  Karreriella horrida                     
   310  Saccammina placenta                        189  Karreriella pokornyi                    
   311  Saccammina grzybowski                      249  Kisselovia coleothrypta                 
   312  Bolboforma aff.subreticulata               378  Kisselovia vittata gr.                  
   313  Sphaerammina gerochi                       284  Labrospira pacifica                     
   314  Nodellum velascoensis                      239  Labyrinthodinium truncatum              
   315  Trochamminoides irregularis                520  Large Tasmanites                        
   316  Trifarina fluens                           458  Loxostomoides lammersi                  
   317  Elphidiella hannai                         379  M. fimbriatum                           
   318  Monspeliensis pseudotepida                  34  Marginulina decorata                    
   319  Haplophragmoides walteri excavatus         219  Martinotiella cylindrica                
   320  Uvigerina rustica                          215  Martinotiella sp.2                      
   321  Dorothia seigliei                          107  Matanzia varians                        
   322  Reticulophragmoides sp.5                   485  Melitasphaeridium asterium LCO          
   323  Bolboforma spiralis                        507  Melitasphaeridium choanophorum          
   324  Aschemonella grandis                       288  Melonis barleanum                       
   325  Hyalinea balthica                          491  Membranilarnacia sp. A Millennia        
   326  Nonion labradoricum                        221  Membranophoridium aspinatum             
   327  Cibicidoides scaldisensis LCO              226  Microdinium sp. 1 Chateauneuf           
   328  Ammonia beccarii                           287  Miocene planktonic foram flood          
   329  Ammonia inflata                            318  Monspeliensis pseudotepida              
   330  Cibicidoides pachyderma                    293  Morozovella ex.gr. angulata             
   331  Cribroelphidium bartletti                  162  Morozovella formosa gracilis            
   332  Planulina ariminensis                       89  Morozovella spinulosa                   
   333  Neogloboquadrina dutertrei                 202  NS Log B                                
   334  Ehrenbergina variabilis                    203  NS Log C                                
   335  Bolboforma fragori                         204  NS Log D                                
   336  Rectoguembelina turkmenica                 205  NS Log E                                
   337  Impagidinium sp. 1 Heilmann-Clausen        206  NS Log F                                
   338  Bulimina marginata                         207  NS Log G                                
   339  Globigerina bulloides                      252  Nematosphaeropsis aquaeducta            
   340  Paromalina crassa                          499  Neochiastozygus perfectus               
   341  Neogloboquadrina mayeri                      6  Neogloboquadrina acostaensis            
   342  Bolboforma reticulata                      269  Neogloboquadrina atlantica              
   343  Cenosphaera sp. (disc or flat)              58  Neogloboquadrina atlantica (dextral)    
   344  Globoquadrina praedehiscens                125  Neogloboquadrina continuosa             
   345  Eoglobigerina trivialis                    333  Neogloboquadrina dutertrei              
   346  Bolboforma subfragoris                      74  Neogloboquadrina humerosa               
   347  Globigerinita glutinata                    341  Neogloboquadrina mayeri                 
   348  Sphaeroidinella disjuncta                    1  Neogloboquadrina pachyderma             
   349  Coscinodiscus sp. 4 King                   314  Nodellum velascoensis                   
   350  Coscinodiscus sp. 5 King                   352  Nonion affine LCO                       
   351  Coscinodiscus sp. 3 King                   210  Nonion granosum                         
   352  Nonion affine LCO                          326  Nonion labradoricum                     
   353  Calcareous benthics spp.                   164  Nuttalides truempyi                     
   354  Cenosphaera acme (zones 1-3)               306  Nuttalinella florealis                  
   355  Globigerina fringa                         392  Operculodinium janduchenei              
   356  Arenobulimina dorbignyi                    493  Operculodinium severinii                
   357  Acarinina ex. gr. spinulosa                273  Operculodinium sp. B (sensu Powell)     
   358  Globigerinatheka kugleri                    67  Operculodinium tiara                    
   359  Psamminopelta tenuitheka                   116  Orbulina suturalis                      
   360  Globigerinella praesiphonifera               8  Orbulina universa                       
   361  Sumatradinium spp.                          49  Osangularia expansa                     
   362  Cannosphaeropsis utinensis                 230  Osangularia lens                        
   363  Hystrichosphaeropsis obscura               409  Palaeocystodinium australinum           
   364  Amiculosphaera umbracula                   131  Palaeocystodinium bulliforme            
   365  Bolboforma clodiusi                        135  Palaeocystodinium bulliforme LCO        
   366  Genus indet. Piasecki                      509  Palaeocystodinium sp A                  
   367  Emslandia emslandensis                     118  Palaeoperidinium pyrophorum             
   368  Chiropteridium mespilanum                  184  Palaeoperidinium pyrophorum LCO         
   369  Rhombodinium draco                         155  Palynodinium grallator                  
   370  Corrudinium incompositum                   132  Paragloborotalia opima nana             
   371  Areosphaeridium arcuatum                   139  Paragloborotalia opima opima            
   372  D. phosphoritica (thick walled)            340  Paromalina crassa                       
   373  Systematophora sp. 1                       393  Pentadinium laticinctum                 
   374  Inaperturopollenites hiatus                517  Pentadinium laticinctum LCO             
   375  Senegal. obscurum                          480  Pentadinium lophophorum                 
   376  Ceratiopsis wardenensis                    246  Pentadinium taeniagerum                 
   377  Svalbardella granulata                     488  Phthanoperidinium 'rigalis'             
   378  Kisselovia vittata gr.                     420  Phthanoperidinium amoenum               
   379  M. fimbriatum                              403  Phthanoperidinium amoenum var           
   380  C. triangulus                              461  Phthanoperidinium comatum               
   381  H. coninckii                               484  Phthanoperidinium comatum LCO           
   382  S. rhomboideus                             156  Phthanoperidinium echinatum LCO         
   383  Globoquadrina baroemoenensis               425  Phthanoperidinium geminatum             
   384  Dorothia sp. 1 (big)                       460  Phthanoperidinium spp.                  
   385  Reticulophragmium aff. amplectens          513  Phthanoperidium distinctum              
   386  Alisocysta reticulata                       60  Planorotalites compressus               
   387  Genus indet. Michoux 1                      47  Planorotalites planoconicus             
   388  Genus indet. Michoux 2                     332  Planulina ariminensis                   
   389  Hystrichosphaeridium tubiferum             141  Planulina renzi                         
   390  Reticulosphaera actinocoronata             188  Pleurostomella sp. 1                    
   391  Achomosphaera andalousiense                521  Prasinophysid algae LCO                 
   392  Operculodinium janduchenei                 500  Prinsius dimorphosus                    
   393  Pentadinium laticinctum                    359  Psamminopelta tenuitheka                
   394  Tuberculodinium vancampoae                 196  Pseudobolivina sp. 1                    
   395  Unipontidinium aquaeductum                 427  Pseudoclavulina anglica                 
   396  Cordosphaeridium cantharellum               85  Pseudohastigerina micra                 
   397  Apteodinium spiridoides                     36  Pseudohastigerina wilcoxensis           
   398  Cerebrocysta bartonensis                   515  Pterospermella spp.                     
   399  Glaphyrocysta semitecta                    446  Pullenia bulloides                      
   400  Hystrichostrogylon sp.                     494  Quadrimorphina allomorphinoides         
   401  Areosphaeridium sp. A                      237  Quadrimorphina allomorphinoides LCO     
   402  Cordosphaeridium funiculatum                11  R. actinocoronata FO                    
   403  Phthanoperidinium amoenum var              336  Rectoguembelina turkmenica              
   404  Ceratiopsis wardenensis LCO                279  Recurvoidella lamella                   
   405  Deflandrea striata                         168  Recurvoides anormis                     
   406  Distatodinium paradoxum                    214  Recurvoides dissonus                    
   407  Spiniferites sp. 1 Manum                   229  Recurvoides ex.gr. walteri              
   408  Wetzelliella astra                         276  Recurvoides gerochi                     
   409  Palaeocystodinium australinum              444  Red stained foram assemblage            
   410  Haplophragmoides carinatus                 197  Reophax elongatus                       
   411  Globocassidulina subglobosa var.           414  Reticulatosphaera actinocoronata        
   412  Flat diatoms/sponge spicules               418  Reticulatosphaera stellata              
   413  Silicious biofacies                        254  Reticulofenestra dictyota               
   414  Reticulatosphaera actinocoronata           170  Reticulophragmium acutidorsata          
   415  Dracodinium condylos                       385  Reticulophragmium aff. amplectens       
   416  Sponge spicule A RRI                        29  Reticulophragmium amplectens            
   417  Sponge spicule B RRI                       283  Reticulophragmium garcilassoi           
   418  Reticulatosphaera stellata                 175  Reticulophragmium intermedia            
   419  Glaphyrocysta intricata                     76  Reticulophragmium paupera               
   420  Phthanoperidinium amoenum                  174  Reticulophragmium sp.9                  
   421  Filisphaera filifera pilosa                291  Reticulophragmoides jarvisi             
   422  Spiniferites 'rugulatus'                   322  Reticulophragmoides sp.5                
   423  Alabamina tangentialis                     390  Reticulosphaera actinocoronata          
   424  Valvulineria petrolei                      369  Rhombodinium draco                      
   425  Phthanoperidinium geminatum                 75  Rhombodinium porosum                    
   426  Chilostomella cylindroides                 140  Rotaliatina bulimoides                  
   427  Pseudoclavulina anglica                     72  Rottnestia borussica                    
   428  Anomalinoides grosserugosa                 105  Rzehakina minima                        
   429  Dracodinium varielongitudum                382  S. rhomboideus                          
   430  Filisphaera filifera LCO                   311  Saccammina grzybowski                   
   431  Apectodinium spp.                          310  Saccammina placenta                     
   432  Cerodinium striatum                        375  Senegal. obscurum                       
   433  Eoglobigerina edita                         23  Sigmoilopsis schlumbergeri              
   434  Accarinina praeangulata                    413  Silicious biofacies                     
   435  Cystammina spp                             234  Siphogenerina sp.                       
   436  Achilleodinium biformoides                 130  Siphonina advena                        
   437  Areosphaeridium arcuatum LCO               313  Sphaerammina gerochi                    
   438  Bulimina paleocenica                       447  Sphaeroidina bulloides                  
   439  Acarinina sp                               348  Sphaeroidinella disjuncta               
   440  Sponge spicules                            119  Sphaeroidinella subdehiscens            
   441  Uvigerina venusta gr                       122  Sphaeroidinellopsis seminulina          
   442  Cassidulina subglobosa                     454  Spiniferites "magnifica"                
   443  Uvigerina tenuipustulata                   502  Spiniferites 'rhomboideus'              
   444  Red stained foram assemblage               422  Spiniferites 'rugulatus'                
   445  Spiniferites cornutus                      486  Spiniferites 'verrucosus' Stratlab      
   446  Pullenia bulloides                         522  Spiniferites aff. multispina            
   447  Sphaeroidina bulloides                     445  Spiniferites cornutus                   
   448  Ehrenbergina serrata                       456  Spiniferites elongatus                  
   449  Cenodiscus sp.1 RRI                        476  Spiniferites pseudofurcatus             
   450  Isabelidinium? viborgense                  407  Spiniferites sp. 1 Manum                
   451  Anomalinoides welleri                       48  Spiniferites sp. 2 Manum et al.         
   452  Alisocysta sp 2 Heilmann-Clausen            35  Spiroplectammina aff.dentata            
   453  Cerodinium wardenense                       18  Spiroplectammina carinata               
   454  Spiniferites "magnifica"                   212  Spiroplectammina carinata deperdita     
   455  Trinovantedinium capitatum                  54  Spiroplectammina navarroana             
   456  Spiniferites elongatus                      57  Spiroplectammina spectabilis LCO        
   457  Bitectadinium tepikiense                    68  Spiroplectammina spectabilis LO         
   458  Loxostomoides lammersi                     182  Spirosigmoilinella compressa            
   459  Chiropteridium dispersum                    73  Spirosigmoilinella compressa FO         
   460  Phthanoperidinium spp.                     416  Sponge spicule A RRI                    
   461  Phthanoperidinium comatum                  417  Sponge spicule B RRI                    
   462  Gerdiocysta conopia                        440  Sponge spicules                         
   463  Elphidium cf. latidorsatum                 158  Spongodinium delitiense                 
   464  Globigerina cf. gortanii                   208  Subbotina angiporoides                  
   465  Globigerina ampliapertura                  146  Subbotina eocaena                       
   466  Clavulina anglica                          194  Subbotina frontosa                      
   467  Globigerina woodi                           82  Subbotina linaperta                     
   468  Globigerina munda                           50  Subbotina patagonica                    
   469  Hormosina velascoensis                      61  Subbotina pseudobulloides               
   470  Globigerina quinqueloba (red)              253  Subbotina triloculinoides               
   471  T.ruthvenmurrayi var                        84  Subbotina yeguaensis                    
   472  Filisphaera spp. acme                      361  Sumatradinium spp.                      
   473  Amiculosphaera spp.                        213  Svalbardella cf. granulata              
   474  Amiculosphaera umbracula LCO                46  Svalbardella cooksoniae                 
   475  Impaginidium 'granulatum' Stratlab         377  Svalbardella granulata                  
   476  Spiniferites pseudofurcatus                478  Systematophora ancyria                  
   477  Hystrichocolpa rigaudae LCO                 93  Systematophora placacantha              
   478  Systematophora ancyria                      94  Systematophora placacantha LCO          
   479  Deflandrea spp.                            373  Systematophora sp. 1                    
   480  Pentadinium lophophorum                    471  T.ruthvenmurrayi var                    
   481  Thalasiphora pelagica                      258  Tappanina selmensis                     
   482  Chiropteridium spp.                        241  Taxodiaceaepollenites spp.              
   483  Distatodinium spp.                         268  Tectatodinium sp.                       
   484  Phthanoperidinium comatum LCO              138  Tenuitella angustiumbilicata            
   485  Melitasphaeridium asterium LCO             307  Tenuitella munda                        
   486  Spiniferites 'verrucosus' Stratlab         481  Thalasiphora pelagica                   
   487  Xenocodinium 'baculatum' Stratlab          489  Thalasisphora delicata                  
   488  Phthanoperidinium 'rigalis'                504  Thalassiphora cf. delicata              
   489  Thalasisphora delicata                     256  Toweius selandianus                     
   490  Cerodinium dartmoori                       316  Trifarina fluens                        
   491  Membranilarnacia sp. A Millennia           455  Trinovantedinium capitatum              
   492  Cerodinium speciosum glabrum               505  Trinovantedinium glorianum              
   493  Operculodinium severinii                   106  Trochammina cf. subvesicularis          
   494  Quadrimorphina allomorphinoides            129  Trochammina ruthven murrayi             
   495  Cibicidoides velascoensis                   78  Trochamminoides coronatus               
   496  Areoligera gippingensis LCO                315  Trochamminoides irregularis             
   497  Chiasmolithus danicus                      167  Trochamminoides proteus                 
   498  Chiasmolithus bidens                       290  Trochamminoides subtrullisatus          
   499  Neochiastozygus perfectus                  394  Tuberculodinium vancampoae              
   500  Prinsius dimorphosus                       524  Tuberculodinium vancampoae LCO          
   501  Cruciplacolithus tenuis                    277  Tuff                                    
   502  Spiniferites 'rhomboideus'                 144  Turborotalia cerroazulensis             
   503  Danea californica                          271  Turborotalia increbescens               
   504  Thalassiphora cf. delicata                  33  Turborotalia pomeroli                   
   505  Trinovantedinium glorianum                  24  Turrilina alsatica                      
   506  Cibicidoides subhaidingeri                 103  Turrilina alsatica FO                   
   507  Melitasphaeridium choanophorum              86  Turrilina robertsi                      
   508  Cannosphaeropsis sp. 1                     395  Unipontidinium aquaeductum              
   509  Palaeocystodinium sp A                     143  Uvigerina basicordata                   
   510  Conotrochammina sp. 1                       53  Uvigerina batjesi                       
   511  Dapsilidinium pseudocolligerum              10  Uvigerina canariensis                   
   512  Distatodinium ellipticum                   282  Uvigerina ex.gr. semiornata             
   513  Phthanoperidium distinctum                  26  Uvigerina ex.gr.miozea-nuttali          
   514  Dracodinium rhomboidum                     176  Uvigerina gallowayi                     
   515  Pterospermella spp.                        224  Uvigerina mexicana                      
   516  Impagidinium 'granulatum' acme/LCO         320  Uvigerina rustica                       
   517  Pentadinium laticinctum LCO                443  Uvigerina tenuipustulata                
   518  Deflandrea spp. ?                          441  Uvigerina venusta gr                    
   519  Caligodinium amiculum ?                    424  Valvulineria petrolei                   
   520  Large Tasmanites                           161  Wetzeliella articulata                  
   521  Prasinophysid algae LCO                    227  Wetzeliella gochtii                     
   522  Spiniferites aff. multispina               408  Wetzelliella astra                      
   523  Hystrichosphaeropsis obscura LCO            41  Wetzelliella symmetrica                 
   524  Tuberculodinium vancampoae LCO             487  Xenocodinium 'baculatum' Stratlab       




EVENT CYCLES PRIOR TO RANKING
_____________________________


 RUN FOR 6 OR MORE OCCURRENCES AND 1 OR MORE PAIRS


 MODIFICATION OF ORDER MATRIX:

 BASED ON CRIT1 =  1.0,    0 PAIRS OUT OF  1485 HAVE BEEN ZEROED



           CYCLING EVENTS:     7   24   97

            PROBABILITIES:   0.31 0.31 0.00

          MATRIX ELEMENTS:
                             0.0  2.0  4.0
                             4.0  0.0  2.5
                             3.0  3.5  0.0

  ( 97,  7)  ZEROED - BASED ON LEAST DIFFERENCE BETWEEN PAIRS


           NAMES OF EVENTS IN PRECEDING CYCLE:
               7  Areoligera semicirculata                
              24  Turrilina alsatica                      
              97  Cyclammina placenta                     



           CYCLING EVENTS:     7   24   97   41

            PROBABILITIES:   0.31 0.31 0.55 0.78

          MATRIX ELEMENTS:
                             0.0  2.0  0.0  4.5
                             4.0  0.0  2.5  2.0
                             0.0  3.5  0.0  2.0
                             1.5  2.0  5.0  0.0

  (  7, 24)  ZEROED - BASED ON LEAST DIFFERENCE BETWEEN PAIRS

  ( 24, 97)  ZEROED - BASED ON LEAST DIFFERENCE BETWEEN PAIRS


           NAMES OF EVENTS IN PRECEDING CYCLE:
               7  Areoligera semicirculata                
              24  Turrilina alsatica                      
              97  Cyclammina placenta                     
              41  Wetzelliella symmetrica                 



           CYCLING EVENTS:     3   24  182

            PROBABILITIES:   0.00 0.37 0.88

          MATRIX ELEMENTS:
                             0.0  2.0  4.0
                             3.0  0.0  1.5
                             0.0  2.5  0.0

  (  3, 24)  ZEROED - BASED ON LEAST DIFFERENCE BETWEEN PAIRS


           NAMES OF EVENTS IN PRECEDING CYCLE:
               3  Deflandrea phosphoritica                
              24  Turrilina alsatica                      
             182  Spirosigmoilinella compressa            



           CYCLING EVENTS:   182   25   24

            PROBABILITIES:   0.93 0.31 0.37

          MATRIX ELEMENTS:
                             0.0  1.0  2.5
                             7.0  0.0  2.0
                             1.5  4.0  0.0

  ( 25, 24)  ZEROED - BASED ON LEAST DIFFERENCE BETWEEN PAIRS


           NAMES OF EVENTS IN PRECEDING CYCLE:
             182  Spirosigmoilinella compressa            
              25  Coarse agglutinated spp.                
              24  Turrilina alsatica                      



           CYCLING EVENTS:    32   29  261

            PROBABILITIES:   0.55 0.66 0.00

          MATRIX ELEMENTS:
                             0.0  2.0  4.0
                             5.0  0.0  3.0
                             3.0  7.0  0.0

  (261, 32)  ZEROED - BASED ON LEAST DIFFERENCE BETWEEN PAIRS


           NAMES OF EVENTS IN PRECEDING CYCLE:
              32  Ammosphaeroidina pseudopauciloculata    
              29  Reticulophragmium amplectens            
             261  Haplophragmoides walteri                



           CYCLING EVENTS:   229   12  321

            PROBABILITIES:   0.00 0.78 0.00

          MATRIX ELEMENTS:
                             0.0  1.0  3.0
                             2.0  0.0  1.5
                             2.0  4.5  0.0

  (229, 12)  ZEROED - BASED ON LEAST DIFFERENCE BETWEEN PAIRS

  (321,229)  ZEROED - BASED ON LEAST DIFFERENCE BETWEEN PAIRS


           NAMES OF EVENTS IN PRECEDING CYCLE:
             229  Recurvoides ex.gr. walteri              
              12  Areosphaeridium diktyoplokus            
             321  Dorothia seigliei                       



           CYCLING EVENTS:   263  229   72

            PROBABILITIES:   0.37 0.00 0.00

          MATRIX ELEMENTS:
                             0.0  1.0  2.0
                             3.0  0.0  1.0
                             1.0  2.0  0.0

  (229, 72)  ZEROED - BASED ON LEAST DIFFERENCE BETWEEN PAIRS

  ( 72,263)  ZEROED - BASED ON LEAST DIFFERENCE BETWEEN PAIRS


           NAMES OF EVENTS IN PRECEDING CYCLE:
             263  Ammomarginulina aubertae                
             229  Recurvoides ex.gr. walteri              
              72  Rottnestia borussica                    





 OPTIMUM SEQUENCE OBTAINED VIA RANKING

     1    2    3    4    5    6    7    8    9   10   11   12   13   14   15   16   17   18   19   20
    23   22   24   21   25   26   27   28   30   31   29   32   33   34   35   36   37   38   39   40
    41   42   43   44   45   46   47   48   49   50   51   52   53   54   55





 OPTIMUM SEQUENCE USING ORIGINAL CODE NUMBERS
    77  228    1   31  316  171  270    4   23  269   91   15  363  362  219  236   17    3    7   41
    25   97  182   24  289  198  324  261  321   29   32   12  229   72  263   68   92  260  175   99
    54  279   50  108   22   28  105   76  283   57  114  310  129  134  118





 RANKING SOLUTION OBTAINED WITH:

            726 ITERATIONS OUT OF MAXIMUM  90000


          CRITICAL TRANSPOSE ELEMENT SUM OF   1.0

          TOLERANCE OF   0.0



THE FOLLOWING RESULTS CONTAIN OPTIMUM SEQUENCE AFTER' RANKING




   OCCURRENCE TABLE
  __________________


           NAME                          NUMBER   WELL NUMBER
   (OPTIMUM SEQUENCE)
                                                                    1 1 1 1 1 
                                                  1 2 3 4 5 6 7 8 9 0 1 2 3 4 
 

 Elphidium spp.                              77         X X X   X X X X X   X
 Cassidulina teretis                        228   X X X X X X   X X X X X X  
 Neogloboquadrina pachyderma                  1   X X X X X X   X   X X   X  
 Cibicidoides scaldisensis                   31   X X   X   X   X   X     X  
 Trifarina fluens                           316   X   X X   X   X     X     X
 Buccella frigida                           171   X     X   X   X   X     X  
 Cibicidoides grossa                        270   X X X X X X   X     X   X  
 Globorotalia inflata                         4   X X X X X X   X           X
 Sigmoilopsis schlumbergeri                  23   X X X X X X   X X X X X   X
 Neogloboquadrina atlantica                 269   X X X X X X   X X X   X   X
 Diatoms/radiolarians LCO                    91   X X X   X X       X X   X  
 Globigerina praebulloides                   15   X X X X X X     X X X X   X
 Hystrichosphaeropsis obscura               363     X X     X       X     X X
 Cannosphaeropsis utinensis                 362   X X X     X       X     X X
 Martinotiella cylindrica                   219   X X X   X       X X   X   X
 G. ex.gr. praescitula zealandica           236     X     X       X X X X   X
 Asterigerina gurichi                        17         X X       X X X X X  
 Deflandrea phosphoritica                     3   X X X X   X X           X  
 Areoligera semicirculata                     7   X X X X   X X     X     X X
 Wetzelliella symmetrica                     41   X X X X X   X     X        
 Coarse agglutinated spp.                    25   X X X X X X X   X X   X X  
 Cyclammina placenta                         97   X X X X X X X   X X X      
 Spirosigmoilinella compressa               182   X X X X X       X X X X    
 Turrilina alsatica                          24   X     X X X X       X   X X
 Adercotryma agterbergi                     289   X X X X X         X X     X
 Glomospirella biedae                       198   X   X X   X       X X      
 Aschemonella grandis                       324   X X X       X     X X      
 Haplophragmoides walteri                   261     X X X X X X   X X X X   X
 Dorothia seigliei                          321   X X X X X         X X X   X
 Reticulophragmium amplectens                29   X X X X X X X   X X   X   X
 Ammosphaeroidina pseudopauciloculata        32   X X X X     X   X X X      
 Areosphaeridium diktyoplokus                12   X X   X X X X     X       X
 Recurvoides ex.gr. walteri                 229   X X X     X         X X    
 Rottnestia borussica                        72   X X   X   X X     X        
 Ammomarginulina aubertae                   263     X X   X   X     X X X    
 Spiroplectammina spectabilis LO             68   X X X X X   X   X X X X   X
 Diphyes ficusoides                          92   X X X X   X X              
 Haplophragmoides kirki                     260   X X X X X X X   X X        
 Reticulophragmium intermedia               175   X X   X     X     X       X
 Eatonicysta ursulae                         99   X X X X X X X     X       X
 Spiroplectammina navarroana                 54   X X X X X X X   X X X X    
 Recurvoidella lamella                      279   X X   X X   X   X X        
 Subbotina patagonica                        50   X X X X X X X   X X X     X
 Deflandrea oebisfeldensis                  108   X X X X X X X           X X
 Coscinodiscus spp.                          22   X X X X X       X   X   X X
 Apectodinium augustum                       28   X X X X X X X     X       X
 Rzehakina minima                           105   X X   X     X   X     X    
 Reticulophragmium paupera                   76   X X X X X X     X X X   X X
 Reticulophragmium garcilassoi              283     X   X X   X   X         X
 Spiroplectammina spectabilis LCO            57   X X   X X X X   X X X   X X
 Alisocysta margarita                       114   X   X X     X           X X
 Saccammina placenta                        310   X X X X     X       X X   X
 Trochammina ruthven murrayi                129   X X X X   X X           X  
 Hormosina excelsa                          134   X     X   X       X X   X  
 Palaeoperidinium pyrophorum                118     X X X   X X           X  



 SEQUENCE OF WELLS:


    1   Saga (N) 6407/2-3                       
    2   Statoil (N) 6407/4-1                    
    3   Elf Aquitaine (N) 6406/8-1              
    4   Hydro (N) 34/8-1                        
    5   Esso (N) 16/1-1                         
    6   Saga (N) 34/4-5                         
    7   Hydro (N) 6407/7-1                      
    8   6407/7A-1                               
    9   BP (UK) 15/20-2                         
   10   Saga (N) 2/2-4                          
   11   Shell (UK) 22/6-1                       
   12   Amoco (N) 2/8-1                         
   13   Saga (N) 35/3-1                         
   14   Saga 6406/2-1                           




 STEP MODEL
 __________

THE STEPMODEL GIVES A PENALTY POINT FOR EACH POSITION
AN EVENT RECORD IN A WELL IS OUT OF PLACE, RELATIVE TO
THE EVENT ORDER IN THE (SCALED) OPTIMUM SEQUENCE.


           NAME                       NUMBER     WELL NUMBER
   (OPTIMUM SEQUENCE)
                                                   1    2    3    4    5    6    7    8    9   10   11   12   13   14


 Elphidium spp.                           77                    1.5  1.0  1.5       4.0  0.0  1.0  0.0  0.5       0.0
 Cassidulina teretis                     228     2.0  1.0  1.5  1.5  1.0  1.5       1.5  0.5  1.0  1.0  0.5  0.0     
 Neogloboquadrina pachyderma               1     1.0  1.0  1.5  1.5  2.0  1.5       2.0       1.5  2.0       0.5     
 Cibicidoides scaldisensis                31     1.0  1.0       1.5       1.5       2.5       1.5            1.0     
 Trifarina fluens                        316     1.0       2.0  4.0       0.0       1.0            2.0            1.0
 Buccella frigida                        171     0.5            1.0       2.0       1.5       4.0            1.5     
 Cibicidoides grossa                     270     1.0  0.0  2.5  1.5  2.0  1.5       2.0            1.0       0.0     
 Globorotalia inflata                      4     1.5  0.0  1.0  1.5  1.0  1.0       0.5                           1.0
 Sigmoilopsis schlumbergeri               23     0.0  0.0  3.5  1.0  1.0  2.5       1.0  1.0  0.0  0.0  0.5       2.0
 Neogloboquadrina atlantica              269     0.0  0.0  0.5  0.0  1.0  0.0       1.0  1.5  0.0       0.5       0.0
 Diatoms/radiolarians LCO                 91     1.0  0.0  0.5       1.0  3.0                 5.0  0.0       2.0     
 Globigerina praebulloides                15     1.0  0.0  0.0  1.0  1.5  1.0            2.0  6.5  1.5  1.0       1.5
 Hystrichosphaeropsis obscura            363          0.5  0.5            2.0                 2.0            1.0  1.0
 Cannosphaeropsis utinensis              362     0.0  1.0  0.5            2.0                 2.5            1.0  2.0
 Martinotiella cylindrica                219     0.0  1.5  0.0       3.0                 1.0  2.5       1.0       2.0
 G. ex.gr. praescitula zealandica        236          0.0            0.5                 1.0  3.0  1.5  1.0       2.5
 Asterigerina gurichi                     17                    1.0  0.0                 1.0  2.5  2.0  0.0  3.0     
 Deflandrea phosphoritica                  3     0.0  0.0  1.5  0.0       3.0  2.0                           2.0     
 Areoligera semicirculata                  7     0.5  0.0  1.0  8.0       3.0  1.5            8.0            2.0  0.5
 Wetzelliella symmetrica                  41     0.5  0.0  0.5  7.5  1.0       1.0            8.0                    
 Coarse agglutinated spp.                 25     1.0  0.5  0.5  4.5  1.0  2.0  1.5       0.0  7.0       0.0  1.0     
 Cyclammina placenta                      97     1.0  0.5  4.0  4.5  1.0  5.0  5.5       0.5  7.0  0.0               
 Spirosigmoilinella compressa            182     1.0  2.0  3.0  4.5  1.0                 0.5  5.0  0.0  1.0          
 Turrilina alsatica                       24     0.0            5.0  1.0  3.0  4.5                 4.0       4.0  0.5
 Adercotryma agterbergi                  289     1.0  1.0  2.5  3.5  1.0                      5.0  2.0            1.0
 Glomospirella biedae                    198     1.0       2.0  5.0       2.0                 5.0  2.0               
 Aschemonella grandis                    324     1.0  1.0  2.0                 1.5            5.0  2.0               
 Haplophragmoides walteri                261          5.0  0.0  5.0  1.0  2.0  9.0       4.0  5.0  3.0  1.0       1.0
 Dorothia seigliei                       321     4.5  5.0  6.0  6.5  1.0                      2.0  3.0  0.0       2.0
 Reticulophragmium amplectens             29     2.0  3.0  1.0  1.5  4.0  4.0  2.0       1.0  1.0       3.0       1.0
 Ammosphaeroidina pseudopauciloculata     32     4.0  3.0  2.0  1.5            4.0       3.0  1.0  5.0               
 Areosphaeridium diktyoplokus             12     3.0  3.0       1.0  2.0  3.0  3.5            1.0                 1.0
 Recurvoides ex.gr. walteri              229     3.5  4.0  3.0            2.0                      5.0  1.0          
 Rottnestia borussica                     72     3.5  2.0       1.0       3.0  3.5            1.0                    
 Ammomarginulina aubertae                263          3.0  3.0       2.0       9.0            2.0  0.0  2.0          
 Spiroplectammina spectabilis LO          68     3.5  3.0  3.0  3.0  2.0       3.5       3.0  2.0  0.0  2.0       0.0
 Diphyes ficusoides                       92     4.5  3.0  1.0  2.0       1.0  2.0                                   
 Haplophragmoides kirki                  260     3.5  1.5  0.0  3.0  4.0  2.0  4.0       3.0  1.0                    
 Reticulophragmium intermedia            175     1.5  2.0       2.0            3.0            1.5                 1.0
 Eatonicysta ursulae                      99     1.0  3.0  0.0  2.0  0.0  1.0  3.0            2.0                 1.0
 Spiroplectammina navarroana              54     1.5  3.5  0.5  6.0  0.5  1.0  2.0       0.0  3.0  0.0  0.0          
 Recurvoidella lamella                   279     1.5  3.0       4.0  0.5       1.0       0.5  1.5                    
 Subbotina patagonica                     50     1.5  1.0  0.5  1.0  0.0  1.0  1.0       0.5  0.0  0.0            0.0
 Deflandrea oebisfeldensis               108     0.0  0.5  0.5  1.0  0.5  0.5  1.0                           0.0  0.0
 Coscinodiscus spp.                       22     0.0  0.5  0.5  1.0  1.0                 0.0       0.0       0.0  0.0
 Apectodinium augustum                    28     0.0  0.0  0.0  1.0  1.5  0.5  0.0            1.0                 0.0
 Rzehakina minima                        105     1.5  1.0       1.0            6.0       0.5            0.5          
 Reticulophragmium paupera                76     1.0  1.0  0.0  2.0  0.0  3.0            0.5  1.5  1.5       2.5  1.0
 Reticulophragmium garcilassoi           283          3.5       2.0  0.0       1.0       1.0                      1.0
 Spiroplectammina spectabilis LCO         57     0.5  2.0       2.0  0.0  2.5  4.0       1.0  2.0  2.0       1.0  1.0
 Alisocysta margarita                    114     3.0       0.0  2.0            2.0                           1.0  0.0
 Saccammina placenta                     310     2.0  1.0  1.0  2.0            2.5                 2.0  0.5       0.0
 Trochammina ruthven murrayi             129     2.0  1.5  1.0  1.0       2.0  2.5                           0.5     
 Hormosina excelsa                       134     2.0            1.0       1.5                 0.5  1.5       1.0     
 Palaeoperidinium pyrophorum             118          2.0  1.0  0.0       0.0  1.0                           1.0     


    KENDALL`S TAU =                              0.94 0.93 0.93 0.89 0.93 0.90 0.80 0.62 0.90 0.86 0.89 0.91 0.88 0.94


NOTE: KENDALL`S TAU IS A RANK CORRELATION COEFFICIENT.
LIKE THE ORDINARY (PEARSON`S) PRODUCT-MOMENT CORRELATION
COEFFICIENT, TAU VARIES BETWEEN 0 FOR COMPLETE LACK OF
CORRELATION AND +1 OR -1 FOR MAXIMUM POSITIVE OR NEGATIVE
CORRELATION. TAU IS CALCULATED FROM THE PENALTY SCORES FOR
EACH WELL AND EXPRESSES DEGREE OF CORRELATION WITH THE
OPTIMUM SEQUENCE.






 PENALTY POINTS FOR EVENTS LOWER THAN EXPECTED


           NAME                       NUMBER     WELL NUMBER
   (OPTIMUM SEQUENCE)
                                                   1    2    3    4    5    6    7    8    9   10   11   12   13   14


 Elphidium spp.                           77                    0.0  0.0  0.0       3.0  0.0  1.0  0.0  0.0       0.0
 Cassidulina teretis                     228     1.0  0.0  0.0  0.0  0.0  0.0       0.0  0.0  1.0  1.0  0.0  0.0     
 Neogloboquadrina pachyderma               1     0.0  0.0  0.0  0.0  1.0  0.0       1.0       1.0  2.0       0.0     
 Cibicidoides scaldisensis                31     0.0  0.0       0.0       0.0       0.0       1.0            1.0     
 Trifarina fluens                        316     0.0       2.0  4.0       0.0       0.0            0.0            1.0
 Buccella frigida                        171     0.0            0.0       2.0       1.0       0.0            0.0     
 Cibicidoides grossa                     270     1.0  0.0  0.0  0.0  0.0  0.0       0.0            0.0       0.0     
 Globorotalia inflata                      4     0.0  0.0  1.0  0.0  0.0  1.0       0.0                           1.0
 Sigmoilopsis schlumbergeri               23     0.0  0.0  0.0  0.0  0.0  0.0       1.0  1.0  0.0  0.0  0.0       0.0
 Neogloboquadrina atlantica              269     0.0  0.0  0.0  0.0  1.0  0.0       0.0  0.0  0.0       0.0       0.0
 Diatoms/radiolarians LCO                 91     1.0  0.0  0.0       1.0  3.0                 5.0  0.0       2.0     
 Globigerina praebulloides                15     0.0  0.0  0.0  1.0  1.0  0.0            1.0  6.0  1.0  0.0       1.0
 Hystrichosphaeropsis obscura            363          0.0  0.0            2.0                 0.0            0.0  0.0
 Cannosphaeropsis utinensis              362     0.0  1.0  0.0            0.0                 0.0            0.0  2.0
 Martinotiella cylindrica                219     0.0  0.0  0.0       0.0                 0.0  0.0       0.0       1.0
 G. ex.gr. praescitula zealandica        236          0.0            0.0                 0.0  2.0  1.0  0.0       0.0
 Asterigerina gurichi                     17                    0.0  0.0                 0.0  2.0  0.0  0.0  3.0     
 Deflandrea phosphoritica                  3     0.0  0.0  1.0  0.0       3.0  2.0                           1.0     
 Areoligera semicirculata                  7     0.0  0.0  0.0  8.0       2.0  0.0            8.0            1.0  0.0
 Wetzelliella symmetrica                  41     0.0  0.0  0.0  6.0  1.0       1.0            8.0                    
 Coarse agglutinated spp.                 25     0.0  0.0  0.0  1.0  0.0  2.0  1.0       0.0  1.0       0.0  1.0     
 Cyclammina placenta                      97     0.0  0.0  4.0  1.0  0.0  0.0  5.0       0.0  0.0  0.0               
 Spirosigmoilinella compressa            182     0.0  2.0  1.0  1.0  0.0                 0.0  3.0  0.0  1.0          
 Turrilina alsatica                       24     0.0            0.0  0.0  0.0  0.0                 4.0       0.0  0.0
 Adercotryma agterbergi                  289     0.0  0.0  0.0  2.0  0.0                      3.0  1.0            1.0
 Glomospirella biedae                    198     0.0       0.0  5.0       1.0                 0.0  0.0               
 Aschemonella grandis                    324     0.0  0.0  0.0                 0.0            0.0  2.0               
 Haplophragmoides walteri                261          3.0  0.0  1.0  0.0  1.0  8.0       4.0  0.0  3.0  0.0       1.0
 Dorothia seigliei                       321     4.0  3.0  6.0  0.0  0.0                      0.0  2.0  0.0       0.0
 Reticulophragmium amplectens             29     1.0  0.0  0.0  0.0  4.0  4.0  0.0       0.0  1.0       3.0       1.0
 Ammosphaeroidina pseudopauciloculata     32     4.0  0.0  0.0  0.0            3.0       2.0  0.0  1.0               
 Areosphaeridium diktyoplokus             12     0.0  1.0       0.0  1.0  0.0  0.0            1.0                 0.0
 Recurvoides ex.gr. walteri              229     3.0  0.0  2.0            1.0                      0.0  0.0          
 Rottnestia borussica                     72     0.0  2.0       1.0       0.0  0.0            1.0                    
 Ammomarginulina aubertae                263          0.0  0.0       1.0       9.0            0.0  0.0  1.0          
 Spiroplectammina spectabilis LO          68     1.0  0.0  0.0  3.0  1.0       0.0       1.0  2.0  0.0  0.0       0.0
 Diphyes ficusoides                       92     0.0  3.0  0.0  1.0       0.0  0.0                                   
 Haplophragmoides kirki                  260     2.0  0.0  0.0  0.0  0.0  1.0  2.0       0.0  0.0                    
 Reticulophragmium intermedia            175     0.0  2.0       2.0            0.0            1.0                 1.0
 Eatonicysta ursulae                      99     0.0  3.0  0.0  1.0  0.0  0.0  0.0            2.0                 0.0
 Spiroplectammina navarroana              54     0.0  0.0  0.0  5.0  0.0  0.0  0.0       0.0  0.0  0.0  0.0          
 Recurvoidella lamella                   279     0.0  0.0       0.0  0.0       0.0       0.0  0.0                    
 Subbotina patagonica                     50     0.0  0.0  0.0  0.0  0.0  0.0  0.0       0.0  0.0  0.0            0.0
 Deflandrea oebisfeldensis               108     0.0  0.0  0.0  0.0  0.0  0.0  0.0                           0.0  0.0
 Coscinodiscus spp.                       22     0.0  0.0  0.0  0.0  1.0                 0.0       0.0       0.0  0.0
 Apectodinium augustum                    28     0.0  0.0  0.0  0.0  0.0  0.0  0.0            1.0                 0.0
 Rzehakina minima                        105     1.0  0.0       0.0            6.0       0.0            0.0          
 Reticulophragmium paupera                76     0.0  0.0  0.0  1.0  0.0  3.0            0.0  1.0  1.0       2.0  0.0
 Reticulophragmium garcilassoi           283          3.0       0.0  0.0       0.0       1.0                      0.0
 Spiroplectammina spectabilis LCO         57     0.0  0.0       2.0  0.0  1.0  3.0       0.0  0.0  2.0       0.0  0.0
 Alisocysta margarita                    114     3.0       0.0  0.0            0.0                           0.0  0.0
 Saccammina placenta                     310     0.0  0.0  0.0  0.0            0.0                 0.0  0.0       0.0
 Trochammina ruthven murrayi             129     0.0  1.0  0.0  1.0       0.0  0.0                           0.0     
 Hormosina excelsa                       134     0.0            0.0       0.0                 0.0  0.0       1.0     
 Palaeoperidinium pyrophorum             118          0.0  0.0  0.0       0.0  0.0                           0.0     




 PENALTY POINTS FOR EVENTS HIGHER THAN EXPECTED


           NAME                       NUMBER     WELL NUMBER
   (OPTIMUM SEQUENCE)
                                                   1    2    3    4    5    6    7    8    9   10   11   12   13   14


 Elphidium spp.                           77                    0.0  0.0  0.0       0.0  0.0  0.0  0.0  0.0       0.0
 Cassidulina teretis                     228     0.0  0.0  0.0  0.0  0.0  0.0       1.0  0.0  0.0  0.0  0.0  0.0     
 Neogloboquadrina pachyderma               1     1.0  0.0  0.0  0.0  0.0  0.0       1.0       0.0  0.0       0.0     
 Cibicidoides scaldisensis                31     0.0  0.0       0.0       0.0       2.0       0.0            0.0     
 Trifarina fluens                        316     0.0       0.0  0.0       0.0       0.0            2.0            0.0
 Buccella frigida                        171     0.0            1.0       0.0       0.0       4.0            1.0     
 Cibicidoides grossa                     270     0.0  0.0  1.0  1.0  1.0  1.0       1.0            1.0       0.0     
 Globorotalia inflata                      4     1.0  0.0  0.0  1.0  0.0  0.0       0.0                           0.0
 Sigmoilopsis schlumbergeri               23     0.0  0.0  2.0  1.0  0.0  2.0       0.0  0.0  0.0  0.0  0.0       2.0
 Neogloboquadrina atlantica              269     0.0  0.0  0.0  0.0  0.0  0.0       1.0  1.0  0.0       0.0       0.0
 Diatoms/radiolarians LCO                 91     0.0  0.0  0.0       0.0  0.0                 0.0  0.0       0.0     
 Globigerina praebulloides                15     1.0  0.0  0.0  0.0  0.0  1.0            0.0  0.0  0.0  0.0       0.0
 Hystrichosphaeropsis obscura            363          0.0  0.0            0.0                 2.0            1.0  1.0
 Cannosphaeropsis utinensis              362     0.0  0.0  0.0            2.0                 2.0            1.0  0.0
 Martinotiella cylindrica                219     0.0  1.0  0.0       3.0                 1.0  2.0       0.0       1.0
 G. ex.gr. praescitula zealandica        236          0.0            0.0                 0.0  1.0  0.0  0.0       2.0
 Asterigerina gurichi                     17                    1.0  0.0                 0.0  0.0  2.0  0.0  0.0     
 Deflandrea phosphoritica                  3     0.0  0.0  0.0  0.0       0.0  0.0                           1.0     
 Areoligera semicirculata                  7     0.0  0.0  1.0  0.0       1.0  1.0            0.0            1.0  0.0
 Wetzelliella symmetrica                  41     0.0  0.0  0.0  1.0  0.0       0.0            0.0                    
 Coarse agglutinated spp.                 25     0.0  0.0  0.0  2.0  1.0  0.0  0.0       0.0  6.0       0.0  0.0     
 Cyclammina placenta                      97     0.0  0.0  0.0  2.0  0.0  5.0  0.0       0.0  7.0  0.0               
 Spirosigmoilinella compressa            182     0.0  0.0  1.0  2.0  0.0                 0.0  2.0  0.0  0.0          
 Turrilina alsatica                       24     0.0            5.0  0.0  3.0  4.0                 0.0       4.0  0.0
 Adercotryma agterbergi                  289     0.0  1.0  2.0  1.0  0.0                      2.0  1.0            0.0
 Glomospirella biedae                    198     0.0       1.0  0.0       0.0                 4.0  2.0               
 Aschemonella grandis                    324     0.0  1.0  1.0                 1.0            4.0  0.0               
 Haplophragmoides walteri                261          0.0  0.0  4.0  0.0  0.0  0.0       0.0  4.0  0.0  1.0       0.0
 Dorothia seigliei                       321     0.0  0.0  0.0  5.0  0.0                      2.0  1.0  0.0       2.0
 Reticulophragmium amplectens             29     1.0  2.0  1.0  1.0  0.0  0.0  2.0       1.0  0.0       0.0       0.0
 Ammosphaeroidina pseudopauciloculata     32     0.0  2.0  1.0  1.0            1.0       1.0  1.0  4.0               
 Areosphaeridium diktyoplokus             12     3.0  0.0       1.0  1.0  3.0  3.0            0.0                 1.0
 Recurvoides ex.gr. walteri              229     0.0  3.0  1.0            1.0                      5.0  1.0          
 Rottnestia borussica                     72     3.0  0.0       0.0       2.0  3.0            0.0                    
 Ammomarginulina aubertae                263          1.0  2.0       1.0       0.0            2.0  0.0  1.0          
 Spiroplectammina spectabilis LO          68     2.0  1.0  2.0  0.0  1.0       3.0       2.0  0.0  0.0  2.0       0.0
 Diphyes ficusoides                       92     4.0  0.0  1.0  1.0       1.0  2.0                                   
 Haplophragmoides kirki                  260     0.0  1.0  0.0  3.0  4.0  0.0  1.0       3.0  1.0                    
 Reticulophragmium intermedia            175     1.0  0.0       0.0            3.0            0.0                 0.0
 Eatonicysta ursulae                      99     1.0  0.0  0.0  1.0  0.0  1.0  3.0            0.0                 1.0
 Spiroplectammina navarroana              54     0.0  3.0  0.0  0.0  0.0  0.0  1.0       0.0  3.0  0.0  0.0          
 Recurvoidella lamella                   279     0.0  3.0       4.0  0.0       1.0       0.0  1.0                    
 Subbotina patagonica                     50     0.0  1.0  0.0  1.0  0.0  0.0  1.0       0.0  0.0  0.0            0.0
 Deflandrea oebisfeldensis               108     0.0  0.0  0.0  1.0  0.0  0.0  1.0                           0.0  0.0
 Coscinodiscus spp.                       22     0.0  0.0  0.0  1.0  0.0                 0.0       0.0       0.0  0.0
 Apectodinium augustum                    28     0.0  0.0  0.0  1.0  1.0  0.0  0.0            0.0                 0.0
 Rzehakina minima                        105     0.0  0.0       0.0            0.0       0.0            0.0          
 Reticulophragmium paupera                76     1.0  0.0  0.0  0.0  0.0  0.0            0.0  0.0  0.0       0.0  0.0
 Reticulophragmium garcilassoi           283          0.0       1.0  0.0       1.0       0.0                      0.0
 Spiroplectammina spectabilis LCO         57     0.0  1.0       0.0  0.0  1.0  1.0       1.0  2.0  0.0       1.0  0.0
 Alisocysta margarita                    114     0.0       0.0  1.0            2.0                           1.0  0.0
 Saccammina placenta                     310     1.0  1.0  0.0  1.0            2.0                 2.0  0.0       0.0
 Trochammina ruthven murrayi             129     1.0  0.0  0.0  0.0       2.0  2.0                           0.0     
 Hormosina excelsa                       134     1.0            1.0       1.0                 0.0  1.0       0.0     
 Palaeoperidinium pyrophorum             118          2.0  0.0  0.0       0.0  1.0                           1.0     
