                14ceni.out                                          2007/06/24

 EXTRA OUTPUT FILE.  REQUIRED AS INPUT FILE FOR CASC




  Saga (N) 6407/2-3                       

 WELL #  1 WITH  47 EVENTS

  i    X(i)    EXPECTED  ERROR BAR
                           INPUT

  1   0.00000   0.43820   0.41021
  2   1.00000   1.05632   0.37668
  3   2.00000   1.67184   0.34484
  4   3.00000   2.28478   0.31476
  5   4.00000   2.89513   0.28652
  6   5.00000   3.50289   0.26022
  7   6.00000   4.10807   0.23600
  8   7.00000   4.71065   0.21399
  9   8.00000   5.31065   0.19437
 10   9.00000   5.90806   0.17734
 11  10.00000   6.50288   0.16308
 12  11.00000   7.09511   0.15175
 13  12.00000   7.68476   0.14341
 14  13.00000   8.27181   0.13798
 15  14.00000   8.85628   0.13523
 16  15.00000   9.43816   0.13478
 17  16.00000  10.01745   0.13616
 18  17.00000  10.59416   0.13885
 19  18.00000  11.16827   0.14239
 20  19.00000  11.73980   0.14636
 21  20.00000  12.30874   0.15042
 22  21.00000  12.87509   0.15431
 23  22.00000  13.43885   0.15782
 24  23.00000  14.00003   0.16079
 25  24.00000  14.55861   0.16310
 26  25.00000  15.11461   0.16469
 27  26.00000  15.66802   0.16548
 28  27.00000  16.21885   0.16544
 29  28.00000  16.76708   0.16458
 30  29.00000  17.31273   0.16290
 31  30.00000  17.85578   0.16044
 32  31.00000  18.39625   0.15726
 33  32.00000  18.93413   0.15344
 34  33.00000  19.46943   0.14912
 35  34.00000  20.00213   0.14447
 36  35.00000  20.53225   0.13972
 37  36.00000  21.05978   0.13520
 38  37.00000  21.58472   0.13128
 39  38.00000  22.10707   0.12845
 40  39.00000  22.62683   0.12725
 41  40.00000  23.14401   0.12823
 42  41.00000  23.65860   0.13189
 43  42.00000  24.17060   0.13857
 44  43.00000  24.68001   0.14840
 45  44.00000  25.18683   0.16136
 46  45.00000  25.69107   0.17729
 47  46.00000  26.19271   0.19595
 48  47.00000  26.69177   0.21714
 49  48.00000  27.18824   0.24063
 50  49.00000  27.68213   0.26625
 51  50.00000  28.17342   0.29386
 52  51.00000  28.66213   0.32333
 53  52.00000  29.14824   0.35458
 54  53.00000  29.63177   0.38752
 55  54.00000  30.11271   0.42211



  Statoil (N) 6407/4-1                    

 WELL #  2 WITH  47 EVENTS

  i    X(i)    EXPECTED  ERROR BAR
                           INPUT

  1   0.00000  -0.55915   0.45019
  2   1.00000   0.13250   0.41448
  3   2.00000   0.82078   0.38046
  4   3.00000   1.50570   0.34817
  5   4.00000   2.18726   0.31769
  6   5.00000   2.86546   0.28910
  7   6.00000   3.54031   0.26250
  8   7.00000   4.21179   0.23802
  9   8.00000   4.87992   0.21579
 10   9.00000   5.54468   0.19600
 11  10.00000   6.20609   0.17882
 12  11.00000   6.86413   0.16444
 13  12.00000   7.51882   0.15298
 14  13.00000   8.17015   0.14451
 15  14.00000   8.81811   0.13893
 16  15.00000   9.46272   0.13599
 17  16.00000  10.10397   0.13532
 18  17.00000  10.74185   0.13643
 19  18.00000  11.37638   0.13881
 20  19.00000  12.00755   0.14201
 21  20.00000  12.63536   0.14561
 22  21.00000  13.25981   0.14927
 23  22.00000  13.88090   0.15273
 24  23.00000  14.49863   0.15577
 25  24.00000  15.11300   0.15826
 26  25.00000  15.72402   0.16006
 27  26.00000  16.33167   0.16111
 28  27.00000  16.93596   0.16136
 29  28.00000  17.53689   0.16078
 30  29.00000  18.13447   0.15938
 31  30.00000  18.72868   0.15717
 32  31.00000  19.31953   0.15422
 33  32.00000  19.90703   0.15060
 34  33.00000  20.49117   0.14645
 35  34.00000  21.07194   0.14193
 36  35.00000  21.64935   0.13729
 37  36.00000  22.22341   0.13283
 38  37.00000  22.79411   0.12895
 39  38.00000  23.36145   0.12616
 40  39.00000  23.92542   0.12501
 41  40.00000  24.48604   0.12608
 42  41.00000  25.04330   0.12988
 43  42.00000  25.59720   0.13675
 44  43.00000  26.14774   0.14685
 45  44.00000  26.69492   0.16014
 46  45.00000  27.23874   0.17643
 47  46.00000  27.77920   0.19551
 48  47.00000  28.31630   0.21715
 49  48.00000  28.85004   0.24112
 50  49.00000  29.38042   0.26726
 51  50.00000  29.90745   0.29541
 52  51.00000  30.43111   0.32547
 53  52.00000  30.95141   0.35733
 54  53.00000  31.46836   0.39093
 55  54.00000  31.98194   0.42621



  Elf Aquitaine (N) 6406/8-1              

 WELL #  3 WITH  41 EVENTS

  i    X(i)    EXPECTED  ERROR BAR
                           INPUT

  1   0.00000  -0.62672   0.45902
  2   1.00000  -0.11726   0.42194
  3   2.00000   0.39238   0.38657
  4   3.00000   0.90221   0.35297
  5   4.00000   1.41222   0.32120
  6   5.00000   1.92243   0.29135
  7   6.00000   2.43281   0.26352
  8   7.00000   2.94339   0.23786
  9   8.00000   3.45414   0.21452
 10   9.00000   3.96509   0.19369
 11  10.00000   4.47622   0.17561
 12  11.00000   4.98754   0.16051
 13  12.00000   5.49904   0.14856
 14  13.00000   6.01073   0.13989
 15  14.00000   6.52261   0.13442
 16  15.00000   7.03467   0.13190
 17  16.00000   7.54692   0.13189
 18  17.00000   8.05935   0.13384
 19  18.00000   8.57197   0.13717
 20  19.00000   9.08478   0.14135
 21  20.00000   9.59777   0.14593
 22  21.00000  10.11095   0.15055
 23  22.00000  10.62431   0.15493
 24  23.00000  11.13786   0.15887
 25  24.00000  11.65160   0.16222
 26  25.00000  12.16552   0.16486
 27  26.00000  12.67963   0.16673
 28  27.00000  13.19392   0.16779
 29  28.00000  13.70841   0.16804
 30  29.00000  14.22307   0.16747
 31  30.00000  14.73792   0.16614
 32  31.00000  15.25296   0.16412
 33  32.00000  15.76819   0.16151
 34  33.00000  16.28360   0.15844
 35  34.00000  16.79920   0.15512
 36  35.00000  17.31498   0.15178
 37  36.00000  17.83095   0.14874
 38  37.00000  18.34711   0.14637
 39  38.00000  18.86345   0.14511
 40  39.00000  19.37997   0.14544
 41  40.00000  19.89669   0.14784
 42  41.00000  20.41359   0.15270
 43  42.00000  20.93067   0.16035
 44  43.00000  21.44794   0.17092
 45  44.00000  21.96540   0.18445
 46  45.00000  22.48304   0.20085
 47  46.00000  23.00087   0.21997
 48  47.00000  23.51889   0.24165
 49  48.00000  24.03709   0.26572
 50  49.00000  24.55548   0.29203
 51  50.00000  25.07405   0.32044
 52  51.00000  25.59282   0.35086
 53  52.00000  26.11176   0.38318
 54  53.00000  26.63089   0.41734
 55  54.00000  27.15021   0.45326



  Hydro (N) 34/8-1                        

 WELL #  4 WITH  47 EVENTS

  i    X(i)    EXPECTED  ERROR BAR
                           INPUT

  1   0.00000   0.90045   0.37724
  2   1.00000   1.31957   0.34716
  3   2.00000   1.74607   0.31873
  4   3.00000   2.17995   0.29201
  5   4.00000   2.62122   0.26709
  6   5.00000   3.06987   0.24409
  7   6.00000   3.52591   0.22312
  8   7.00000   3.98933   0.20434
  9   8.00000   4.46014   0.18789
 10   9.00000   4.93833   0.17391
 11  10.00000   5.42390   0.16253
 12  11.00000   5.91686   0.15380
 13  12.00000   6.41720   0.14766
 14  13.00000   6.92492   0.14396
 15  14.00000   7.44003   0.14242
 16  15.00000   7.96252   0.14266
 17  16.00000   8.49240   0.14430
 18  17.00000   9.02966   0.14691
 19  18.00000   9.57431   0.15012
 20  19.00000  10.12634   0.15363
 21  20.00000  10.68575   0.15715
 22  21.00000  11.25255   0.16047
 23  22.00000  11.82673   0.16343
 24  23.00000  12.40830   0.16589
 25  24.00000  12.99725   0.16774
 26  25.00000  13.59358   0.16893
 27  26.00000  14.19730   0.16939
 28  27.00000  14.80840   0.16909
 29  28.00000  15.42689   0.16802
 30  29.00000  16.05276   0.16618
 31  30.00000  16.68601   0.16358
 32  31.00000  17.32665   0.16026
 33  32.00000  17.97467   0.15629
 34  33.00000  18.63008   0.15174
 35  34.00000  19.29287   0.14675
 36  35.00000  19.96304   0.14148
 37  36.00000  20.64060   0.13615
 38  37.00000  21.32554   0.13107
 39  38.00000  22.01787   0.12661
 40  39.00000  22.71758   0.12323
 41  40.00000  23.42467   0.12148
 42  41.00000  24.13915   0.12189
 43  42.00000  24.86101   0.12495
 44  43.00000  25.59026   0.13099
 45  44.00000  26.32689   0.14014
 46  45.00000  27.07090   0.15234
 47  46.00000  27.82230   0.16741
 48  47.00000  28.58109   0.18511
 49  48.00000  29.34725   0.20520
 50  49.00000  30.12080   0.22748
 51  50.00000  30.90174   0.25174
 52  51.00000  31.69006   0.27786
 53  52.00000  32.48576   0.30571
 54  53.00000  33.28885   0.33520
 55  54.00000  34.09932   0.36626



  Esso (N) 16/1-1                         

 WELL #  5 WITH  35 EVENTS

  i    X(i)    EXPECTED  ERROR BAR
                           INPUT

  1   0.00000   0.54944   0.45734
  2   1.00000   0.88613   0.41696
  3   2.00000   1.22786   0.37881
  4   3.00000   1.57463   0.34301
  5   4.00000   1.92645   0.30969
  6   5.00000   2.28331   0.27901
  7   6.00000   2.64522   0.25120
  8   7.00000   3.01217   0.22649
  9   8.00000   3.38416   0.20516
 10   9.00000   3.76120   0.18750
 11  10.00000   4.14328   0.17375
 12  11.00000   4.53041   0.16399
 13  12.00000   4.92258   0.15811
 14  13.00000   5.31980   0.15575
 15  14.00000   5.72206   0.15631
 16  15.00000   6.12936   0.15908
 17  16.00000   6.54171   0.16336
 18  17.00000   6.95911   0.16850
 19  18.00000   7.38154   0.17398
 20  19.00000   7.80902   0.17936
 21  20.00000   8.24155   0.18433
 22  21.00000   8.67912   0.18864
 23  22.00000   9.12173   0.19213
 24  23.00000   9.56939   0.19465
 25  24.00000  10.02209   0.19614
 26  25.00000  10.47984   0.19654
 27  26.00000  10.94263   0.19583
 28  27.00000  11.41046   0.19403
 29  28.00000  11.88334   0.19116
 30  29.00000  12.36126   0.18732
 31  30.00000  12.84423   0.18260
 32  31.00000  13.33224   0.17718
 33  32.00000  13.82530   0.17128
 34  33.00000  14.32340   0.16523
 35  34.00000  14.82654   0.15943
 36  35.00000  15.33473   0.15444
 37  36.00000  15.84796   0.15091
 38  37.00000  16.36624   0.14960
 39  38.00000  16.88956   0.15128
 40  39.00000  17.41793   0.15660
 41  40.00000  17.95134   0.16596
 42  41.00000  18.48979   0.17948
 43  42.00000  19.03329   0.19704
 44  43.00000  19.58183   0.21836
 45  44.00000  20.13541   0.24313
 46  45.00000  20.69404   0.27103
 47  46.00000  21.25772   0.30180
 48  47.00000  21.82644   0.33522
 49  48.00000  22.40020   0.37111
 50  49.00000  22.97901   0.40933
 51  50.00000  23.56286   0.44977
 52  51.00000  24.15175   0.49235
 53  52.00000  24.74569   0.53701
 54  53.00000  25.34468   0.58368
 55  54.00000  25.94871   0.63233



  Saga (N) 34/4-5                         

 WELL #  6 WITH  37 EVENTS

  i    X(i)    EXPECTED  ERROR BAR
                           INPUT

  1   0.00000   0.02106   0.36773
  2   1.00000   0.75158   0.33433
  3   2.00000   1.47254   0.30283
  4   3.00000   2.18395   0.27337
  5   4.00000   2.88580   0.24609
  6   5.00000   3.57809   0.22120
  7   6.00000   4.26081   0.19895
  8   7.00000   4.93399   0.17963
  9   8.00000   5.59760   0.16357
 10   9.00000   6.25165   0.15108
 11  10.00000   6.89614   0.14236
 12  11.00000   7.53108   0.13740
 13  12.00000   8.15646   0.13593
 14  13.00000   8.77227   0.13743
 15  14.00000   9.37853   0.14124
 16  15.00000   9.97523   0.14666
 17  16.00000  10.56238   0.15308
 18  17.00000  11.13996   0.15997
 19  18.00000  11.70798   0.16694
 20  19.00000  12.26645   0.17368
 21  20.00000  12.81535   0.17996
 22  21.00000  13.35470   0.18563
 23  22.00000  13.88449   0.19056
 24  23.00000  14.40472   0.19466
 25  24.00000  14.91539   0.19787
 26  25.00000  15.41650   0.20017
 27  26.00000  15.90806   0.20154
 28  27.00000  16.39005   0.20197
 29  28.00000  16.86249   0.20149
 30  29.00000  17.32537   0.20013
 31  30.00000  17.77868   0.19794
 32  31.00000  18.22244   0.19500
 33  32.00000  18.65664   0.19141
 34  33.00000  19.08129   0.18730
 35  34.00000  19.49637   0.18286
 36  35.00000  19.90190   0.17830
 37  36.00000  20.29786   0.17389
 38  37.00000  20.68427   0.16999
 39  38.00000  21.06112   0.16699
 40  39.00000  21.42841   0.16536
 41  40.00000  21.78614   0.16559
 42  41.00000  22.13431   0.16814
 43  42.00000  22.47292   0.17341
 44  43.00000  22.80198   0.18166
 45  44.00000  23.12147   0.19302
 46  45.00000  23.43141   0.20747
 47  46.00000  23.73179   0.22492
 48  47.00000  24.02261   0.24518
 49  48.00000  24.30387   0.26808
 50  49.00000  24.57557   0.29343
 51  50.00000  24.83771   0.32106
 52  51.00000  25.09030   0.35085
 53  52.00000  25.33332   0.38265
 54  53.00000  25.56679   0.41638
 55  54.00000  25.79070   0.45195



  Hydro (N) 6407/7-1                      

 WELL #  7 WITH  30 EVENTS

  i    X(i)    EXPECTED  ERROR BAR
                           INPUT

  1   0.00000  -1.22418   1.90213
  2   1.00000  -1.12973   1.79037
  3   2.00000  -1.02192   1.68190
  4   3.00000  -0.90077   1.57674
  5   4.00000  -0.76626   1.47490
  6   5.00000  -0.61840   1.37638
  7   6.00000  -0.45719   1.28119
  8   7.00000  -0.28263   1.18935
  9   8.00000  -0.09472   1.10087
 10   9.00000   0.10655   1.01578
 11  10.00000   0.32116   0.93410
 12  11.00000   0.54913   0.85585
 13  12.00000   0.79044   0.78108
 14  13.00000   1.04511   0.70983
 15  14.00000   1.31313   0.64217
 16  15.00000   1.59449   0.57816
 17  16.00000   1.88921   0.51792
 18  17.00000   2.19728   0.46156
 19  18.00000   2.51870   0.40925
 20  19.00000   2.85348   0.36123
 21  20.00000   3.20160   0.31777
 22  21.00000   3.56307   0.27925
 23  22.00000   3.93790   0.24610
 24  23.00000   4.32608   0.21880
 25  24.00000   4.72760   0.19778
 26  25.00000   5.14248   0.18317
 27  26.00000   5.57071   0.17469
 28  27.00000   6.01229   0.17146
 29  28.00000   6.46722   0.17222
 30  29.00000   6.93550   0.17555
 31  30.00000   7.41714   0.18015
 32  31.00000   7.91212   0.18498
 33  32.00000   8.42045   0.18925
 34  33.00000   8.94214   0.19242
 35  34.00000   9.47718   0.19412
 36  35.00000  10.02556   0.19412
 37  36.00000  10.58730   0.19234
 38  37.00000  11.16239   0.18879
 39  38.00000  11.75083   0.18361
 40  39.00000  12.35262   0.17709
 41  40.00000  12.96777   0.16971
 42  41.00000  13.59626   0.16223
 43  42.00000  14.23810   0.15572
 44  43.00000  14.89330   0.15167
 45  44.00000  15.56185   0.15181
 46  45.00000  16.24374   0.15784
 47  46.00000  16.93899   0.17089
 48  47.00000  17.64759   0.19123
 49  48.00000  18.36954   0.21848
 50  49.00000  19.10484   0.25197
 51  50.00000  19.85349   0.29099
 52  51.00000  20.61550   0.33498
 53  52.00000  21.39085   0.38350
 54  53.00000  22.17955   0.43623
 55  54.00000  22.98161   0.49293



  6407/7A-1                               

 WELL #  8 WITH  10 EVENTS

  i    X(i)    EXPECTED  ERROR BAR
                           INPUT

  1   0.00000   2.01818   0.71985
  2   1.00000   1.95758   0.42283
  3   2.00000   2.01818   0.28868
  4   3.00000   2.20000   0.30896
  5   4.00000   2.50303   0.35248
  6   5.00000   2.92727   0.35248
  7   6.00000   3.47273   0.30896
  8   7.00000   4.13939   0.28868
  9   8.00000   4.92727   0.42283
 10   9.00000   5.83636   0.71985
 11  10.00000   6.86667   1.13284
 12  11.00000   8.01818   1.64363
 13  12.00000   9.29091   2.24621
 14  13.00000  10.68485   2.93825
 15  14.00000  12.20000   3.71871
 16  15.00000  13.83636   4.58704
 17  16.00000  15.59394   5.54295
 18  17.00000  17.47273   6.58626
 19  18.00000  19.47273   7.71686
 20  19.00000  21.59394   8.93470
 21  20.00000  23.83636  10.23970
 22  21.00000  26.20000  11.63185
 23  22.00000  28.68485  13.11112
 24  23.00000  31.29091  14.67749
 25  24.00000  34.01818  16.33095
 26  25.00000  36.86666  18.07149
 27  26.00000  39.83636  19.89910
 28  27.00000  42.92727  21.81378
 29  28.00000  46.13939  23.81552
 30  29.00000  49.47273  25.90431
 31  30.00000  52.92727  28.08016
 32  31.00000  56.50303  30.34306
 33  32.00000  60.20000  32.69302
 34  33.00000  64.01818  35.13002
 35  34.00000  67.95757  37.65407
 36  35.00000  72.01818  40.26516
 37  36.00000  76.20000  42.96330
 38  37.00000  80.50303  45.74849
 39  38.00000  84.92727  48.62072
 40  39.00000  89.47272  51.57999
 41  40.00000  94.13940  54.62630
 42  41.00000  98.92727  57.75966
 43  42.00000 103.83636  60.98006
 44  43.00000 108.86667  64.28751
 45  44.00000 114.01818  67.68199
 46  45.00000 119.29091  71.16351
 47  46.00000 124.68484  74.73208
 48  47.00000 130.20000  78.38768
 49  48.00000 135.83636  82.13033
 50  49.00000 141.59393  85.96001
 51  50.00000 147.47273  89.87674
 52  51.00000 153.47273  93.88051
 53  52.00000 159.59393  97.97131
 54  53.00000 165.83636 102.14916
 55  54.00000 172.20000 106.41405



  BP (UK) 15/20-2                         

 WELL #  9 WITH  24 EVENTS

  i    X(i)    EXPECTED  ERROR BAR
                           INPUT

  1   0.00000   1.33779   0.57872
  2   1.00000   1.53904   0.52999
  3   2.00000   1.74529   0.48387
  4   3.00000   1.95654   0.44049
  5   4.00000   2.17278   0.39998
  6   5.00000   2.39402   0.36252
  7   6.00000   2.62025   0.32833
  8   7.00000   2.85148   0.29766
  9   8.00000   3.08770   0.27081
 10   9.00000   3.32891   0.24805
 11  10.00000   3.57513   0.22965
 12  11.00000   3.82633   0.21575
 13  12.00000   4.08254   0.20631
 14  13.00000   4.34373   0.20105
 15  14.00000   4.60992   0.19943
 16  15.00000   4.88111   0.20077
 17  16.00000   5.15729   0.20429
 18  17.00000   5.43847   0.20925
 19  18.00000   5.72464   0.21500
 20  19.00000   6.01581   0.22097
 21  20.00000   6.31197   0.22674
 22  21.00000   6.61313   0.23197
 23  22.00000   6.91928   0.23640
 24  23.00000   7.23043   0.23984
 25  24.00000   7.54657   0.24215
 26  25.00000   7.86771   0.24322
 27  26.00000   8.19385   0.24301
 28  27.00000   8.52497   0.24147
 29  28.00000   8.86110   0.23861
 30  29.00000   9.20221   0.23447
 31  30.00000   9.54833   0.22912
 32  31.00000   9.89944   0.22265
 33  32.00000  10.25554   0.21525
 34  33.00000  10.61664   0.20715
 35  34.00000  10.98273   0.19867
 36  35.00000  11.35382   0.19028
 37  36.00000  11.72990   0.18256
 38  37.00000  12.11098   0.17630
 39  38.00000  12.49706   0.17243
 40  39.00000  12.88813   0.17196
 41  40.00000  13.28419   0.17582
 42  41.00000  13.68525   0.18467
 43  42.00000  14.09130   0.19877
 44  43.00000  14.50235   0.21799
 45  44.00000  14.91840   0.24199
 46  45.00000  15.33944   0.27031
 47  46.00000  15.76547   0.30252
 48  47.00000  16.19650   0.33823
 49  48.00000  16.63253   0.37714
 50  49.00000  17.07355   0.41900
 51  50.00000  17.51956   0.46364
 52  51.00000  17.97057   0.51091
 53  52.00000  18.42657   0.56069
 54  53.00000  18.88758   0.61291
 55  54.00000  19.35357   0.66749



  Saga (N) 2/2-4                          

 WELL # 10 WITH  40 EVENTS

  i    X(i)    EXPECTED  ERROR BAR
                           INPUT

  1   0.00000   1.70534   0.41797
  2   1.00000   2.29564   0.38243
  3   2.00000   2.88809   0.34876
  4   3.00000   3.48268   0.31701
  5   4.00000   4.07941   0.28727
  6   5.00000   4.67829   0.25965
  7   6.00000   5.27930   0.23428
  8   7.00000   5.88246   0.21132
  9   8.00000   6.48776   0.19095
 10   9.00000   7.09521   0.17338
 11  10.00000   7.70479   0.15881
 12  11.00000   8.31652   0.14737
 13  12.00000   8.93039   0.13912
 14  13.00000   9.54640   0.13392
 15  14.00000  10.16456   0.13147
 16  15.00000  10.78486   0.13131
 17  16.00000  11.40729   0.13290
 18  17.00000  12.03188   0.13567
 19  18.00000  12.65860   0.13914
 20  19.00000  13.28747   0.14288
 21  20.00000  13.91847   0.14656
 22  21.00000  14.55162   0.14994
 23  22.00000  15.18691   0.15282
 24  23.00000  15.82435   0.15508
 25  24.00000  16.46393   0.15663
 26  25.00000  17.10564   0.15744
 27  26.00000  17.74951   0.15749
 28  27.00000  18.39551   0.15681
 29  28.00000  19.04365   0.15546
 30  29.00000  19.69394   0.15355
 31  30.00000  20.34637   0.15122
 32  31.00000  21.00094   0.14867
 33  32.00000  21.65766   0.14616
 34  33.00000  22.31651   0.14401
 35  34.00000  22.97751   0.14262
 36  35.00000  23.64065   0.14244
 37  36.00000  24.30594   0.14394
 38  37.00000  24.97336   0.14759
 39  38.00000  25.64293   0.15375
 40  39.00000  26.31464   0.16270
 41  40.00000  26.98849   0.17456
 42  41.00000  27.66449   0.18933
 43  42.00000  28.34262   0.20691
 44  43.00000  29.02290   0.22717
 45  44.00000  29.70532   0.24996
 46  45.00000  30.38988   0.27513
 47  46.00000  31.07659   0.30254
 48  47.00000  31.76544   0.33207
 49  48.00000  32.45642   0.36364
 50  49.00000  33.14956   0.39715
 51  50.00000  33.84483   0.43254
 52  51.00000  34.54225   0.46976
 53  52.00000  35.24181   0.50876
 54  53.00000  35.94351   0.54951
 55  54.00000  36.64735   0.59197



  Shell (UK) 22/6-1                       

 WELL # 11 WITH  29 EVENTS

  i    X(i)    EXPECTED  ERROR BAR
                           INPUT

  1   0.00000   1.58681   0.43776
  2   1.00000   2.12308   0.40145
  3   2.00000   2.65753   0.36711
  4   3.00000   3.19016   0.33482
  5   4.00000   3.72098   0.30469
  6   5.00000   4.24997   0.27686
  7   6.00000   4.77714   0.25148
  8   7.00000   5.30249   0.22872
  9   8.00000   5.82603   0.20880
 10   9.00000   6.34774   0.19191
 11  10.00000   6.86764   0.17822
 12  11.00000   7.38571   0.16782
 13  12.00000   7.90197   0.16068
 14  13.00000   8.41640   0.15659
 15  14.00000   8.92902   0.15517
 16  15.00000   9.43981   0.15594
 17  16.00000   9.94879   0.15836
 18  17.00000  10.45595   0.16191
 19  18.00000  10.96129   0.16611
 20  19.00000  11.46480   0.17057
 21  20.00000  11.96650   0.17498
 22  21.00000  12.46638   0.17909
 23  22.00000  12.96444   0.18271
 24  23.00000  13.46068   0.18572
 25  24.00000  13.95510   0.18800
 26  25.00000  14.44770   0.18952
 27  26.00000  14.93848   0.19024
 28  27.00000  15.42744   0.19015
 29  28.00000  15.91459   0.18929
 30  29.00000  16.39991   0.18772
 31  30.00000  16.88341   0.18551
 32  31.00000  17.36509   0.18281
 33  32.00000  17.84496   0.17976
 34  33.00000  18.32300   0.17660
 35  34.00000  18.79922   0.17358
 36  35.00000  19.27363   0.17105
 37  36.00000  19.74621   0.16940
 38  37.00000  20.21698   0.16907
 39  38.00000  20.68592   0.17051
 40  39.00000  21.15305   0.17417
 41  40.00000  21.61836   0.18042
 42  41.00000  22.08184   0.18952
 43  42.00000  22.54351   0.20161
 44  43.00000  23.00336   0.21671
 45  44.00000  23.46139   0.23475
 46  45.00000  23.91760   0.25561
 47  46.00000  24.37198   0.27913
 48  47.00000  24.82455   0.30517
 49  48.00000  25.27530   0.33357
 50  49.00000  25.72423   0.36422
 51  50.00000  26.17134   0.39700
 52  51.00000  26.61664   0.43183
 53  52.00000  27.06011   0.46862
 54  53.00000  27.50176   0.50731
 55  54.00000  27.94159   0.54785



  Amoco (N) 2/8-1                         

 WELL # 12 WITH  19 EVENTS

  i    X(i)    EXPECTED  ERROR BAR
                           INPUT

  1   0.00000   0.00164   0.56445
  2   1.00000   0.27773   0.51567
  3   2.00000   0.55487   0.46948
  4   3.00000   0.83305   0.42598
  5   4.00000   1.11227   0.38529
  6   5.00000   1.39255   0.34758
  7   6.00000   1.67386   0.31304
  8   7.00000   1.95623   0.28189
  9   8.00000   2.23964   0.25441
 10   9.00000   2.52409   0.23090
 11  10.00000   2.80960   0.21163
 12  11.00000   3.09614   0.19681
 13  12.00000   3.38374   0.18646
 14  13.00000   3.67238   0.18036
 15  14.00000   3.96206   0.17801
 16  15.00000   4.25279   0.17873
 17  16.00000   4.54457   0.18171
 18  17.00000   4.83739   0.18620
 19  18.00000   5.13126   0.19151
 20  19.00000   5.42618   0.19709
 21  20.00000   5.72214   0.20252
 22  21.00000   6.01914   0.20747
 23  22.00000   6.31720   0.21173
 24  23.00000   6.61629   0.21516
 25  24.00000   6.91644   0.21766
 26  25.00000   7.21763   0.21921
 27  26.00000   7.51986   0.21984
 28  27.00000   7.82314   0.21962
 29  28.00000   8.12747   0.21869
 30  29.00000   8.43285   0.21723
 31  30.00000   8.73926   0.21550
 32  31.00000   9.04673   0.21381
 33  32.00000   9.35524   0.21257
 34  33.00000   9.66480   0.21224
 35  34.00000   9.97540   0.21337
 36  35.00000  10.28705   0.21650
 37  36.00000  10.59974   0.22218
 38  37.00000  10.91348   0.23089
 39  38.00000  11.22827   0.24299
 40  39.00000  11.54410   0.25872
 41  40.00000  11.86098   0.27814
 42  41.00000  12.17890   0.30126
 43  42.00000  12.49787   0.32795
 44  43.00000  12.81789   0.35809
 45  44.00000  13.13895   0.39152
 46  45.00000  13.46105   0.42809
 47  46.00000  13.78421   0.46765
 48  47.00000  14.10841   0.51009
 49  48.00000  14.43365   0.55528
 50  49.00000  14.75994   0.60316
 51  50.00000  15.08728   0.65362
 52  51.00000  15.41566   0.70662
 53  52.00000  15.74509   0.76210
 54  53.00000  16.07556   0.82002
 55  54.00000  16.40708   0.88032



  Saga (N) 35/3-1                         

 WELL # 13 WITH  21 EVENTS

  i    X(i)    EXPECTED  ERROR BAR
                           INPUT

  1   0.00000   1.21181   0.51458
  2   1.00000   1.69227   0.46275
  3   2.00000   2.16561   0.41375
  4   3.00000   2.63184   0.36782
  5   4.00000   3.09097   0.32534
  6   5.00000   3.54297   0.28679
  7   6.00000   3.98787   0.25284
  8   7.00000   4.42565   0.22437
  9   8.00000   4.85633   0.20240
 10   9.00000   5.27989   0.18788
 11  10.00000   5.69633   0.18131
 12  11.00000   6.10567   0.18230
 13  12.00000   6.50789   0.18962
 14  13.00000   6.90300   0.20157
 15  14.00000   7.29100   0.21653
 16  15.00000   7.67189   0.23316
 17  16.00000   8.04566   0.25046
 18  17.00000   8.41232   0.26773
 19  18.00000   8.77188   0.28447
 20  19.00000   9.12431   0.30035
 21  20.00000   9.46964   0.31512
 22  21.00000   9.80785   0.32860
 23  22.00000  10.13895   0.34067
 24  23.00000  10.46294   0.35124
 25  24.00000  10.77982   0.36025
 26  25.00000  11.08958   0.36765
 27  26.00000  11.39224   0.37342
 28  27.00000  11.68778   0.37753
 29  28.00000  11.97621   0.37999
 30  29.00000  12.25752   0.38078
 31  30.00000  12.53173   0.37994
 32  31.00000  12.79882   0.37747
 33  32.00000  13.05880   0.37342
 34  33.00000  13.31166   0.36783
 35  34.00000  13.55742   0.36077
 36  35.00000  13.79606   0.35232
 37  36.00000  14.02759   0.34258
 38  37.00000  14.25201   0.33171
 39  38.00000  14.46932   0.31987
 40  39.00000  14.67951   0.30733
 41  40.00000  14.88259   0.29439
 42  41.00000  15.07856   0.28147
 43  42.00000  15.26742   0.26910
 44  43.00000  15.44917   0.25798
 45  44.00000  15.62380   0.24894
 46  45.00000  15.79132   0.24296
 47  46.00000  15.95173   0.24107
 48  47.00000  16.10503   0.24419
 49  48.00000  16.25121   0.25300
 50  49.00000  16.39028   0.26777
 51  50.00000  16.52224   0.28843
 52  51.00000  16.64709   0.31461
 53  52.00000  16.76483   0.34583
 54  53.00000  16.87545   0.38156
 55  54.00000  16.97896   0.42133



  Saga 6406/2-1                           

 WELL # 14 WITH  29 EVENTS

  i    X(i)    EXPECTED  ERROR BAR
                           INPUT

  1   0.00000   1.43442   0.56448
  2   1.00000   1.81656   0.51677
  3   2.00000   2.20142   0.47140
  4   3.00000   2.58900   0.42846
  5   4.00000   2.97931   0.38808
  6   5.00000   3.37233   0.35042
  7   6.00000   3.76808   0.31567
  8   7.00000   4.16655   0.28410
  9   8.00000   4.56773   0.25599
 10   9.00000   4.97164   0.23171
 11  10.00000   5.37827   0.21162
 12  11.00000   5.78762   0.19603
 13  12.00000   6.19970   0.18511
 14  13.00000   6.61449   0.17878
 15  14.00000   7.03200   0.17664
 16  15.00000   7.45224   0.17801
 17  16.00000   7.87519   0.18206
 18  17.00000   8.30087   0.18795
 19  18.00000   8.72927   0.19493
 20  19.00000   9.16039   0.20237
 21  20.00000   9.59423   0.20978
 22  21.00000  10.03079   0.21677
 23  22.00000  10.47007   0.22307
 24  23.00000  10.91207   0.22846
 25  24.00000  11.35680   0.23280
 26  25.00000  11.80424   0.23596
 27  26.00000  12.25441   0.23787
 28  27.00000  12.70729   0.23850
 29  28.00000  13.16290   0.23781
 30  29.00000  13.62123   0.23580
 31  30.00000  14.08228   0.23251
 32  31.00000  14.54605   0.22799
 33  32.00000  15.01254   0.22232
 34  33.00000  15.48176   0.21562
 35  34.00000  15.95369   0.20807
 36  35.00000  16.42834   0.19991
 37  36.00000  16.90572   0.19147
 38  37.00000  17.38582   0.18321
 39  38.00000  17.86863   0.17570
 40  39.00000  18.35417   0.16972
 41  40.00000  18.84243   0.16616
 42  41.00000  19.33341   0.16597
 43  42.00000  19.82711   0.17000
 44  43.00000  20.32354   0.17883
 45  44.00000  20.82268   0.19266
 46  45.00000  21.32454   0.21132
 47  46.00000  21.82913   0.23447
 48  47.00000  22.33644   0.26166
 49  48.00000  22.84646   0.29247
 50  49.00000  23.35921   0.32655
 51  50.00000  23.87468   0.36360
 52  51.00000  24.39287   0.40340
 53  52.00000  24.91379   0.44579
 54  53.00000  25.43742   0.49061
 55  54.00000  25.96377   0.53776


                                                       N      SD     LOWEST  AVERAGE HIGHEST

   1   77  Elphidium spp.                              9   0.84007    4.530   0.000  -2.214   1.672
   2  228  Cassidulina teretis                        12   0.77440    4.144   1.000  -0.669   1.672
   3    1  Neogloboquadrina pachyderma                10   1.03539    6.857   2.000   0.118   1.672
   4   31  Cibicidoides scaldisensis                   7   0.79469    3.927   3.000   0.075   1.672
   5  316  Trifarina fluens                            7   1.42001    9.373   4.000   0.544   1.672
   6  171  Buccella frigida                            6   1.77758    7.008   5.000  -1.511   1.672
   7  270  Cibicidoides grossa                         9   0.65657    6.029   6.000   1.097   1.672
   8    4  Globorotalia inflata                        8   0.69899    7.116   7.000   4.073   1.672
   9   23  Sigmoilopsis schlumbergeri                 12   1.25004    9.357   8.000   1.116   1.672
  10  269  Neogloboquadrina atlantica                 11   0.75729   11.224   9.000   2.855   1.672
  11   91  Diatoms/radiolarians LCO                    8   1.45852   15.484  10.000   9.041   1.672
  12   15  Globigerina praebulloides                  11   1.51480   18.724  11.000  10.143   1.672
  13  363  Hystrichosphaeropsis obscura                6   1.75475   16.873  12.000   8.179   1.672
  14  362  Cannosphaeropsis utinensis                  7   1.37288   18.822  13.000  10.427   1.672
  15  219  Martinotiella cylindrica                    8   1.44009   16.373  14.000   6.763   1.672
  16  236  G. ex.gr. praescitula zealandica            7   0.81502   16.991  15.000  10.467   1.672
  17   17  Asterigerina gurichi                        7   1.79188   25.289  16.000  12.072   1.672
  18    3  Deflandrea phosphoritica                    7   1.06059   22.371  17.000  16.267   1.672
  19    7  Areoligera semicirculata                    9   2.25553   26.578  18.000  12.118   1.672
  20   41  Wetzelliella symmetrica                     7   2.12161   28.140  19.000  18.831   1.672
  21   25  Coarse agglutinated spp.                   11   1.78519   28.827  20.000  13.582   1.672
  22   97  Cyclammina placenta                        10   2.91622   29.571  21.000  11.891   1.672
  23  182  Spirosigmoilinella compressa                9   1.43312   27.226  22.000  17.937   1.672
  24   24  Turrilina alsatica                          8   2.05397   28.366  23.000  12.263   1.672
  25  289  Adercotryma agterbergi                      8   0.89574   26.197  24.000  20.699   1.672
  26  198  Glomospirella biedae                        6   2.54309   30.629  25.000  19.885   1.672
  27  324  Aschemonella grandis                        6   1.96984   30.401  26.000  19.976   1.672
  28  261  Haplophragmoides walteri                   11   3.14435   38.744  27.000  19.950   1.672
  29  321  Dorothia seigliei                           9   2.79724   36.555  28.000  20.355   1.672
  30   29  Reticulophragmium amplectens               11   2.02214   41.043  29.000  24.503   1.672
  31   32  Ammosphaeroidina pseudopauciloculata        8   1.46682   34.246  30.000  25.986   1.672
  32   12  Areosphaeridium diktyoplokus                8   1.47270   34.108  31.000  26.033   1.672
  33  229  Recurvoides ex.gr. walteri                  6   2.05892   35.977  32.000  23.817   1.672
  34   72  Rottnestia borussica                        6   1.74425   35.600  33.000  26.728   1.672
  35  263  Ammomarginulina aubertae                    7   3.07068   45.001  34.000  30.384   1.672
  36   68  Spiroplectammina spectabilis LO            11   2.11457   40.134  35.000  28.897   1.672
  37   92  Diphyes ficusoides                          6   1.28662   37.390  36.000  30.151   1.672
  38  260  Haplophragmoides kirki                      9   2.30017   40.722  37.000  28.002   1.672
  39  175  Reticulophragmium intermedia                6   1.67656   41.583  38.000  34.842   1.672
  40   99  Eatonicysta ursulae                         9   1.45824   43.072  39.000  36.103   1.672
  41   54  Spiroplectammina navarroana                11   2.22102   47.683  40.000  33.761   1.672
  42  279  Recurvoidella lamella                       7   1.48894   41.807  41.000  35.506   1.672
  43   50  Subbotina patagonica                       11   0.76950   44.517  42.000  39.674   1.672
  44  108  Deflandrea oebisfeldensis                   9   1.04573   44.595  43.000  31.183   1.672
  45   22  Coscinodiscus spp.                          9   0.76369   45.616  44.000  35.458   1.672
  46   28  Apectodinium augustum                       9   0.73203   47.467  45.000  43.566   1.672
  47  105  Rzehakina minima                            6   2.25008   54.268  46.000  46.586   1.672
  48   76  Reticulophragmium paupera                  11   0.65417   55.420  47.000  46.505   1.672
  49  283  Reticulophragmium garcilassoi               6   1.40339   54.296  48.000  47.468   1.672
  50   57  Spiroplectammina spectabilis LCO           11   1.27815   52.140  49.000  40.132   1.672
  51  114  Alisocysta margarita                        6   1.07355   53.988  50.000  46.066   1.672
  52  310  Saccammina placenta                         8   1.12293   52.300  51.000  44.503   1.672
  53  129  Trochammina ruthven murrayi                 7   0.99587   54.443  52.000  46.460   1.672
  54  134  Hormosina excelsa                           6   1.94940   51.566  53.000  47.854   1.672
  55  118  Palaeoperidinium pyrophorum                 6   1.20867   61.532  54.000  51.475   1.672
        1 0



  Saga (N) 6407/2-3                       

 WELL #  1 WITH  47 EVENTS

  i    X(i)    EXPECTED  ERROR BAR
                           INPUT

  1   0.00000   0.08669   0.39824
  2   0.02359   0.14694   0.39519
  3   0.26922   0.77369   0.36430
  4   0.34510   0.96704   0.35508
  5   0.95383   2.51423   0.28677
  6   1.01133   2.65999   0.28086
  7   1.04450   2.74406   0.27749
  8   1.74861   4.52331   0.21403
  9   1.85315   4.78665   0.20598
 10   2.47957   6.36014   0.16596
 11   3.53145   8.98497   0.13198
 12   3.56467   9.06750   0.13154
 13   3.76714   9.57012   0.12951
 14   3.80178   9.65602   0.12927
 15   4.01244  10.17797   0.12840
 16   4.31576  10.92795   0.12856
 17   4.56372  11.53973   0.12953
 18   4.86088  12.27128   0.13119
 19   5.39157  13.57344   0.13422
 20   5.40775  13.61304   0.13430
 21   5.42230  13.64866   0.13437
 22   5.47010  13.76564   0.13458
 23   5.53347  13.92068   0.13485
 24   5.76373  14.48331   0.13558
 25   6.13802  15.39564   0.13588
 26   6.16464  15.46042   0.13585
 27   6.30931  15.81223   0.13560
 28   6.64943  16.63774   0.13425
 29   6.71848  16.80507   0.13385
 30   6.84883  17.12066   0.13299
 31   6.90895  17.26610   0.13254
 32   6.92450  17.30371   0.13242
 33   7.02879  17.55581   0.13158
 34   7.26164  18.11794   0.12942
 35   7.59501  18.92084   0.12591
 36   7.68220  19.13047   0.12496
 37   7.69663  19.16517   0.12480
 38   7.93218  19.73068   0.12227
 39   8.30139  20.61492   0.11900
 40   8.43649  20.93783   0.11820
 41   8.59663  21.32010   0.11768
 42   8.65262  21.45362   0.11762
 43   9.06025  22.42395   0.11979
 44   9.56153  23.61273   0.13043
 45  10.14195  24.98303   0.15578
 46  10.62233  26.11215   0.18712
 47  11.45584  28.06050   0.26074
 48  11.55289  28.28649   0.27072
 49  11.61550  28.43215   0.27730
 50  11.74333  28.72935   0.29109
 51  11.84219  28.95899   0.30206
 52  11.95775  29.22716   0.31524
 53  12.31980  30.06564   0.35881
 54  12.43658  30.33555   0.37360
 55  12.95864  31.53887   0.44389



  Statoil (N) 6407/4-1                    

 WELL #  2 WITH  47 EVENTS

  i    X(i)    EXPECTED  ERROR BAR
                           INPUT

  1   0.00000  -1.35516   0.44365
  2   0.02359  -1.28571   0.44041
  3   0.26922  -0.56389   0.40748
  4   0.34510  -0.34141   0.39761
  5   0.95383   1.43514   0.32393
  6   1.01133   1.60217   0.31749
  7   1.04450   1.69849   0.31381
  8   1.74861   3.73231   0.24317
  9   1.85315   4.03259   0.23395
 10   2.47957   5.82272   0.18613
 11   3.53145   8.79333   0.13715
 12   3.56467   8.88641   0.13626
 13   3.76714   9.45286   0.13160
 14   3.80178   9.54960   0.13094
 15   4.01244  10.13692   0.12765
 16   4.31576  10.97943   0.12493
 17   4.56372  11.66547   0.12409
 18   4.86088  12.48435   0.12421
 19   5.39157  13.93800   0.12586
 20   5.40775  13.98213   0.12591
 21   5.42230  14.02182   0.12597
 22   5.47010  14.15213   0.12613
 23   5.53347  14.32477   0.12635
 24   5.76373  14.95068   0.12704
 25   6.13802  15.96354   0.12761
 26   6.16464  16.03537   0.12762
 27   6.30931  16.42519   0.12757
 28   6.64943  17.33841   0.12684
 29   6.71848  17.52325   0.12659
 30   6.84883  17.87164   0.12601
 31   6.90895  18.03208   0.12571
 32   6.92450  18.07357   0.12562
 33   7.02879  18.35150   0.12502
 34   7.26164  18.97050   0.12345
 35   7.59501  19.85291   0.12080
 36   7.68220  20.08295   0.12008
 37   7.69663  20.12102   0.11995
 38   7.93218  20.74084   0.11803
 39   8.30139  21.70794   0.11563
 40   8.43649  22.06048   0.11512
 41   8.59663  22.47739   0.11490
 42   8.65262  22.62289   0.11494
 43   9.06025  23.67855   0.11758
 44   9.56153  24.96761   0.12823
 45  10.14195  26.44763   0.15283
 46  10.62233  27.66236   0.18317
 47  11.45584  29.74806   0.25474
 48  11.55289  29.98913   0.26447
 49  11.61550  30.14442   0.27090
 50  11.74333  30.46101   0.28436
 51  11.84219  30.70543   0.29509
 52  11.95775  30.99061   0.30798
 53  12.31980  31.88063   0.35067
 54  12.43658  32.16659   0.36517
 55  12.95864  33.43828   0.43425



  Elf Aquitaine (N) 6406/8-1              

 WELL #  3 WITH  41 EVENTS

  i    X(i)    EXPECTED  ERROR BAR
                           INPUT

  1   0.00000  -1.30025   0.46335
  2   0.02359  -1.24953   0.45987
  3   0.26922  -0.72068   0.42455
  4   0.34510  -0.55705   0.41397
  5   0.95383   0.76035   0.33484
  6   1.01133   0.88521   0.32791
  7   1.04450   0.95728   0.32396
  8   1.74861   2.49279   0.24797
  9   1.85315   2.72171   0.23804
 10   2.47957   4.09853   0.18663
 11   3.53145   6.43009   0.13525
 12   3.56467   6.50412   0.13437
 13   3.76714   6.95589   0.12994
 14   3.80178   7.03326   0.12934
 15   4.01244   7.50443   0.12652
 16   4.31576   8.18456   0.12476
 17   4.56372   8.74210   0.12485
 18   4.86088   9.41204   0.12618
 19   5.39157  10.61339   0.12997
 20   5.40775  10.65009   0.13009
 21   5.42230  10.68313   0.13020
 22   5.47010  10.79167   0.13055
 23   5.53347  10.93566   0.13101
 24   5.76373  11.45959   0.13255
 25   6.13802  12.31372   0.13441
 26   6.16464  12.37459   0.13451
 27   6.30931  12.70564   0.13493
 28   6.64943  13.48582   0.13527
 29   6.71848  13.64453   0.13523
 30   6.84883  13.94440   0.13506
 31   6.90895  14.08283   0.13494
 32   6.92450  14.11865   0.13491
 33   7.02879  14.35902   0.13464
 34   7.26164  14.89659   0.13383
 35   7.59501  15.66830   0.13235
 36   7.68220  15.87054   0.13195
 37   7.69663  15.90404   0.13188
 38   7.93218  16.45132   0.13092
 39   8.30139  17.31166   0.13022
 40   8.43649  17.62724   0.13039
 41   8.59663  18.00183   0.13103
 42   8.65262  18.13292   0.13138
 43   9.06025  19.08948   0.13640
 44   9.56153  20.27087   0.15005
 45  10.14195  21.64576   0.17804
 46  10.62233  22.78935   0.21123
 47  11.45584  24.78574   0.28839
 48  11.55289  25.01922   0.29885
 49  11.61550  25.16992   0.30576
 50  11.74333  25.47791   0.32023
 51  11.84219  25.71638   0.33176
 52  11.95775  25.99537   0.34560
 53  12.31980  26.87140   0.39146
 54  12.43658  27.15458   0.40704
 55  12.95864  28.42425   0.48128



  Hydro (N) 34/8-1                        

 WELL #  4 WITH  47 EVENTS

  i    X(i)    EXPECTED  ERROR BAR
                           INPUT

  1   0.00000   0.33707   0.36338
  2   0.02359   0.38217   0.36064
  3   0.26922   0.85566   0.33296
  4   0.34510   1.00336   0.32472
  5   0.95383   2.21299   0.26419
  6   1.01133   2.32951   0.25901
  7   1.04450   2.39691   0.25606
  8   1.74861   3.85828   0.20148
  9   1.85315   4.08025   0.19474
 10   2.47957   5.43743   0.16239
 11   3.53145   7.82079   0.13840
 12   3.56467   7.89818   0.13817
 13   3.76714   8.37276   0.13727
 14   3.80178   8.45443   0.13719
 15   4.01244   8.95421   0.13716
 16   4.31576   9.68303   0.13811
 17   4.56372  10.28693   0.13942
 18   4.86088  11.02022   0.14123
 19   5.39157  12.35579   0.14407
 20   5.40775  12.39701   0.14414
 21   5.42230  12.43413   0.14420
 22   5.47010  12.55622   0.14438
 23   5.53347  12.71853   0.14460
 24   5.76373  13.31225   0.14514
 25   6.13802  14.29070   0.14507
 26   6.16464  14.36092   0.14501
 27   6.30931  14.74399   0.14460
 28   6.64943  15.65439   0.14285
 29   6.71848  15.84090   0.14235
 30   6.84883  16.19449   0.14130
 31   6.90895  16.35824   0.14076
 32   6.92450  16.40067   0.14062
 33   7.02879  16.68596   0.13959
 34   7.26164  17.32757   0.13697
 35   7.59501  18.25731   0.13256
 36   7.68220  18.50264   0.13130
 37   7.69663  18.54334   0.13109
 38   7.93218  19.21101   0.12757
 39   8.30139  20.27077   0.12209
 40   8.43649  20.66261   0.12024
 41   8.59663  21.12984   0.11827
 42   8.65262  21.29390   0.11766
 43   9.06025  22.49960   0.11490
 44   9.56153  24.00924   0.11781
 45  10.14195  25.79436   0.13343
 46  10.62233  27.30195   0.15724
 47  11.45584  29.98249   0.21914
 48  11.55289  30.29997   0.22781
 49  11.61550  30.50534   0.23356
 50  11.74333  30.92612   0.24564
 51  11.84219  31.25289   0.25530
 52  11.95775  31.63629   0.26693
 53  12.31980  32.84773   0.30564
 54  12.43658  33.24179   0.31884
 55  12.95864  35.02313   0.38187



  Esso (N) 16/1-1                         

 WELL #  5 WITH  35 EVENTS

  i    X(i)    EXPECTED  ERROR BAR
                           INPUT

  1   0.00000   0.02931   0.44751
  2   0.02359   0.06213   0.44386
  3   0.26922   0.40775   0.40698
  4   0.34510   0.51593   0.39601
  5   0.95383   1.40821   0.31558
  6   1.01133   1.49473   0.30871
  7   1.04450   1.54482   0.30480
  8   1.74861   2.63836   0.23268
  9   1.85315   2.80566   0.22383
 10   2.47957   3.83489   0.18179
 11   3.53145   5.66629   0.15254
 12   3.56467   5.72622   0.15230
 13   3.76714   6.09436   0.15149
 14   3.80178   6.15782   0.15144
 15   4.01244   6.54678   0.15165
 16   4.31576   7.11593   0.15294
 17   4.56372   7.58920   0.15441
 18   4.86088   8.16582   0.15615
 19   5.39157   9.22128   0.15797
 20   5.40775   9.25396   0.15798
 21   5.42230   9.28339   0.15799
 22   5.47010   9.38024   0.15801
 23   5.53347   9.50907   0.15800
 24   5.76373   9.98107   0.15758
 25   6.13802  10.76152   0.15556
 26   6.16464  10.81765   0.15535
 27   6.30931  11.12413   0.15408
 28   6.64943  11.85435   0.15026
 29   6.71848  12.00425   0.14936
 30   6.84883  12.28873   0.14758
 31   6.90895  12.42060   0.14672
 32   6.92450  12.45478   0.14650
 33   7.02879  12.68474   0.14498
 34   7.26164  13.20277   0.14154
 35   7.59501  13.95543   0.13704
 36   7.68220  14.15443   0.13606
 37   7.69663  14.18746   0.13591
 38   7.93218  14.72989   0.13404
 39   8.30139  15.59318   0.13430
 40   8.43649  15.91306   0.13571
 41   8.59663  16.29499   0.13849
 42   8.65262  16.42921   0.13976
 43   9.06025  17.41755   0.15420
 44   9.56153  18.65957   0.18472
 45  10.14195  20.13437   0.23632
 46  10.62233  21.38474   0.29043
 47  11.45584  23.61821   0.40521
 48  11.55289  23.88356   0.42015
 49  11.61550  24.05530   0.42996
 50  11.74333  24.40740   0.45039
 51  11.84219  24.68103   0.46655
 52  11.95775  25.00230   0.48585
 53  12.31980  26.01896   0.54905
 54  12.43658  26.35016   0.57031
 55  12.95864  27.85022   0.67051



  Saga (N) 34/4-5                         

 WELL #  6 WITH  37 EVENTS

  i    X(i)    EXPECTED  ERROR BAR
                           INPUT

  1   0.00000  -0.19833   0.35644
  2   0.02359  -0.12820   0.35342
  3   0.26922   0.59757   0.32295
  4   0.34510   0.82009   0.31390
  5   0.95383   2.57685   0.24775
  6   1.01133   2.74016   0.24213
  7   1.04450   2.83419   0.23894
  8   1.74861   4.79429   0.18119
  9   1.85315   5.07953   0.17437
 10   2.47957   6.75747   0.14431
 11   3.53145   9.45440   0.13375
 12   3.56467   9.53711   0.13403
 13   3.76714  10.03795   0.13620
 14   3.80178  10.12307   0.13664
 15   4.01244  10.63723   0.13967
 16   4.31576  11.36686   0.14465
 17   4.56372  11.95402   0.14889
 18   4.86088  12.64658   0.15375
 19   5.39157  13.85340   0.16097
 20   5.40775  13.88958   0.16115
 21   5.42230  13.92209   0.16131
 22   5.47010  14.02870   0.16181
 23   5.53347  14.16956   0.16245
 24   5.76373  14.67675   0.16440
 25   6.13802  15.48571   0.16631
 26   6.16464  15.54252   0.16638
 27   6.30931  15.84953   0.16664
 28   6.64943  16.56008   0.16636
 29   6.71848  16.70241   0.16616
 30   6.84883  16.96930   0.16565
 31   6.90895  17.09160   0.16536
 32   6.92450  17.12316   0.16528
 33   7.02879  17.33394   0.16470
 34   7.26164  17.79921   0.16310
 35   7.59501  18.45241   0.16032
 36   7.68220  18.62074   0.15954
 37   7.69663  18.64851   0.15941
 38   7.93218  19.09760   0.15732
 39   8.30139  19.78629   0.15455
 40   8.43649  20.03365   0.15387
 41   8.59663  20.32361   0.15340
 42   8.65262  20.42415   0.15334
 43   9.06025  21.14329   0.15508
 44   9.56153  21.99651   0.16414
 45  10.14195  22.94153   0.18685
 46  10.62233  23.68885   0.21626
 47  11.45584  24.91067   0.28844
 48  11.55289  25.04677   0.29842
 49  11.61550  25.13387   0.30503
 50  11.74333  25.31007   0.31891
 51  11.84219  25.44481   0.33000
 52  11.95775  25.60061   0.34334
 53  12.31980  26.07691   0.38772
 54  12.43658  26.22672   0.40285
 55  12.95864  26.87365   0.47510



  Hydro (N) 6407/7-1                      

 WELL #  7 WITH  30 EVENTS

  i    X(i)    EXPECTED  ERROR BAR
                           INPUT

  1   0.00000 -16.62058   2.68207
  2   0.02359 -16.52359   2.66706
  3   0.26922 -15.51934   2.51314
  4   0.34510 -15.21124   2.46648
  5   0.95383 -12.77524   2.10715
  6   1.01133 -12.54845   2.07460
  7   1.04450 -12.41786   2.05592
  8   1.74861  -9.69079   1.67833
  9   1.85315  -9.29317   1.62534
 10   2.47957  -6.95002   1.32440
 11   3.53145  -3.16743   0.88367
 12   3.56467  -3.05109   0.87108
 13   3.76714  -2.34602   0.79616
 14   3.80178  -2.22611   0.78365
 15   4.01244  -1.50128   0.70953
 16   4.31576  -0.47108   0.60879
 17   4.56372   0.35936   0.53178
 18   4.86088   1.34059   0.44606
 19   5.39157   3.05516   0.31217
 20   5.40775   3.10664   0.30851
 21   5.42230   3.15293   0.30524
 22   5.47010   3.30472   0.29466
 23   5.53347   3.50538   0.28100
 24   5.76373   4.22859   0.23526
 25   6.13802   5.38467   0.17624
 26   6.16464   5.46598   0.17290
 27   6.30931   5.90569   0.15707
 28   6.64943   6.92529   0.13669
 29   6.71848   7.12987   0.13546
 30   6.84883   7.51379   0.13554
 31   6.90895   7.68986   0.13652
 32   6.92450   7.73531   0.13686
 33   7.02879   8.03901   0.13992
 34   7.26164   8.71035   0.15048
 35   7.59501   9.65521   0.16964
 36   7.68220   9.89918   0.17476
 37   7.69663   9.93944   0.17559
 38   7.93218  10.59139   0.18865
 39   8.30139  11.59407   0.20547
 40   8.43649  11.95512   0.21023
 41   8.59663  12.37900   0.21480
 42   8.65262  12.52615   0.21612
 43   9.06025  13.58124   0.22141
 44   9.56153  14.83951   0.21844
 45  10.14195  16.24237   0.20711
 46  10.62233  17.35956   0.20074
 47  11.45584  19.20367   0.23632
 48  11.55289  19.41064   0.24636
 49  11.61550  19.54327   0.25353
 50  11.74333  19.81199   0.26985
 51  11.84219  20.01790   0.28399
 52  11.95775  20.25644   0.30213
 53  12.31980  20.98890   0.36948
 54  12.43658  21.22034   0.39437
 55  12.95864  22.22627   0.52255



  6407/7A-1                               

 WELL #  8 WITH  10 EVENTS

  i    X(i)    EXPECTED  ERROR BAR
                           INPUT

  1   0.00000   1.51992   0.51949
  2   0.02359   1.56687   0.49330
  3   0.26922   2.04490   0.28341
  4   0.34510   2.18856   0.24884
  5   0.95383   3.27279   0.34368
  6   1.01133   3.36892   0.35407
  7   1.04450   3.42389   0.35907
  8   1.74861   4.50551   0.34853
  9   1.85315   4.65224   0.35983
 10   2.47957   5.45640   0.84922
 11   3.53145   6.51728   2.91405
 12   3.56467   6.54487   3.00004
 13   3.76714   6.70523   3.55076
 14   3.80178   6.73131   3.64952
 15   4.01244   6.88149   4.27873
 16   4.31576   7.07216   5.27045
 17   4.56372   7.20563   6.15616
 18   4.86088   7.33901   7.30619
 19   5.39157   7.50519   9.59988
 20   5.40775   7.50880   9.67460
 21   5.42230   7.51198   9.74208
 22   5.47010   7.52193   9.96534
 23   5.53347   7.53397  10.26521
 24   5.76373   7.56663  11.39156
 25   6.13802   7.58262  13.34565
 26   6.16464   7.58200  13.49044
 27   6.30931   7.57461  14.29078
 28   6.64943   7.53019  16.26221
 29   6.71848   7.51654  16.67785
 30   6.84883   7.48651  17.47653
 31   6.90895   7.47079  17.85110
 32   6.92450   7.46653  17.94866
 33   7.02879   7.43590  18.60957
 34   7.26164   7.35465  20.12797
 35   7.59501   7.20738  22.40446
 36   7.68220   7.16285  23.01979
 37   7.69663   7.15523  23.12247
 38   7.93218   7.02136  24.82986
 39   8.30139   6.77490  27.62760
 40   8.43649   6.67354  28.68844
 41   8.59663   6.54565  29.97157
 42   8.65262   6.49895  30.42672
 43   9.06025   6.12798  33.84346
 44   9.56153   5.59708  38.29290
 45  10.14195   4.87941  43.78621
 46  10.62233   4.20188  48.60975
 47  11.45584   2.84677  57.57431
 48  11.55289   2.67416  58.66730
 49  11.61550   2.56119  59.37772
 50  11.74333   2.32652  60.84155
 51  11.84219   2.14135  61.98591
 52  11.95775   1.92085  63.33694
 53  12.31980   1.20167  67.66373
 54  12.43658   0.96053  69.08976
 55  12.95864  -0.17216  75.64597



  BP (UK) 15/20-2                         

 WELL #  9 WITH  24 EVENTS

  i    X(i)    EXPECTED  ERROR BAR
                           INPUT

  1   0.00000   0.76713   0.57611
  2   0.02359   0.78949   0.57170
  3   0.26922   1.02511   0.52710
  4   0.34510   1.09889   0.51378
  5   0.95383   1.70801   0.41526
  6   1.01133   1.76712   0.40675
  7   1.04450   1.80134   0.40190
  8   1.74861   2.54921   0.31054
  9   1.85315   2.66372   0.29896
 10   2.47957   3.36878   0.24139
 11   3.53145   4.62539   0.19188
 12   3.56467   4.66655   0.19120
 13   3.76714   4.91944   0.18800
 14   3.80178   4.96304   0.18760
 15   4.01244   5.23034   0.18599
 16   4.31576   5.62162   0.18564
 17   4.56372   5.94713   0.18650
 18   4.86088   6.34388   0.18820
 19   5.39157   7.07053   0.19122
 20   5.40775   7.09304   0.19129
 21   5.42230   7.11331   0.19135
 22   5.47010   7.18001   0.19153
 23   5.53347   7.26875   0.19174
 24   5.76373   7.59394   0.19217
 25   6.13802   8.13184   0.19151
 26   6.16464   8.17054   0.19140
 27   6.30931   8.38185   0.19060
 28   6.64943   8.88545   0.18762
 29   6.71848   8.98886   0.18682
 30   6.84883   9.18513   0.18517
 31   6.90895   9.27611   0.18434
 32   6.92450   9.29970   0.18412
 33   7.02879   9.45839   0.18257
 34   7.26164   9.81593   0.17875
 35   7.59501  10.33558   0.17270
 36   7.68220  10.47299   0.17108
 37   7.69663  10.49581   0.17081
 38   7.93218  10.87046   0.16660
 39   8.30139  11.46691   0.16127
 40   8.43649  11.68797   0.16005
 41   8.59663  11.95195   0.15932
 42   8.65262  12.04473   0.15929
 43   9.06025  12.72807   0.16336
 44   9.56153  13.58716   0.18137
 45  10.14195  14.60773   0.22223
 46  10.62233  15.47338   0.27117
 47  11.45584  17.02044   0.38327
 48  11.55289  17.20431   0.39831
 49  11.61550  17.32332   0.40821
 50  11.74333  17.56732   0.42892
 51  11.84219  17.75696   0.44538
 52  11.95775  17.97964   0.46510
 53  12.31980  18.68441   0.53017
 54  12.43658  18.91405   0.55219
 55  12.95864  19.95432   0.65664



  Saga (N) 2/2-4                          

 WELL # 10 WITH  40 EVENTS

  i    X(i)    EXPECTED  ERROR BAR
                           INPUT

  1   0.00000   0.85171   0.41160
  2   0.02359   0.91045   0.40837
  3   0.26922   1.52440   0.37570
  4   0.34510   1.71487   0.36596
  5   0.95383   3.25711   0.29418
  6   1.01133   3.40408   0.28800
  7   1.04450   3.48897   0.28448
  8   1.74861   5.30849   0.21847
  9   1.85315   5.58151   0.21015
 10   2.47957   7.23297   0.16881
 11   3.53145  10.06590   0.13248
 12   3.56467  10.15658   0.13194
 13   3.76714  10.71095   0.12922
 14   3.80178  10.80606   0.12885
 15   4.01244  11.38628   0.12714
 16   4.31576  12.22698   0.12594
 17   4.56372  12.91891   0.12567
 18   4.86088  13.75359   0.12575
 19   5.39157  15.25913   0.12588
 20   5.40775  15.30531   0.12587
 21   5.42230  15.34688   0.12586
 22   5.47010  15.48351   0.12582
 23   5.53347  15.66492   0.12575
 24   5.76373  16.32631   0.12534
 25   6.13802  17.40904   0.12411
 26   6.16464  17.48642   0.12400
 27   6.30931  17.90771   0.12334
 28   6.64943  18.90380   0.12164
 29   6.71848  19.10699   0.12129
 30   6.84883  19.49142   0.12067
 31   6.90895  19.66910   0.12041
 32   6.92450  19.71511   0.12034
 33   7.02879  20.02405   0.11995
 34   7.26164  20.71650   0.11942
 35   7.59501  21.71425   0.12001
 36   7.68220  21.97644   0.12054
 37   7.69663  22.01990   0.12064
 38   7.93218  22.73103   0.12313
 39   8.30139  23.85328   0.13058
 40   8.43649  24.26626   0.13455
 41   8.59663  24.75737   0.14020
 42   8.65262  24.92947   0.14242
 43   9.06025  26.18892   0.16250
 44   9.56153  27.75317   0.19643
 45  10.14195  29.58567   0.24749
 46  10.62233  31.11960   0.29842
 47  11.45584  33.81819   0.40368
 48  11.55289  34.13549   0.41726
 49  11.61550  34.34049   0.42616
 50  11.74333  34.75990   0.44468
 51  11.84219  35.08505   0.45931
 52  11.95775  35.46593   0.47676
 53  12.31980  36.66510   0.53380
 54  12.43658  37.05379   0.55297
 55  12.95864  38.80270   0.64311



  Shell (UK) 22/6-1                       

 WELL # 11 WITH  29 EVENTS

  i    X(i)    EXPECTED  ERROR BAR
                           INPUT

  1   0.00000   1.50575   0.43551
  2   0.02359   1.55554   0.43207
  3   0.26922   2.07410   0.39728
  4   0.34510   2.23432   0.38693
  5   0.95383   3.52048   0.31088
  6   1.01133   3.64204   0.30437
  7   1.04450   3.71217   0.30066
  8   1.74861   5.20168   0.23207
  9   1.85315   5.42298   0.22362
 10   2.47957   6.74985   0.18317
 11   3.53145   8.98098   0.15438
 12   3.56467   9.05150   0.15415
 13   3.76714   9.48143   0.15336
 14   3.80178   9.55499   0.15332
 15   4.01244  10.00249   0.15363
 16   4.31576  10.64707   0.15524
 17   4.56372  11.17427   0.15714
 18   4.86088  11.80634   0.15964
 19   5.39157  12.93592   0.16346
 20   5.40775  12.97036   0.16355
 21   5.42230  13.00134   0.16363
 22   5.47010  13.10313   0.16387
 23   5.53347  13.23811   0.16417
 24   5.76373  13.72864   0.16496
 25   6.13802  14.52638   0.16519
 26   6.16464  14.58314   0.16516
 27   6.30931  14.89162   0.16485
 28   6.64943  15.61718   0.16341
 29   6.71848  15.76454   0.16301
 30   6.84883  16.04273   0.16217
 31   6.90895  16.17105   0.16174
 32   6.92450  16.20426   0.16163
 33   7.02879  16.42691   0.16085
 34   7.26164  16.92418   0.15898
 35   7.59501  17.63642   0.15635
 36   7.68220  17.82277   0.15574
 37   7.69663  17.85362   0.15565
 38   7.93218  18.35719   0.15439
 39   8.30139  19.14690   0.15414
 40   8.43649  19.43601   0.15481
 41   8.59663  19.77876   0.15628
 42   8.65262  19.89861   0.15698
 43   9.06025  20.77155   0.16561
 44   9.56153  21.84584   0.18590
 45  10.14195  23.09085   0.22374
 46  10.62233  24.12215   0.26615
 47  11.45584  25.91347   0.36085
 48  11.55289  26.12222   0.37347
 49  11.61550  26.25688   0.38177
 50  11.74333  26.53189   0.39913
 51  11.84219  26.74463   0.41291
 52  11.95775  26.99333   0.42942
 53  12.31980  27.77281   0.48384
 54  12.43658  28.02433   0.50225
 55  12.95864  29.14932   0.58950



  Amoco (N) 2/8-1                         

 WELL # 12 WITH  19 EVENTS

  i    X(i)    EXPECTED  ERROR BAR
                           INPUT

  1   0.00000  -0.12222   0.57066
  2   0.02359  -0.09657   0.56609
  3   0.26922   0.17168   0.51982
  4   0.34510   0.25498   0.50603
  5   0.95383   0.93083   0.40403
  6   1.01133   0.99536   0.39522
  7   1.04450   1.03264   0.39020
  8   1.74861   1.83339   0.29585
  9   1.85315   1.95380   0.28391
 10   2.47957   2.68363   0.22473
 11   3.53145   3.94105   0.17519
 12   3.56467   3.98141   0.17457
 13   3.76714   4.22828   0.17172
 14   3.80178   4.27066   0.17139
 15   4.01244   4.52934   0.17021
 16   4.31576   4.90462   0.17051
 17   4.56372   5.21390   0.17191
 18   4.86088   5.58744   0.17425
 19   5.39157   6.26251   0.17856
 20   5.40775   6.28324   0.17867
 21   5.42230   6.30190   0.17878
 22   5.47010   6.36325   0.17910
 23   5.53347   6.44473   0.17952
 24   5.76373   6.74198   0.18080
 25   6.13802   7.22924   0.18213
 26   6.16464   7.26409   0.18220
 27   6.30931   7.45391   0.18248
 28   6.64943   7.90319   0.18290
 29   6.71848   7.99492   0.18298
 30   6.84883   8.16854   0.18317
 31   6.90895   8.24881   0.18328
 32   6.92450   8.26960   0.18331
 33   7.02879   8.40924   0.18357
 34   7.26164   8.72242   0.18455
 35   7.59501   9.17421   0.18749
 36   7.68220   9.29304   0.18867
 37   7.69663   9.31274   0.18888
 38   7.93218   9.63524   0.19330
 39   8.30139  10.14479   0.20427
 40   8.43649  10.33248   0.20974
 41   8.59663  10.55581   0.21734
 42   8.65262  10.63410   0.22030
 43   9.06025  11.20757   0.24663
 44   9.56153  11.92102   0.29091
 45  10.14195  12.75846   0.35811
 46  10.62233  13.46077   0.42586
 47  11.45584  14.69912   0.56740
 48  11.55289  14.84495   0.58576
 49  11.61550  14.93920   0.59780
 50  11.74333  15.13207   0.62288
 51  11.84219  15.28166   0.64273
 52  11.95775  15.45694   0.66641
 53  12.31980  16.00923   0.74399
 54  12.43658  16.18838   0.77009
 55  12.95864  16.99530   0.89311



  Saga (N) 35/3-1                         

 WELL # 13 WITH  21 EVENTS

  i    X(i)    EXPECTED  ERROR BAR
                           INPUT

  1   0.00000   1.57971   0.46016
  2   0.02359   1.61736   0.45596
  3   0.26922   2.00756   0.41366
  4   0.34510   2.12742   0.40112
  5   0.95383   3.07748   0.31047
  6   1.01133   3.16616   0.30291
  7   1.04450   3.21724   0.29864
  8   1.74861   4.28704   0.22499
  9   1.85315   4.44354   0.21721
 10   2.47957   5.36862   0.19018
 11   3.53145   6.87314   0.20790
 12   3.56467   6.91965   0.20920
 13   3.76714   7.20185   0.21754
 14   3.80178   7.24990   0.21902
 15   4.01244   7.54070   0.22820
 16   4.31576   7.95508   0.24151
 17   4.56372   8.29006   0.25201
 18   4.86088   8.68702   0.26373
 19   5.39157   9.38378   0.28129
 20   5.40775   9.40477   0.28175
 21   5.42230   9.42364   0.28215
 22   5.47010   9.48555   0.28346
 23   5.53347   9.56744   0.28512
 24   5.76373   9.86310   0.29050
 25   6.13802  10.33743   0.29689
 26   6.16464  10.37087   0.29723
 27   6.30931  10.55191   0.29882
 28   6.64943  10.97299   0.30078
 29   6.71848  11.05770   0.30087
 30   6.84883  11.21688   0.30077
 31   6.90895  11.28997   0.30060
 32   6.92450  11.30885   0.30054
 33   7.02879  11.43509   0.30002
 34   7.26164  11.71479   0.29805
 35   7.59501  12.10999   0.29333
 36   7.68220  12.21234   0.29173
 37   7.69663  12.22925   0.29146
 38   7.93218  12.50345   0.28640
 39   8.30139  12.92708   0.27666
 40   8.43649  13.08021   0.27261
 41   8.59663  13.26041   0.26755
 42   8.65262  13.32308   0.26572
 43   9.06025  13.77410   0.25182
 44   9.56153  14.31613   0.23503
 45  10.14195  14.92636   0.22119
 46  10.62233  15.41731   0.22019
 47  11.45584  16.23884   0.25468
 48  11.55289  16.33201   0.26203
 49  11.61550  16.39182   0.26714
 50  11.74333  16.51328   0.27841
 51  11.84219  16.60661   0.28790
 52  11.95775  16.71500   0.29982
 53  12.31980  17.04981   0.34250
 54  12.43658  17.15625   0.35788
 55  12.95864  17.62288   0.43525



  Saga 6406/2-1                           

 WELL # 14 WITH  29 EVENTS

  i    X(i)    EXPECTED  ERROR BAR
                           INPUT

  1   0.00000   0.27255   0.59197
  2   0.02359   0.31544   0.58734
  3   0.26922   0.76321   0.54029
  4   0.34510   0.90196   0.52620
  5   0.95383   2.02255   0.42113
  6   1.01133   2.12908   0.41196
  7   1.04450   2.19060   0.40673
  8   1.74861   3.50552   0.30695
  9   1.85315   3.70226   0.29408
 10   2.47957   4.88931   0.22903
 11   3.53145   6.91408   0.17285
 12   3.56467   6.97866   0.17218
 13   3.76714   7.37317   0.16933
 14   3.80178   7.44081   0.16905
 15   4.01244   7.85308   0.16843
 16   4.31576   8.44947   0.17027
 17   4.56372   8.93946   0.17338
 18   4.86088   9.52954   0.17811
 19   5.39157  10.59122   0.18684
 20   5.40775  10.62373   0.18708
 21   5.42230  10.65299   0.18730
 22   5.47010  10.74916   0.18799
 23   5.53347  10.87679   0.18887
 24   5.76373  11.34173   0.19170
 25   6.13802  12.10151   0.19473
 26   6.16464  12.15574   0.19486
 27   6.30931  12.45088   0.19538
 28   6.64943  13.14772   0.19521
 29   6.71848  13.28970   0.19493
 30   6.84883  13.55817   0.19418
 31   6.90895  13.68219   0.19374
 32   6.92450  13.71430   0.19361
 33   7.02879  13.92981   0.19268
 34   7.26164  14.41241   0.18996
 35   7.59501  15.10670   0.18474
 36   7.68220  15.28893   0.18315
 37   7.69663  15.31913   0.18288
 38   7.93218  15.81293   0.17823
 39   8.30139  16.59092   0.17049
 40   8.43649  16.87683   0.16774
 41   8.59663  17.21657   0.16471
 42   8.65262  17.33555   0.16373
 43   9.06025  18.20526   0.15886
 44   9.56153  19.28290   0.16179
 45  10.14195  20.54188   0.18392
 46  10.62233  21.59295   0.21928
 47  11.45584  23.43617   0.31278
 48  11.55289  23.65242   0.32595
 49  11.61550  23.79208   0.33467
 50  11.74333  24.07768   0.35302
 51  11.84219  24.29898   0.36770
 52  11.95775  24.55807   0.38538
 53  12.31980  25.37292   0.44428
 54  12.43658  25.63674   0.46438
 55  12.95864  26.82211   0.56049


                                                       N      SD     LOWEST  AVERAGE HIGHEST

   1   77  Elphidium spp.                              9   0.71756    1.282   0.000  -0.272   1.782
   2  228  Cassidulina teretis                        12   1.10984    1.530   0.024  -0.421   1.782
   3   31  Cibicidoides scaldisensis                   7   1.23879    1.335   0.269  -0.308   1.782
   4    1  Neogloboquadrina pachyderma                10   1.20220    1.793   0.345   0.237   1.782
   5  171  Buccella frigida                            6   1.42472    1.485   0.954   0.004   1.782
   6  316  Trifarina fluens                            7   1.54409    2.338   1.011   0.179   1.782
   7  270  Cibicidoides grossa                         9   0.60401    1.597   1.045   0.654   1.782
   8    4  Globorotalia inflata                        8   0.75215    2.030   1.749   1.124   1.782
   9   23  Sigmoilopsis schlumbergeri                 12   1.10241    3.164   1.853   0.880   1.782
  10  269  Neogloboquadrina atlantica                 11   0.64938    2.739   2.480   1.165   1.782
  11  363  Hystrichosphaeropsis obscura                6   1.58018    4.178   3.531   2.166   1.782
  12   91  Diatoms/radiolarians LCO                    8   1.43146    3.879   3.565   2.410   1.782
  13  219  Martinotiella cylindrica                    8   1.41542    4.098   3.767   1.922   1.782
  14   15  Globigerina praebulloides                  11   1.56889    4.610   3.802   2.544   1.782
  15  362  Cannosphaeropsis utinensis                  7   1.45527    4.613   4.012   2.740   1.782
  16  236  G. ex.gr. praescitula zealandica            7   0.61078    4.232   4.316   2.677   1.782
  17   17  Asterigerina gurichi                        7   2.12501    6.806   4.564   3.023   1.782
  18    3  Deflandrea phosphoritica                    7   1.28285    5.473   4.861   4.014   1.782
  19   25  Coarse agglutinated spp.                   11   2.05778    7.658   5.392   3.467   1.782
  20   24  Turrilina alsatica                          8   1.90934    6.874   5.408   4.276   1.782
  21    7  Areoligera semicirculata                    9   1.87694    6.360   5.422   4.208   1.782
  22   97  Cyclammina placenta                        10   3.11435    6.757   5.470   3.088   1.782
  23   41  Wetzelliella symmetrica                     7   1.86221    6.706   5.533   4.660   1.782
  24  182  Spirosigmoilinella compressa                9   1.48358    6.538   5.764   4.440   1.782
  25  324  Aschemonella grandis                        6   1.99459    7.335   6.138   4.923   1.782
  26  289  Adercotryma agterbergi                      8   0.86416    6.253   6.165   5.098   1.782
  27  198  Glomospirella biedae                        6   2.41435    7.161   6.309   4.908   1.782
  28  261  Haplophragmoides walteri                   11   3.10824    8.702   6.649   4.913   1.782
  29  321  Dorothia seigliei                           9   2.91988    8.637   6.718   4.811   1.782
  30   12  Areosphaeridium diktyoplokus                8   1.65297    8.045   6.849   6.327   1.782
  31   29  Reticulophragmium amplectens               11   2.18871    9.737   6.909   5.989   1.782
  32   32  Ammosphaeroidina pseudopauciloculata        8   1.41161    8.067   6.924   6.342   1.782
  33  229  Recurvoides ex.gr. walteri                  6   2.01004    8.491   7.029   5.855   1.782
  34   72  Rottnestia borussica                        6   2.13387    8.371   7.262   6.314   1.782
  35   68  Spiroplectammina spectabilis LO            11   2.37363    9.355   7.595   6.645   1.782
  36  263  Ammomarginulina aubertae                    7   2.59463   10.126   7.682   7.265   1.782
  37   92  Diphyes ficusoides                          6   1.56254    8.818   7.697   7.204   1.782
  38  260  Haplophragmoides kirki                      9   2.29114    9.611   7.932   6.680   1.782
  39  175  Reticulophragmium intermedia                6   2.20291    9.669   8.301   7.695   1.782
  40   99  Eatonicysta ursulae                         9   1.84003    9.993   8.436   8.067   1.782
  41  279  Recurvoidella lamella                       7   1.34002    9.839   8.597   8.410   1.782
  42   54  Spiroplectammina navarroana                11   2.39018   11.196   8.653   8.020   1.782
  43   50  Subbotina patagonica                       11   1.02515   10.304   9.060   9.232   1.782
  44  108  Deflandrea oebisfeldensis                   9   1.10182   10.376   9.562   8.301   1.782
  45   22  Coscinodiscus spp.                          9   0.64257   10.585  10.142   9.223   1.782
  46   28  Apectodinium augustum                       9   0.75508   10.913  10.622  10.056   1.782
  47   76  Reticulophragmium paupera                  11   0.88708   12.317  11.456  10.786   1.782
  48  105  Rzehakina minima                            6   1.99509   13.479  11.553  10.824   1.782
  49  283  Reticulophragmium garcilassoi               6   1.45324   12.407  11.615  10.869   1.782
  50   57  Spiroplectammina spectabilis LCO           11   1.43050   12.360  11.743  10.112   1.782
  51  114  Alisocysta margarita                        6   0.85983   12.319  11.842  11.165   1.782
  52  310  Saccammina placenta                         8   1.03038   12.175  11.958  10.583   1.782
  53  129  Trochammina ruthven murrayi                 7   0.89263   12.372  12.320  10.687   1.782
  54  134  Hormosina excelsa                           6   2.24609   14.850  12.437  10.926   1.782
  55  118  Palaeoperidinium pyrophorum                 6   1.42845   13.457  12.959  11.800   1.782
        1 0
