                27cenah.out                                         2007/03/15

 EXTRA OUTPUT FILE.  POSSIBLE PLOTTING PROGRAM INPUT

        98
        1      240       0   2   Elphidium clavatum                      
        2       77       1   3   Elphidium spp.                          
        3      228       2   4   Cassidulina teretis                     
        4      338       3   5   Bulimina marginata                      
        5        1       4   6   Neogloboquadrina pachyderma             
        6       31       5   7   Cibicidoides scaldisensis               
        7      171       6   8   Buccella frigida                        
        8      270       7   9   Cibicidoides grossa                     
        9      328       8  10   Ammonia beccarii                        
       10      181       9  11   Cibicidoides dutemplei                  
       11      316      10  12   Trifarina fluens                        
       12        4      11  14   Globorotalia inflata                    
       13      159      10  14   Cibicidoides grossa LCO                 
       14       23      13  15   Sigmoilopsis schlumbergeri              
       15      266      14  16   Globorotalia puncticulata               
       16      269      15  17   Neogloboquadrina atlantica              
       17        6      16  18   Neogloboquadrina acostaensis            
       18      330      17  19   Cibicidoides pachyderma                 
       19       81      18  20   Globoquadrina venezuelana               
       20       91      19  21   Radiolarians/diatoms flood              
       21      361      20  22   Sumatradinium spp.                      
       22      219      21  23   Martinotiella cylindrica                
       23      207      22  25   NS Log G                                
       24      285      22  25   Caucasina elongata                      
       25       15      24  26   Globigerina praebulloides               
       26      334      25  28   Ehrenbergina variabilis                 
       27      236      25  31   G. ex.gr. praescitula zealandica        
       28      282      26  29   Uvigerina ex.gr. semiornata             
       29      125      28  30   Neogloboquadrina continuosa             
       30      362      29  31   Cannosphaeropsis utinensis              
       31       17      30  32   Asterigerina gurichi                    
       32      123      31  33   Globigerinoides trilobus                
       33      138      32  36   Tenuitella angustiumbilicata            
       34      233      31  35   Catapsydrax unicavus                    
       35      412      34  36   Flat rads + sponge spicules             
       36        3      35  37   Deflandrea phosphoritica                
       37        7      36  38   Areoligera semicirculata                
       38       41      37  39   Wetzelliella symmetrica                 
       39       20      38  40   Gyroidina girardana                     
       40       25      39  41   Coarse agglutinated spp.                
       41       97      40  42   Cyclammina placenta                     
       42      182      41  43   Spirosigmoilinella compressa            
       43      183      42  44   Cyclammina rotundidorsata               
       44       24      43  45   Turrilina alsatica                      
       45      302      44  46   Cenosphaera spp. (spheres)              
       46      262      45  47   Karreriella horrida                     
       47      198      46  48   Glomospirella biedae                    
       48      259      47  49   Ammodiscus latus                        
       49      140      48  50   Rotaliatina bulimoides                  
       50      289      49  51   Adercotryma agterbergi                  
       51      324      50  52   Aschemonella grandis                    
       52      197      51  53   Reophax elongatus                       
       53      261      52  54   Haplophragmoides walteri                
       54      321      53  55   Dorothia seigliei                       
       55      206      54  56   NS Log F                                
       56       29      55  57   Reticulophragmium amplectens            
       57       32      56  58   Ammosphaeroidina pseudopauciloculata    
       58       12      57  59   Areosphaeridium diktyoplokus            
       59       13      58  60   Heteraulacacysta porosa                 
       60      229      59  61   Recurvoides ex.gr. walteri              
       61      263      60  62   Ammomarginulina aubertae                
       62       72      61  63   Rottnestia borussica                    
       63       92      62  64   Diphyes ficusoides                      
       64      260      63  65   Haplophragmoides kirki                  
       65      291      64  66   Reticulophragmoides jarvisi             
       66       68      65  67   Spiroplectammina spectabilis LO         
       67      264      66  68   Karreriella conversa                    
       68      117      67  69   Cenosphaera spp. LCO                    
       69      175      68  70   Reticulophragmium intermedia            
       70       99      69  71   Eatonicysta ursulae                     
       71      205      70  72   NS Log E                                
       72       54      71  73   Spiroplectammina navarroana             
       73      279      72  74   Recurvoidella lamella                   
       74       50      73  75   Subbotina patagonica                    
       75      277      74  77   Tuff                                    
       76      108      74  77   Deflandrea oebisfeldensis               
       77       22      76  78   Coscinodiscus spp.                      
       78      204      77  79   NS Log D                                
       79      203      78  80   NS Log C                                
       80      136      79  82   Cystammina pauciloculata                
       81       78      77  84   Trochamminoides coronatus               
       82      110      80  83   Cystammina aff.globigerinaeformis       
       83       28      82  84   Apectodinium augustum                   
       84      105      83  86   Rzehakina minima                        
       85       76      83  86   Reticulophragmium paupera               
       86       57      85  87   Spiroplectammina spectabilis LCO        
       87      310      86  89   Saccammina placenta                     
       88      283      86  89   Reticulophragmium garcilassoi           
       89      134      88  91   Hormosina excelsa                       
       90      129      87  91   Trochammina ruthven murrayi             
       91      118      90  92   Palaeoperidinium pyrophorum             
       92      251      91  93   Ammodiscus planus                       
       93       61      92  94   Subbotina pseudobulloides               
       94      107      93  95   Matanzia varians                        
       95      202      94  96   NS Log B                                
       96       55      95  97   Gavelinella beccariiformis              
       97       60      96  98   Planorotalites compressus               
       98      253      97  99   Subbotina triloculinoides               
***
         98
        0.64490801      -0.02480415
 240    0.1694   Elphidium clavatum                      ,
  77    0.0777   Elphidium spp.                          ,
 228    0.2801   Cassidulina teretis                     ,
  31    0.0974   Cibicidoides scaldisensis               ,
 338    0.0511   Bulimina marginata                      ,
   1    0.3376   Neogloboquadrina pachyderma             ,
 171    0.0464   Buccella frigida                        ,
 270    0.1338   Cibicidoides grossa                     ,
 328    0.3178   Ammonia beccarii                        ,
 316    0.2755   Trifarina fluens                        ,
   4    0.0567   Globorotalia inflata                    ,
 159    0.0304   Cibicidoides grossa LCO                 ,
 181    0.1067   Cibicidoides dutemplei                  ,
  23    0.6201   Sigmoilopsis schlumbergeri              ,
 330    0.0799   Cibicidoides pachyderma                 ,
 269    0.0415   Neogloboquadrina atlantica              ,
 266    0.3359   Globorotalia puncticulata               ,
   6    0.1278   Neogloboquadrina acostaensis            ,
  81    0.2642   Globoquadrina venezuelana               ,
 361    0.0594   Sumatradinium spp.                      ,
  91    0.2336   Radiolarians/diatoms flood              ,
 207    0.0039   NS Log G                                ,
 219    0.1775   Martinotiella cylindrica                ,
 362    0.1870   Cannosphaeropsis utinensis              ,
  15    0.0058   Globigerina praebulloides               ,
 285    0.0172   Caucasina elongata                      ,
 334    0.0024   Ehrenbergina variabilis                 ,
 123    0.0297   Globigerinoides trilobus                ,
 282    0.0586   Uvigerina ex.gr. semiornata             ,
 125    0.0446   Neogloboquadrina continuosa             ,
 236    0.1131   G. ex.gr. praescitula zealandica        ,
  17    0.0942   Asterigerina gurichi                    ,
 233    0.1675   Catapsydrax unicavus                    ,
 412    0.1330   Flat rads + sponge spicules             ,
 138    0.5534   Tenuitella angustiumbilicata            ,
   3    0.4413   Deflandrea phosphoritica                ,
  20    0.0270   Gyroidina girardana                     ,
  25    0.0855   Coarse agglutinated spp.                ,
   7    0.0828   Areoligera semicirculata                ,
  41    0.0274   Wetzelliella symmetrica                 ,
  97    0.2435   Cyclammina placenta                     ,
 182    0.1582   Spirosigmoilinella compressa            ,
  24    0.2215   Turrilina alsatica                      ,
 183    0.3300   Cyclammina rotundidorsata               ,
 302    0.1972   Cenosphaera spp. (spheres)              ,
 262    0.0095   Karreriella horrida                     ,
 140    0.0379   Rotaliatina bulimoides                  ,
 324    0.0713   Aschemonella grandis                    ,
 198    0.0003   Glomospirella biedae                    ,
 259    0.1083   Ammodiscus latus                        ,
 289    0.3356   Adercotryma agterbergi                  ,
 261    0.0519   Haplophragmoides walteri                ,
 321    0.0122   Dorothia seigliei                       ,
 197    0.0861   Reophax elongatus                       ,
 206    0.1527   NS Log F                                ,
  13    0.0066   Heteraulacacysta porosa                 ,
  12    0.2314   Areosphaeridium diktyoplokus            ,
 229    0.0214   Recurvoides ex.gr. walteri              ,
  29    0.0346   Reticulophragmium amplectens            ,
  32    0.1782   Ammosphaeroidina pseudopauciloculata    ,
  72    0.3578   Rottnestia borussica                    ,
 263    0.0371   Ammomarginulina aubertae                ,
  92    0.0669   Diphyes ficusoides                      ,
  68    0.0473   Spiroplectammina spectabilis LO         ,
 260    0.2985   Haplophragmoides kirki                  ,
 117    0.0668   Cenosphaera spp. LCO                    ,
 291    0.0786   Reticulophragmoides jarvisi             ,
 264    0.3464   Karreriella conversa                    ,
  99    0.0426   Eatonicysta ursulae                     ,
 175    0.0755   Reticulophragmium intermedia            ,
 205    0.0681   NS Log E                                ,
  54    0.1168   Spiroplectammina navarroana             ,
 279    0.3558   Recurvoidella lamella                   ,
  50    0.2318   Subbotina patagonica                    ,
 108    0.0897   Deflandrea oebisfeldensis               ,
 277    0.2072   Tuff                                    ,
  22    0.2394   Coscinodiscus spp.                      ,
 204    0.1739   NS Log D                                ,
 136    0.2249   Cystammina pauciloculata                ,
 203    0.0217   NS Log C                                ,
 110    0.0313   Cystammina aff.globigerinaeformis       ,
  28    0.0474   Apectodinium augustum                   ,
  78    0.4650   Trochamminoides coronatus               ,
  76    0.0506   Reticulophragmium paupera               ,
 105    0.0718   Rzehakina minima                        ,
  57    0.0096   Spiroplectammina spectabilis LCO        ,
 310    0.1248   Saccammina placenta                     ,
 134    0.2004   Hormosina excelsa                       ,
 283    0.0682   Reticulophragmium garcilassoi           ,
 129    0.1785   Trochammina ruthven murrayi             ,
 251    0.2394   Ammodiscus planus                       ,
 118    0.3717   Palaeoperidinium pyrophorum             ,
 107    0.0000   Matanzia varians                        ,
 202    0.0151   NS Log B                                ,
  61    0.2753   Subbotina pseudobulloides               ,
  55    0.0856   Gavelinella beccariiformis              ,
  60    0.0931   Planorotalites compressus               ,
 253   Subbotina triloculinoides               
***
         98
        0.71395063      -0.02745964
 240    0.1694   Elphidium clavatum                      ,
  77    0.0777   Elphidium spp.                          ,
 228    0.2280   Cassidulina teretis                     ,
  31    0.1175   Cibicidoides scaldisensis               ,
 338    0.0511   Bulimina marginata                      ,
   1    0.3473   Neogloboquadrina pachyderma             ,
 171    0.0464   Buccella frigida                        ,
 270    0.1338   Cibicidoides grossa                     ,
 328    0.3694   Ammonia beccarii                        ,
 316    0.2755   Trifarina fluens                        ,
   4    0.0481   Globorotalia inflata                    ,
 181    0.0383   Cibicidoides dutemplei                  ,
 159    0.1371   Cibicidoides grossa LCO                 ,
  23    0.2030   Sigmoilopsis schlumbergeri              ,
 330    0.3153   Cibicidoides pachyderma                 ,
 269    0.0444   Neogloboquadrina atlantica              ,
 266    0.5652   Globorotalia puncticulata               ,
   6    0.2731   Neogloboquadrina acostaensis            ,
  81    0.2892   Globoquadrina venezuelana               ,
 361    0.0343   Sumatradinium spp.                      ,
  91    0.0797   Radiolarians/diatoms flood              ,
 362    0.0518   Cannosphaeropsis utinensis              ,
 207    0.0212   NS Log G                                ,
 219    0.0179   Martinotiella cylindrica                ,
 334    0.1365   Ehrenbergina variabilis                 ,
 123    0.0314   Globigerinoides trilobus                ,
 282    0.0555   Uvigerina ex.gr. semiornata             ,
 125    0.0241   Neogloboquadrina continuosa             ,
 236    0.0134   G. ex.gr. praescitula zealandica        ,
  15    0.0054   Globigerina praebulloides               ,
 285    0.1448   Caucasina elongata                      ,
 233    0.0014   Catapsydrax unicavus                    ,
  17    0.1661   Asterigerina gurichi                    ,
 412    0.6865   Flat rads + sponge spicules             ,
   3    0.2143   Deflandrea phosphoritica                ,
 138    0.1017   Tenuitella angustiumbilicata            ,
  20    0.0270   Gyroidina girardana                     ,
  25    0.1957   Coarse agglutinated spp.                ,
  97    0.0644   Cyclammina placenta                     ,
   7    0.0828   Areoligera semicirculata                ,
  41    0.1369   Wetzelliella symmetrica                 ,
 182    0.0215   Spirosigmoilinella compressa            ,
  24    0.2255   Turrilina alsatica                      ,
 183    0.0348   Cyclammina rotundidorsata               ,
 302    0.0104   Cenosphaera spp. (spheres)              ,
 140    0.0266   Rotaliatina bulimoides                  ,
 198    0.0003   Glomospirella biedae                    ,
 259    0.0246   Ammodiscus latus                        ,
 289    0.0310   Adercotryma agterbergi                  ,
 324    0.0965   Aschemonella grandis                    ,
 262    0.3057   Karreriella horrida                     ,
 261    0.0484   Haplophragmoides walteri                ,
 321    0.0157   Dorothia seigliei                       ,
 197    0.0795   Reophax elongatus                       ,
  12    0.0046   Areosphaeridium diktyoplokus            ,
  13    0.1324   Heteraulacacysta porosa                 ,
 229    0.0044   Recurvoides ex.gr. walteri              ,
 206    0.4122   NS Log F                                ,
  29    0.0346   Reticulophragmium amplectens            ,
  32    0.1606   Ammosphaeroidina pseudopauciloculata    ,
  72    0.3337   Rottnestia borussica                    ,
  68    0.1176   Spiroplectammina spectabilis LO         ,
 263    0.0300   Ammomarginulina aubertae                ,
  92    0.1142   Diphyes ficusoides                      ,
 260    0.2650   Haplophragmoides kirki                  ,
 117    0.1454   Cenosphaera spp. LCO                    ,
 264    0.0371   Karreriella conversa                    ,
 291    0.0193   Reticulophragmoides jarvisi             ,
  99    0.0258   Eatonicysta ursulae                     ,
 175    0.0405   Reticulophragmium intermedia            ,
  54    0.0519   Spiroplectammina navarroana             ,
 205    0.1233   NS Log E                                ,
 279    0.3558   Recurvoidella lamella                   ,
  50    0.3136   Subbotina patagonica                    ,
 108    0.0897   Deflandrea oebisfeldensis               ,
 277    0.2236   Tuff                                    ,
  22    0.0214   Coscinodiscus spp.                      ,
 136    0.0666   Cystammina pauciloculata                ,
 204    0.3988   NS Log D                                ,
 203    0.1040   NS Log C                                ,
 110    0.0313   Cystammina aff.globigerinaeformis       ,
  28    0.2785   Apectodinium augustum                   ,
  78    0.2277   Trochamminoides coronatus               ,
  76    0.0506   Reticulophragmium paupera               ,
 105    0.1001   Rzehakina minima                        ,
  57    0.0096   Spiroplectammina spectabilis LCO        ,
 310    0.0123   Saccammina placenta                     ,
 134    0.2004   Hormosina excelsa                       ,
 283    0.1105   Reticulophragmium garcilassoi           ,
 129    0.0213   Trochammina ruthven murrayi             ,
 251    0.2394   Ammodiscus planus                       ,
 118    0.6798   Palaeoperidinium pyrophorum             ,
 107    0.0000   Matanzia varians                        ,
 202    0.1352   NS Log B                                ,
  61    0.1059   Subbotina pseudobulloides               ,
  55    0.0856   Gavelinella beccariiformis              ,
  60    0.0931   Planorotalites compressus               ,
 253   Subbotina triloculinoides               
***
        117
        0.71395063      -0.02745964
 240    0.1694   Elphidium clavatum                      ,
  77    0.0777   Elphidium spp.                          ,
 228    0.2280   Cassidulina teretis                     ,
  31    0.1175   Cibicidoides scaldisensis               ,
 338    0.0511   Bulimina marginata                      ,
   1    0.3473   Neogloboquadrina pachyderma             ,
 171    0.0464   Buccella frigida                        ,
 270    0.1338   Cibicidoides grossa                     ,
 328    0.3694   Ammonia beccarii                        ,
 316    0.2755   Trifarina fluens                        ,
 318    0.0425 **Monspeliensis pseudotepida              ,
   4    0.0481   Globorotalia inflata                    ,
 181    0.0383   Cibicidoides dutemplei                  ,
 159    0.1371   Cibicidoides grossa LCO                 ,
  23    0.2030   Sigmoilopsis schlumbergeri              ,
 330    0.3153   Cibicidoides pachyderma                 ,
 269    0.0444   Neogloboquadrina atlantica              ,
 266    0.5652   Globorotalia puncticulata               ,
 323    0.0262 **Bolboforma spiralis                     ,
 301    0.0290 **Bolboforma metzmacheri                  ,
   6    0.2731   Neogloboquadrina acostaensis            ,
  81    0.2892   Globoquadrina venezuelana               ,
 130    0.0390 **Siphonina advena                        ,
 361    0.0343   Sumatradinium spp.                      ,
  91    0.0797   Radiolarians/diatoms flood              ,
 362    0.0518   Cannosphaeropsis utinensis              ,
 207    0.0212   NS Log G                                ,
 219    0.0179   Martinotiella cylindrica                ,
 334    0.1365   Ehrenbergina variabilis                 ,
 123    0.0314   Globigerinoides trilobus                ,
 282    0.0555   Uvigerina ex.gr. semiornata             ,
 125    0.0241   Neogloboquadrina continuosa             ,
 236    0.0134   G. ex.gr. praescitula zealandica        ,
  15    0.0054   Globigerina praebulloides               ,
 285    0.1448   Caucasina elongata                      ,
 233    0.0014   Catapsydrax unicavus                    ,
  17    0.1661   Asterigerina gurichi                    ,
 348    0.0268 **Sphaeroidinella disjuncta               ,
 412    0.6865   Flat rads + sponge spicules             ,
 368    0.1028 **Chiropteridium mespilanum               ,
   3    0.2143   Deflandrea phosphoritica                ,
 138    0.1017   Tenuitella angustiumbilicata            ,
  20    0.0270   Gyroidina girardana                     ,
  25    0.1957   Coarse agglutinated spp.                ,
 369    0.0089 **Rhombodinium draco                      ,
 371    0.1850 **Areosphaeridium arcuatum                ,
  97    0.0644   Cyclammina placenta                     ,
   7    0.0828   Areoligera semicirculata                ,
 407    0.0436 **Spiniferites sp. 1 Manum                ,
  41    0.1369   Wetzelliella symmetrica                 ,
  46    0.0775 **Svalbardella cooksoniae                 ,
 182    0.0215   Spirosigmoilinella compressa            ,
  24    0.2255   Turrilina alsatica                      ,
 183    0.0348   Cyclammina rotundidorsata               ,
 302    0.0104   Cenosphaera spp. (spheres)              ,
 140    0.0266   Rotaliatina bulimoides                  ,
 198    0.0003   Glomospirella biedae                    ,
 259    0.0246   Ammodiscus latus                        ,
 289    0.0310   Adercotryma agterbergi                  ,
 324    0.0965   Aschemonella grandis                    ,
 262    0.3057   Karreriella horrida                     ,
 261    0.0484   Haplophragmoides walteri                ,
 321    0.0157   Dorothia seigliei                       ,
 197    0.0795   Reophax elongatus                       ,
  12    0.0046   Areosphaeridium diktyoplokus            ,
  13    0.1324   Heteraulacacysta porosa                 ,
 229    0.0044   Recurvoides ex.gr. walteri              ,
 206    0.4122   NS Log F                                ,
 148    0.2397 **Globigerapsis index                     ,
  29    0.0346   Reticulophragmium amplectens            ,
  32    0.1606   Ammosphaeroidina pseudopauciloculata    ,
  72    0.3337   Rottnestia borussica                    ,
  68    0.1176   Spiroplectammina spectabilis LO         ,
 263    0.0300   Ammomarginulina aubertae                ,
  92    0.1142   Diphyes ficusoides                      ,
 260    0.2650   Haplophragmoides kirki                  ,
 117    0.1454   Cenosphaera spp. LCO                    ,
 264    0.0371   Karreriella conversa                    ,
 291    0.0193   Reticulophragmoides jarvisi             ,
  99    0.0258   Eatonicysta ursulae                     ,
 175    0.0405   Reticulophragmium intermedia            ,
  37    0.0084 **Acarinina pentacamerata                 ,
  54    0.0519   Spiroplectammina navarroana             ,
 205    0.1233   NS Log E                                ,
 279    0.3558   Recurvoidella lamella                   ,
  14    0.0267 **Eatonicysta ursulae LCO                 ,
  50    0.3136   Subbotina patagonica                    ,
 108    0.0897   Deflandrea oebisfeldensis               ,
  47    0.0198 **Planorotalites planoconicus             ,
 277    0.2236   Tuff                                    ,
  21    0.1527 **Deflandrea oebisfeldensis LCO           ,
  22    0.0214   Coscinodiscus spp.                      ,
 136    0.0666   Cystammina pauciloculata                ,
 204    0.3988   NS Log D                                ,
 203    0.1040   NS Log C                                ,
 110    0.0313   Cystammina aff.globigerinaeformis       ,
  28    0.2785   Apectodinium augustum                   ,
 343    0.0373 **Cenosphaera sp. (disc or flat)          ,
  78    0.2277   Trochamminoides coronatus               ,
  76    0.0506   Reticulophragmium paupera               ,
 105    0.1001   Rzehakina minima                        ,
 114    0.0966 **Alisocysta margarita                    ,
  57    0.0096   Spiroplectammina spectabilis LCO        ,
 310    0.0123   Saccammina placenta                     ,
 134    0.2004   Hormosina excelsa                       ,
 283    0.1105   Reticulophragmium garcilassoi           ,
 129    0.0213   Trochammina ruthven murrayi             ,
 251    0.2394   Ammodiscus planus                       ,
 106    0.0954 **Trochammina cf. subvesicularis          ,
 118    0.6798   Palaeoperidinium pyrophorum             ,
 107    0.0000   Matanzia varians                        ,
 202    0.1352   NS Log B                                ,
  61    0.1059   Subbotina pseudobulloides               ,
 158    0.0276 **Spongodinium delitiense                 ,
  55    0.0856   Gavelinella beccariiformis              ,
  60    0.0931   Planorotalites compressus               ,
 253   Subbotina triloculinoides               
