                27cenh.out                                          2012/04/28

 EXTRA OUTPUT FILE.  POSSIBLE PLOTTING PROGRAM INPUT

        98
        1      240       0   2   Elphidium clavatum                      
        2       77       1   3   Elphidium spp.                          
        3      228       2   4   Cassidulina teretis                     
        4      338       3   5   Bulimina marginata                      
        5        1       4   6   Neogloboquadrina pachyderma             
        6       31       5   7   Cibicidoides scaldisensis               
        7      171       6   8   Buccella frigida                        
        8      270       7   9   Cibicidoides grossa                     
        9      328       8  10   Ammonia beccarii                        
       10      181       9  11   Cibicidoides dutemplei                  
       11      316      10  12   Trifarina fluens                        
       12        4      11  14   Globorotalia inflata                    
       13      159      10  14   Cibicidoides grossa LCO                 
       14       23      13  15   Sigmoilopsis schlumbergeri              
       15      266      14  16   Globorotalia puncticulata               
       16      269      15  17   Neogloboquadrina atlantica              
       17        6      16  18   Neogloboquadrina acostaensis            
       18      330      17  20   Cibicidoides pachyderma                 
       19      207      17  20   NS Log G                                
       20       81      19  21   Globoquadrina venezuelana               
       21       91      20  22   Radiolarians/diatoms flood              
       22      361      21  23   Sumatradinium spp.                      
       23       15      22  24   Globigerina praebulloides               
       24      334      23  25   Ehrenbergina variabilis                 
       25      219      24  26   Martinotiella cylindrica                
       26      285      25  28   Caucasina elongata                      
       27      123      21  29   Globigerinoides trilobus                
       28      282      26  30   Uvigerina ex.gr. semiornata             
       29      236      27  32   G. ex.gr. praescitula zealandica        
       30      125      28  31   Neogloboquadrina continuosa             
       31      362      30  32   Cannosphaeropsis utinensis              
       32       17      31  33   Asterigerina gurichi                    
       33      233      32  35   Catapsydrax unicavus                    
       34      138      32  36   Tenuitella angustiumbilicata            
       35      412      33  36   Flat rads + sponge spicules             
       36        3      35  37   Deflandrea phosphoritica                
       37        7      36  38   Areoligera semicirculata                
       38       41      37  39   Wetzelliella symmetrica                 
       39       20      38  40   Gyroidina girardana                     
       40       25      39  41   Coarse agglutinated spp.                
       41       97      40  42   Cyclammina placenta                     
       42      182      41  43   Spirosigmoilinella compressa            
       43       24      42  45   Turrilina alsatica                      
       44      183      42  45   Cyclammina rotundidorsata               
       45      140      44  46   Rotaliatina bulimoides                  
       46      302      45  47   Cenosphaera spp. (spheres)              
       47      262      46  48   Karreriella horrida                     
       48      259      47  49   Ammodiscus latus                        
       49      289      48  50   Adercotryma agterbergi                  
       50      198      49  51   Glomospirella biedae                    
       51      324      50  52   Aschemonella grandis                    
       52      197      51  53   Reophax elongatus                       
       53      261      52  54   Haplophragmoides walteri                
       54      321      53  55   Dorothia seigliei                       
       55      206      54  56   NS Log F                                
       56       29      55  57   Reticulophragmium amplectens            
       57       32      56  58   Ammosphaeroidina pseudopauciloculata    
       58       12      57  59   Areosphaeridium diktyoplokus            
       59       13      58  60   Heteraulacacysta porosa                 
       60      229      59  62   Recurvoides ex.gr. walteri              
       61       72      59  63   Rottnestia borussica                    
       62      263      60  63   Ammomarginulina aubertae                
       63       92      62  64   Diphyes ficusoides                      
       64      260      63  65   Haplophragmoides kirki                  
       65       68      64  66   Spiroplectammina spectabilis LO         
       66      264      65  67   Karreriella conversa                    
       67      117      66  68   Cenosphaera spp. LCO                    
       68      175      67  69   Reticulophragmium intermedia            
       69       99      68  70   Eatonicysta ursulae                     
       70      291      69  71   Reticulophragmoides jarvisi             
       71      205      70  72   NS Log E                                
       72       54      71  73   Spiroplectammina navarroana             
       73      279      72  74   Recurvoidella lamella                   
       74       50      73  75   Subbotina patagonica                    
       75      277      74  77   Tuff                                    
       76      108      74  77   Deflandrea oebisfeldensis               
       77       22      76  78   Coscinodiscus spp.                      
       78      136      77  79   Cystammina pauciloculata                
       79       28      78  80   Apectodinium augustum                   
       80       78      79  81   Trochamminoides coronatus               
       81      204      80  82   NS Log D                                
       82      203      81  83   NS Log C                                
       83      110      82  84   Cystammina aff.globigerinaeformis       
       84      105      83  86   Rzehakina minima                        
       85       76      82  86   Reticulophragmium paupera               
       86       57      85  87   Spiroplectammina spectabilis LCO        
       87      310      86  89   Saccammina placenta                     
       88      283      86  89   Reticulophragmium garcilassoi           
       89      134      88  91   Hormosina excelsa                       
       90      129      87  91   Trochammina ruthven murrayi             
       91      118      90  92   Palaeoperidinium pyrophorum             
       92      251      91  93   Ammodiscus planus                       
       93       61      92  94   Subbotina pseudobulloides               
       94      107      93  95   Matanzia varians                        
       95      202      94  96   NS Log B                                
       96       55      95  97   Gavelinella beccariiformis              
       97       60      96  98   Planorotalites compressus               
       98      253      97  99   Subbotina triloculinoides               
***
         98
        0.64490801      -0.02480415
 240    0.1694   Elphidium clavatum                      ,
  77    0.0777   Elphidium spp.                          ,
 228    0.2801   Cassidulina teretis                     ,
  31    0.0974   Cibicidoides scaldisensis               ,
 338    0.0511   Bulimina marginata                      ,
   1    0.3376   Neogloboquadrina pachyderma             ,
 171    0.0464   Buccella frigida                        ,
 270    0.1338   Cibicidoides grossa                     ,
 328    0.3178   Ammonia beccarii                        ,
 316    0.2755   Trifarina fluens                        ,
   4    0.0567   Globorotalia inflata                    ,
 159    0.0304   Cibicidoides grossa LCO                 ,
 181    0.1067   Cibicidoides dutemplei                  ,
  23    0.6201   Sigmoilopsis schlumbergeri              ,
 330    0.0799   Cibicidoides pachyderma                 ,
 269    0.0415   Neogloboquadrina atlantica              ,
 266    0.3359   Globorotalia puncticulata               ,
   6    0.0916   Neogloboquadrina acostaensis            ,
  81    0.2285   Globoquadrina venezuelana               ,
 207    0.0357   NS Log G                                ,
 361    0.0594   Sumatradinium spp.                      ,
  91    0.1365   Radiolarians/diatoms flood              ,
 362    0.0272   Cannosphaeropsis utinensis              ,
  15    0.0052   Globigerina praebulloides               ,
 219    0.0179   Martinotiella cylindrica                ,
 334    0.1661   Ehrenbergina variabilis                 ,
 282    0.0031   Uvigerina ex.gr. semiornata             ,
 123    0.0711   Globigerinoides trilobus                ,
 285    0.0032   Caucasina elongata                      ,
 412    0.0070   Flat rads + sponge spicules             ,
 125    0.0241   Neogloboquadrina continuosa             ,
 236    0.1322   G. ex.gr. praescitula zealandica        ,
 233    0.0014   Catapsydrax unicavus                    ,
  17    0.2991   Asterigerina gurichi                    ,
 138    0.2227   Tenuitella angustiumbilicata            ,
   3    0.4413   Deflandrea phosphoritica                ,
  20    0.0270   Gyroidina girardana                     ,
  25    0.0855   Coarse agglutinated spp.                ,
   7    0.0828   Areoligera semicirculata                ,
  41    0.0274   Wetzelliella symmetrica                 ,
  97    0.2435   Cyclammina placenta                     ,
 182    0.0183   Spirosigmoilinella compressa            ,
  24    0.2272   Turrilina alsatica                      ,
 183    0.0336   Cyclammina rotundidorsata               ,
 302    0.0104   Cenosphaera spp. (spheres)              ,
 140    0.1385   Rotaliatina bulimoides                  ,
 324    0.0483   Aschemonella grandis                    ,
 262    0.0832   Karreriella horrida                     ,
 289    0.0017   Adercotryma agterbergi                  ,
 259    0.1237   Ammodiscus latus                        ,
 198    0.2606   Glomospirella biedae                    ,
 261    0.0519   Haplophragmoides walteri                ,
 321    0.0122   Dorothia seigliei                       ,
 197    0.0861   Reophax elongatus                       ,
 206    0.1527   NS Log F                                ,
  13    0.0066   Heteraulacacysta porosa                 ,
  12    0.2314   Areosphaeridium diktyoplokus            ,
 229    0.0214   Recurvoides ex.gr. walteri              ,
  29    0.0346   Reticulophragmium amplectens            ,
  32    0.1804   Ammosphaeroidina pseudopauciloculata    ,
  72    0.3274   Rottnestia borussica                    ,
  68    0.0304   Spiroplectammina spectabilis LO         ,
 263    0.0300   Ammomarginulina aubertae                ,
  92    0.1142   Diphyes ficusoides                      ,
 260    0.1712   Haplophragmoides kirki                  ,
 117    0.1454   Cenosphaera spp. LCO                    ,
 264    0.3311   Karreriella conversa                    ,
 291    0.0153   Reticulophragmoides jarvisi             ,
  99    0.0426   Eatonicysta ursulae                     ,
 175    0.0766   Reticulophragmium intermedia            ,
 205    0.0681   NS Log E                                ,
  54    0.1168   Spiroplectammina navarroana             ,
 279    0.3558   Recurvoidella lamella                   ,
  50    0.2318   Subbotina patagonica                    ,
 108    0.0897   Deflandrea oebisfeldensis               ,
 277    0.2072   Tuff                                    ,
  22    0.0165   Coscinodiscus spp.                      ,
 136    0.1107   Cystammina pauciloculata                ,
 204    0.1272   NS Log D                                ,
  28    0.2716   Apectodinium augustum                   ,
 203    0.0069   NS Log C                                ,
  78    0.0972   Trochamminoides coronatus               ,
 110    0.2548   Cystammina aff.globigerinaeformis       ,
  76    0.0506   Reticulophragmium paupera               ,
 105    0.0718   Rzehakina minima                        ,
  57    0.0096   Spiroplectammina spectabilis LCO        ,
 310    0.1248   Saccammina placenta                     ,
 134    0.2004   Hormosina excelsa                       ,
 283    0.0682   Reticulophragmium garcilassoi           ,
 129    0.1785   Trochammina ruthven murrayi             ,
 251    0.2394   Ammodiscus planus                       ,
 118    0.3717   Palaeoperidinium pyrophorum             ,
 107    0.0000   Matanzia varians                        ,
 202    0.0151   NS Log B                                ,
  61    0.2753   Subbotina pseudobulloides               ,
  55    0.0856   Gavelinella beccariiformis              ,
  60    0.0931   Planorotalites compressus               ,
 253   Subbotina triloculinoides               
***
         98
        0.70702177      -0.02719315
 240    0.1694   Elphidium clavatum                      ,
  77    0.0777   Elphidium spp.                          ,
 228    0.2280   Cassidulina teretis                     ,
  31    0.1175   Cibicidoides scaldisensis               ,
 338    0.0511   Bulimina marginata                      ,
   1    0.3473   Neogloboquadrina pachyderma             ,
 171    0.0464   Buccella frigida                        ,
 270    0.1338   Cibicidoides grossa                     ,
 328    0.3694   Ammonia beccarii                        ,
 316    0.2755   Trifarina fluens                        ,
   4    0.0481   Globorotalia inflata                    ,
 181    0.0383   Cibicidoides dutemplei                  ,
 159    0.1371   Cibicidoides grossa LCO                 ,
  23    0.2030   Sigmoilopsis schlumbergeri              ,
 330    0.3153   Cibicidoides pachyderma                 ,
 269    0.0444   Neogloboquadrina atlantica              ,
 266    0.5652   Globorotalia puncticulata               ,
   6    0.2731   Neogloboquadrina acostaensis            ,
  81    0.3479   Globoquadrina venezuelana               ,
 361    0.0398   Sumatradinium spp.                      ,
  91    0.2528   Radiolarians/diatoms flood              ,
 207    0.0039   NS Log G                                ,
 219    0.0179   Martinotiella cylindrica                ,
 334    0.1388   Ehrenbergina variabilis                 ,
 362    0.2588   Cannosphaeropsis utinensis              ,
 282    0.0029   Uvigerina ex.gr. semiornata             ,
 123    0.0711   Globigerinoides trilobus                ,
 285    0.0136   Caucasina elongata                      ,
 236    0.0134   G. ex.gr. praescitula zealandica        ,
  15    0.0500   Globigerina praebulloides               ,
 125    0.0598   Neogloboquadrina continuosa             ,
  17    0.0032   Asterigerina gurichi                    ,
 233    0.1564   Catapsydrax unicavus                    ,
 412    0.1821   Flat rads + sponge spicules             ,
   3    0.2143   Deflandrea phosphoritica                ,
 138    0.1017   Tenuitella angustiumbilicata            ,
  20    0.0270   Gyroidina girardana                     ,
  25    0.1957   Coarse agglutinated spp.                ,
  97    0.0644   Cyclammina placenta                     ,
   7    0.0828   Areoligera semicirculata                ,
  41    0.1369   Wetzelliella symmetrica                 ,
 182    0.0215   Spirosigmoilinella compressa            ,
  24    0.3532   Turrilina alsatica                      ,
 324    0.1333   Aschemonella grandis                    ,
 302    0.1034   Cenosphaera spp. (spheres)              ,
 183    0.1194   Cyclammina rotundidorsata               ,
 262    0.0404   Karreriella horrida                     ,
 140    0.0299   Rotaliatina bulimoides                  ,
 289    0.0624   Adercotryma agterbergi                  ,
 198    0.0003   Glomospirella biedae                    ,
 259    0.3705   Ammodiscus latus                        ,
 261    0.0484   Haplophragmoides walteri                ,
 321    0.0157   Dorothia seigliei                       ,
 197    0.0795   Reophax elongatus                       ,
  12    0.0046   Areosphaeridium diktyoplokus            ,
  13    0.1324   Heteraulacacysta porosa                 ,
 229    0.0044   Recurvoides ex.gr. walteri              ,
 206    0.4122   NS Log F                                ,
  29    0.0346   Reticulophragmium amplectens            ,
  32    0.1606   Ammosphaeroidina pseudopauciloculata    ,
  72    0.3337   Rottnestia borussica                    ,
  68    0.1176   Spiroplectammina spectabilis LO         ,
 263    0.0300   Ammomarginulina aubertae                ,
  92    0.1142   Diphyes ficusoides                      ,
 260    0.2650   Haplophragmoides kirki                  ,
 117    0.1454   Cenosphaera spp. LCO                    ,
 264    0.0371   Karreriella conversa                    ,
 291    0.0193   Reticulophragmoides jarvisi             ,
  99    0.0258   Eatonicysta ursulae                     ,
 175    0.0405   Reticulophragmium intermedia            ,
  54    0.0519   Spiroplectammina navarroana             ,
 205    0.1233   NS Log E                                ,
 279    0.3558   Recurvoidella lamella                   ,
  50    0.3136   Subbotina patagonica                    ,
 108    0.0897   Deflandrea oebisfeldensis               ,
 277    0.2236   Tuff                                    ,
  22    0.0214   Coscinodiscus spp.                      ,
 136    0.2379   Cystammina pauciloculata                ,
  28    0.0411   Apectodinium augustum                   ,
 204    0.3988   NS Log D                                ,
 203    0.1040   NS Log C                                ,
 110    0.0787   Cystammina aff.globigerinaeformis       ,
  78    0.2277   Trochamminoides coronatus               ,
  76    0.0506   Reticulophragmium paupera               ,
 105    0.1001   Rzehakina minima                        ,
  57    0.0096   Spiroplectammina spectabilis LCO        ,
 310    0.0123   Saccammina placenta                     ,
 134    0.2004   Hormosina excelsa                       ,
 283    0.1105   Reticulophragmium garcilassoi           ,
 129    0.0213   Trochammina ruthven murrayi             ,
 251    0.2394   Ammodiscus planus                       ,
 118    0.6798   Palaeoperidinium pyrophorum             ,
 107    0.0000   Matanzia varians                        ,
 202    0.1352   NS Log B                                ,
  61    0.1059   Subbotina pseudobulloides               ,
  55    0.0856   Gavelinella beccariiformis              ,
  60    0.0931   Planorotalites compressus               ,
 253   Subbotina triloculinoides               
***
        117
        0.70702177      -0.02719315
 240    0.1694   Elphidium clavatum                      ,
  77    0.0777   Elphidium spp.                          ,
 228    0.2280   Cassidulina teretis                     ,
  31    0.1175   Cibicidoides scaldisensis               ,
 338    0.0511   Bulimina marginata                      ,
   1    0.3473   Neogloboquadrina pachyderma             ,
 171    0.0464   Buccella frigida                        ,
 270    0.1338   Cibicidoides grossa                     ,
 328    0.3694   Ammonia beccarii                        ,
 316    0.2755   Trifarina fluens                        ,
 318    0.0425 **Monspeliensis pseudotepida              ,
   4    0.0481   Globorotalia inflata                    ,
 181    0.0383   Cibicidoides dutemplei                  ,
 159    0.1371   Cibicidoides grossa LCO                 ,
  23    0.2030   Sigmoilopsis schlumbergeri              ,
 330    0.3153   Cibicidoides pachyderma                 ,
 269    0.0444   Neogloboquadrina atlantica              ,
 266    0.5652   Globorotalia puncticulata               ,
   6    0.2731   Neogloboquadrina acostaensis            ,
 301    0.0189 **Bolboforma metzmacheri                  ,
 323    0.1423 **Bolboforma spiralis                     ,
  81    0.3479   Globoquadrina venezuelana               ,
 361    0.0398   Sumatradinium spp.                      ,
  91    0.2528   Radiolarians/diatoms flood              ,
 130    0.2466 **Siphonina advena                        ,
 207    0.0039   NS Log G                                ,
 219    0.0179   Martinotiella cylindrica                ,
 334    0.1388   Ehrenbergina variabilis                 ,
 362    0.2588   Cannosphaeropsis utinensis              ,
 282    0.0029   Uvigerina ex.gr. semiornata             ,
 123    0.0711   Globigerinoides trilobus                ,
 285    0.0136   Caucasina elongata                      ,
 236    0.0134   G. ex.gr. praescitula zealandica        ,
 348    0.0036 **Sphaeroidinella disjuncta               ,
  15    0.0500   Globigerina praebulloides               ,
 125    0.0598   Neogloboquadrina continuosa             ,
  17    0.0032   Asterigerina gurichi                    ,
 233    0.1564   Catapsydrax unicavus                    ,
 412    0.1821   Flat rads + sponge spicules             ,
   3    0.2143   Deflandrea phosphoritica                ,
 368    0.1487 **Chiropteridium mespilanum               ,
 138    0.1017   Tenuitella angustiumbilicata            ,
  20    0.0270   Gyroidina girardana                     ,
  25    0.1957   Coarse agglutinated spp.                ,
 369    0.0438 **Rhombodinium draco                      ,
 371    0.0540 **Areosphaeridium arcuatum                ,
  97    0.0644   Cyclammina placenta                     ,
   7    0.0828   Areoligera semicirculata                ,
  41    0.1369   Wetzelliella symmetrica                 ,
 182    0.0215   Spirosigmoilinella compressa            ,
 407    0.0211 **Spiniferites sp. 1 Manum                ,
  24    0.3532   Turrilina alsatica                      ,
  46    0.3313 **Svalbardella cooksoniae                 ,
 324    0.1333   Aschemonella grandis                    ,
 302    0.1034   Cenosphaera spp. (spheres)              ,
 183    0.1194   Cyclammina rotundidorsata               ,
 262    0.0404   Karreriella horrida                     ,
 140    0.0299   Rotaliatina bulimoides                  ,
 289    0.0624   Adercotryma agterbergi                  ,
 198    0.0003   Glomospirella biedae                    ,
 259    0.3705   Ammodiscus latus                        ,
 261    0.0484   Haplophragmoides walteri                ,
 321    0.0157   Dorothia seigliei                       ,
 197    0.0795   Reophax elongatus                       ,
  12    0.0046   Areosphaeridium diktyoplokus            ,
  13    0.1324   Heteraulacacysta porosa                 ,
 229    0.0044   Recurvoides ex.gr. walteri              ,
 206    0.4122   NS Log F                                ,
 148    0.3410 **Globigerapsis index                     ,
  29    0.0346   Reticulophragmium amplectens            ,
  32    0.1606   Ammosphaeroidina pseudopauciloculata    ,
  72    0.3337   Rottnestia borussica                    ,
  68    0.1176   Spiroplectammina spectabilis LO         ,
 263    0.0300   Ammomarginulina aubertae                ,
  92    0.1142   Diphyes ficusoides                      ,
 260    0.2650   Haplophragmoides kirki                  ,
 117    0.1454   Cenosphaera spp. LCO                    ,
 264    0.0371   Karreriella conversa                    ,
  37    0.0248 **Acarinina pentacamerata                 ,
 291    0.0193   Reticulophragmoides jarvisi             ,
  99    0.0258   Eatonicysta ursulae                     ,
 175    0.0405   Reticulophragmium intermedia            ,
  54    0.0519   Spiroplectammina navarroana             ,
 205    0.1233   NS Log E                                ,
 279    0.3558   Recurvoidella lamella                   ,
  14    0.0161 **Eatonicysta ursulae LCO                 ,
  50    0.3136   Subbotina patagonica                    ,
 108    0.0897   Deflandrea oebisfeldensis               ,
  47    0.0752 **Planorotalites planoconicus             ,
 277    0.2236   Tuff                                    ,
  21    0.1608 **Deflandrea oebisfeldensis LCO           ,
  22    0.0214   Coscinodiscus spp.                      ,
 136    0.2379   Cystammina pauciloculata                ,
  28    0.0411   Apectodinium augustum                   ,
 204    0.3988   NS Log D                                ,
 203    0.1040   NS Log C                                ,
 343    0.0074 **Cenosphaera sp. (disc or flat)          ,
 110    0.0787   Cystammina aff.globigerinaeformis       ,
  78    0.2277   Trochamminoides coronatus               ,
  76    0.0506   Reticulophragmium paupera               ,
 114    0.0009 **Alisocysta margarita                    ,
 105    0.1001   Rzehakina minima                        ,
  57    0.0096   Spiroplectammina spectabilis LCO        ,
 310    0.0123   Saccammina placenta                     ,
 134    0.2004   Hormosina excelsa                       ,
 283    0.1105   Reticulophragmium garcilassoi           ,
 129    0.0213   Trochammina ruthven murrayi             ,
 251    0.2394   Ammodiscus planus                       ,
 106    0.0827 **Trochammina cf. subvesicularis          ,
 118    0.6798   Palaeoperidinium pyrophorum             ,
 107    0.0000   Matanzia varians                        ,
 202    0.1352   NS Log B                                ,
  61    0.1059   Subbotina pseudobulloides               ,
 158    0.0276 **Spongodinium delitiense                 ,
  55    0.0856   Gavelinella beccariiformis              ,
  60    0.0931   Planorotalites compressus               ,
 253   Subbotina triloculinoides               
